[2J[3J[H2:45:03 PM - Starting compilation in watch mode...


2:45:07 PM - Found 0 errors. Watching for file changes.
[2J[3J[H2:47:06 PM - File change detected. Starting incremental compilation...

src/scripts/home2.ts(204,17): error TS2304: Cannot find name 'emailver'.

2:47:07 PM - Found 1 error. Watching for file changes.
[2J[3J[H2:47:20 PM - File change detected. Starting incremental compilation...

src/scripts/home2.ts(204,17): error TS2304: Cannot find name 'emailver'.
src/scripts/home2.ts(220,17): error TS2304: Cannot find name 'emailver'.

2:47:21 PM - Found 2 errors. Watching for file changes.
[2J[3J[H2:47:22 PM - File change detected. Starting incremental compilation...

src/scripts/home2.ts(204,17): error TS2304: Cannot find name 'emailver'.
src/scripts/home2.ts(221,17): error TS2304: Cannot find name 'emailver'.

2:47:23 PM - Found 2 errors. Watching for file changes.
[2J[3J[H2:47:52 PM - File change detected. Starting incremental compilation...


2:47:52 PM - Found 0 errors. Watching for file changes.
[2J[3J[H2:48:01 PM - File change detected. Starting incremental compilation...


2:48:01 PM - Found 0 errors. Watching for file changes.
[2J[3J[H2:52:28 PM - File change detected. Starting incremental compilation...

src/scripts/profil.ts(10,6): error TS1123: Variable declaration list cannot be empty.

2:52:28 PM - Found 1 error. Watching for file changes.
[2J[3J[H2:52:31 PM - File change detected. Starting incremental compilation...

src/scripts/profil.ts(10,7): error TS1155: 'const' declarations must be initialized.
src/scripts/profil.ts(10,7): error TS7005: Variable 'paly' implicitly has an 'any' type.

2:52:31 PM - Found 2 errors. Watching for file changes.
[2J[3J[H2:52:35 PM - File change detected. Starting incremental compilation...

src/scripts/profil.ts(10,7): error TS1155: 'const' declarations must be initialized.
src/scripts/profil.ts(10,7): error TS7005: Variable 'palySolo' implicitly has an 'any' type.

2:52:35 PM - Found 2 errors. Watching for file changes.
[2J[3J[H2:52:36 PM - File change detected. Starting incremental compilation...

src/scripts/profil.ts(11,1): error TS1109: Expression expected.

2:52:36 PM - Found 1 error. Watching for file changes.
[2J[3J[H2:52:38 PM - File change detected. Starting incremental compilation...

src/scripts/profil.ts(12,1): error TS1109: Expression expected.

2:52:38 PM - Found 1 error. Watching for file changes.
[2J[3J[H2:52:42 PM - File change detected. Starting incremental compilation...


2:52:42 PM - Found 0 errors. Watching for file changes.
[2J[3J[H2:52:43 PM - File change detected. Starting incremental compilation...


2:52:43 PM - Found 0 errors. Watching for file changes.
[2J[3J[H2:52:47 PM - File change detected. Starting incremental compilation...


2:52:47 PM - Found 0 errors. Watching for file changes.
[2J[3J[H2:52:48 PM - File change detected. Starting incremental compilation...

src/scripts/profil.ts(29,1): error TS1109: Expression expected.

2:52:48 PM - Found 1 error. Watching for file changes.
[2J[3J[H2:52:52 PM - File change detected. Starting incremental compilation...

src/scripts/profil.ts(28,19): error TS1109: Expression expected.
src/scripts/profil.ts(29,1): error TS1109: Expression expected.

2:52:52 PM - Found 2 errors. Watching for file changes.
[2J[3J[H2:52:56 PM - File change detected. Starting incremental compilation...

src/scripts/profil.ts(28,28): error TS2339: Property 'get' does not exist on type 'Document'.

2:52:56 PM - Found 1 error. Watching for file changes.
[2J[3J[H2:52:57 PM - File change detected. Starting incremental compilation...


2:52:57 PM - Found 0 errors. Watching for file changes.
[2J[3J[H2:52:58 PM - File change detected. Starting incremental compilation...

src/scripts/profil.ts(28,28): error TS2554: Expected 1 arguments, but got 0.

2:52:58 PM - Found 1 error. Watching for file changes.
[2J[3J[H2:53:03 PM - File change detected. Starting incremental compilation...


2:53:03 PM - Found 0 errors. Watching for file changes.
[2J[3J[H2:53:04 PM - File change detected. Starting incremental compilation...


2:53:04 PM - Found 0 errors. Watching for file changes.
[2J[3J[H2:53:07 PM - File change detected. Starting incremental compilation...


2:53:07 PM - Found 0 errors. Watching for file changes.
[2J[3J[H2:53:10 PM - File change detected. Starting incremental compilation...

src/scripts/profil.ts(28,51): error TS1005: ',' expected.
src/scripts/profil.ts(28,53): error TS1002: Unterminated string literal.
src/scripts/profil.ts(29,1): error TS1005: ',' expected.

2:53:10 PM - Found 3 errors. Watching for file changes.
[2J[3J[H2:53:11 PM - File change detected. Starting incremental compilation...


2:53:11 PM - Found 0 errors. Watching for file changes.
[2J[3J[H2:53:18 PM - File change detected. Starting incremental compilation...

src/scripts/profil.ts(28,58): error TS2304: Cannot find name 'HTML'.

2:53:18 PM - Found 1 error. Watching for file changes.
[2J[3J[H2:53:19 PM - File change detected. Starting incremental compilation...

src/scripts/profil.ts(28,58): error TS2304: Cannot find name 'HTMLB'.

2:53:20 PM - Found 1 error. Watching for file changes.
[2J[3J[H2:53:25 PM - File change detected. Starting incremental compilation...


2:53:25 PM - Found 0 errors. Watching for file changes.
[2J[3J[H2:53:26 PM - File change detected. Starting incremental compilation...


2:53:27 PM - Found 0 errors. Watching for file changes.
[2J[3J[H2:53:39 PM - File change detected. Starting incremental compilation...

src/scripts/profil.ts(30,11): error TS2554: Expected 2-3 arguments, but got 1.

2:53:39 PM - Found 1 error. Watching for file changes.
[2J[3J[H2:53:43 PM - File change detected. Starting incremental compilation...

src/scripts/profil.ts(30,43): error TS1109: Expression expected.

2:53:43 PM - Found 1 error. Watching for file changes.
[2J[3J[H2:53:49 PM - File change detected. Starting incremental compilation...


2:53:49 PM - Found 0 errors. Watching for file changes.
[2J[3J[H2:53:51 PM - File change detected. Starting incremental compilation...


2:53:51 PM - Found 0 errors. Watching for file changes.
[2J[3J[H2:53:52 PM - File change detected. Starting incremental compilation...


2:53:52 PM - Found 0 errors. Watching for file changes.
[2J[3J[H2:53:54 PM - File change detected. Starting incremental compilation...

src/scripts/profil.ts(31,3): error TS2304: Cannot find name 're'.

2:53:54 PM - Found 1 error. Watching for file changes.
[2J[3J[H2:53:55 PM - File change detected. Starting incremental compilation...


2:53:55 PM - Found 0 errors. Watching for file changes.
[2J[3J[H2:54:09 PM - File change detected. Starting incremental compilation...

src/scripts/profil.ts(31,4): error TS1109: Expression expected.

2:54:09 PM - Found 1 error. Watching for file changes.
[2J[3J[H2:54:13 PM - File change detected. Starting incremental compilation...

src/scripts/profil.ts(31,3): error TS2554: Expected 1 arguments, but got 0.

2:54:13 PM - Found 1 error. Watching for file changes.
[2J[3J[H2:54:15 PM - File change detected. Starting incremental compilation...


2:54:15 PM - Found 0 errors. Watching for file changes.
[2J[3J[H2:54:21 PM - File change detected. Starting incremental compilation...


2:54:21 PM - Found 0 errors. Watching for file changes.
[2J[3J[H2:54:25 PM - File change detected. Starting incremental compilation...


2:54:26 PM - Found 0 errors. Watching for file changes.
[2J[3J[H2:54:29 PM - File change detected. Starting incremental compilation...


2:54:29 PM - Found 0 errors. Watching for file changes.
[2J[3J[H2:54:31 PM - File change detected. Starting incremental compilation...


2:54:32 PM - Found 0 errors. Watching for file changes.
[2J[3J[H2:54:33 PM - File change detected. Starting incremental compilation...


2:54:33 PM - Found 0 errors. Watching for file changes.
[2J[3J[H2:55:45 PM - File change detected. Starting incremental compilation...


2:55:45 PM - Found 0 errors. Watching for file changes.
[2J[3J[H2:55:48 PM - File change detected. Starting incremental compilation...

src/scripts/profil.ts(28,2): error TS2304: Cannot find name 'fun'.

2:55:49 PM - Found 1 error. Watching for file changes.
[2J[3J[H2:55:53 PM - File change detected. Starting incremental compilation...

src/scripts/profil.ts(28,2): error TS2304: Cannot find name 'fun'.

2:55:54 PM - Found 1 error. Watching for file changes.
[2J[3J[H2:55:57 PM - File change detected. Starting incremental compilation...


2:55:57 PM - Found 0 errors. Watching for file changes.
[2J[3J[H2:56:07 PM - File change detected. Starting incremental compilation...


2:56:07 PM - Found 0 errors. Watching for file changes.
[2J[3J[H2:56:17 PM - File change detected. Starting incremental compilation...

src/scripts/home2.ts(725,14): error TS2391: Function implementation is missing or not immediately following the declaration.
src/scripts/home2.ts(725,14): error TS7010: 'RedrectPage', which lacks return-type annotation, implicitly has an 'any' return type.

2:56:17 PM - Found 2 errors. Watching for file changes.
[2J[3J[H2:56:18 PM - File change detected. Starting incremental compilation...


2:56:18 PM - Found 0 errors. Watching for file changes.
[2J[3J[H2:56:23 PM - File change detected. Starting incremental compilation...


2:56:23 PM - Found 0 errors. Watching for file changes.
[2J[3J[H2:56:25 PM - File change detected. Starting incremental compilation...


2:56:25 PM - Found 0 errors. Watching for file changes.
[2J[3J[H2:56:33 PM - File change detected. Starting incremental compilation...

src/scripts/home2.ts(727,14): error TS1123: Variable declaration list cannot be empty.

2:56:33 PM - Found 1 error. Watching for file changes.
[2J[3J[H2:56:35 PM - File change detected. Starting incremental compilation...

src/scripts/home2.ts(727,15): error TS1155: 'const' declarations must be initialized.
src/scripts/home2.ts(727,15): error TS7005: Variable 'btn' implicitly has an 'any' type.

2:56:35 PM - Found 2 errors. Watching for file changes.
[2J[3J[H2:56:44 PM - File change detected. Starting incremental compilation...

src/scripts/home2.ts(727,23): error TS1109: Expression expected.
src/scripts/home2.ts(728,5): error TS1109: Expression expected.

2:56:44 PM - Found 2 errors. Watching for file changes.
[2J[3J[H2:56:47 PM - File change detected. Starting incremental compilation...

src/scripts/home2.ts(727,32): error TS2339: Property 'get' does not exist on type 'Document'.

2:56:48 PM - Found 1 error. Watching for file changes.
[2J[3J[H2:56:51 PM - File change detected. Starting incremental compilation...

src/scripts/home2.ts(727,32): error TS2554: Expected 1 arguments, but got 0.

2:56:51 PM - Found 1 error. Watching for file changes.
[2J[3J[H2:57:02 PM - File change detected. Starting incremental compilation...

src/scripts/home2.ts(725,26): error TS2300: Duplicate identifier 'btnID'.
src/scripts/home2.ts(727,15): error TS2300: Duplicate identifier 'btnID'.
src/scripts/home2.ts(727,32): error TS2554: Expected 1 arguments, but got 0.

2:57:02 PM - Found 3 errors. Watching for file changes.
[2J[3J[H2:57:18 PM - File change detected. Starting incremental compilation...

src/scripts/home2.ts(727,32): error TS2554: Expected 1 arguments, but got 0.

2:57:18 PM - Found 1 error. Watching for file changes.
[2J[3J[H2:57:23 PM - File change detected. Starting incremental compilation...


2:57:23 PM - Found 0 errors. Watching for file changes.
[2J[3J[H2:57:27 PM - File change detected. Starting incremental compilation...

src/scripts/home2.ts(727,57): error TS2304: Cannot find name 'HTMLB'.

2:57:27 PM - Found 1 error. Watching for file changes.
[2J[3J[H2:57:29 PM - File change detected. Starting incremental compilation...

src/scripts/home2.ts(727,57): error TS2304: Cannot find name 'HTMLBe'.

2:57:29 PM - Found 1 error. Watching for file changes.
[2J[3J[H2:57:32 PM - File change detected. Starting incremental compilation...


2:57:32 PM - Found 0 errors. Watching for file changes.
[2J[3J[H2:57:33 PM - File change detected. Starting incremental compilation...


2:57:33 PM - Found 0 errors. Watching for file changes.
[2J[3J[H2:57:35 PM - File change detected. Starting incremental compilation...


2:57:36 PM - Found 0 errors. Watching for file changes.
[2J[3J[H2:57:47 PM - File change detected. Starting incremental compilation...

src/scripts/home2.ts(729,15): error TS2339: Property 'add' does not exist on type 'HTMLButtonElement'.

2:57:47 PM - Found 1 error. Watching for file changes.
[2J[3J[H2:57:49 PM - File change detected. Starting incremental compilation...

src/scripts/home2.ts(729,15): error TS2554: Expected 2-3 arguments, but got 0.

2:57:49 PM - Found 1 error. Watching for file changes.
[2J[3J[H2:57:54 PM - File change detected. Starting incremental compilation...

src/scripts/home2.ts(729,15): error TS2554: Expected 2-3 arguments, but got 1.

2:57:55 PM - Found 1 error. Watching for file changes.
[2J[3J[H2:58:00 PM - File change detected. Starting incremental compilation...

src/scripts/home2.ts(729,42): error TS1109: Expression expected.

2:58:01 PM - Found 1 error. Watching for file changes.
[2J[3J[H2:58:04 PM - File change detected. Starting incremental compilation...


2:58:04 PM - Found 0 errors. Watching for file changes.
[2J[3J[H2:58:07 PM - File change detected. Starting incremental compilation...


2:58:07 PM - Found 0 errors. Watching for file changes.
[2J[3J[H2:58:09 PM - File change detected. Starting incremental compilation...


2:58:09 PM - Found 0 errors. Watching for file changes.
[2J[3J[H2:58:13 PM - File change detected. Starting incremental compilation...

src/scripts/home2.ts(730,13): error TS2304: Cannot find name 're'.

2:58:13 PM - Found 1 error. Watching for file changes.
[2J[3J[H2:58:16 PM - File change detected. Starting incremental compilation...


2:58:16 PM - Found 0 errors. Watching for file changes.
[2J[3J[H2:58:28 PM - File change detected. Starting incremental compilation...


2:58:28 PM - Found 0 errors. Watching for file changes.
[2J[3J[H2:58:29 PM - File change detected. Starting incremental compilation...

src/scripts/home2.ts(730,13): error TS2554: Expected 1 arguments, but got 0.

2:58:30 PM - Found 1 error. Watching for file changes.
[2J[3J[H2:58:34 PM - File change detected. Starting incremental compilation...

src/scripts/home2.ts(730,26): error TS2304: Cannot find name 'n'.

2:58:34 PM - Found 1 error. Watching for file changes.
[2J[3J[H2:58:35 PM - File change detected. Starting incremental compilation...

src/scripts/home2.ts(730,26): error TS2304: Cannot find name 'N'.

2:58:35 PM - Found 1 error. Watching for file changes.
[2J[3J[H2:58:39 PM - File change detected. Starting incremental compilation...

src/scripts/home2.ts(730,26): error TS2304: Cannot find name 'NextPage'.

2:58:39 PM - Found 1 error. Watching for file changes.
[2J[3J[H2:58:43 PM - File change detected. Starting incremental compilation...

src/scripts/home2.ts(732,1): error TS1005: ',' expected.
src/scripts/home2.ts(733,1): error TS1005: '}' expected.

2:58:43 PM - Found 2 errors. Watching for file changes.
[2J[3J[H2:58:47 PM - File change detected. Starting incremental compilation...

src/scripts/home2.ts(732,1): error TS1005: ',' expected.
src/scripts/home2.ts(733,1): error TS1005: '}' expected.

2:58:48 PM - Found 2 errors. Watching for file changes.
[2J[3J[H2:58:58 PM - File change detected. Starting incremental compilation...

src/scripts/home2.ts(732,1): error TS1005: ',' expected.
src/scripts/home2.ts(733,1): error TS1005: '}' expected.

2:58:58 PM - Found 2 errors. Watching for file changes.
[2J[3J[H2:59:28 PM - File change detected. Starting incremental compilation...

src/scripts/home2.ts(732,1): error TS1005: ',' expected.
src/scripts/home2.ts(733,1): error TS1005: '}' expected.

2:59:28 PM - Found 2 errors. Watching for file changes.
[2J[3J[H2:59:33 PM - File change detected. Starting incremental compilation...

src/scripts/home2.ts(729,42): error TS1109: Expression expected.
src/scripts/home2.ts(730,5): error TS1109: Expression expected.

2:59:33 PM - Found 2 errors. Watching for file changes.
[2J[3J[H2:59:35 PM - File change detected. Starting incremental compilation...

src/scripts/home2.ts(729,42): error TS1109: Expression expected.
src/scripts/home2.ts(730,5): error TS1005: ',' expected.

2:59:35 PM - Found 2 errors. Watching for file changes.
[2J[3J[H2:59:37 PM - File change detected. Starting incremental compilation...

src/scripts/home2.ts(729,42): error TS1109: Expression expected.

2:59:37 PM - Found 1 error. Watching for file changes.
[2J[3J[H2:59:39 PM - File change detected. Starting incremental compilation...

src/scripts/home2.ts(729,42): error TS1109: Expression expected.

2:59:39 PM - Found 1 error. Watching for file changes.
[2J[3J[H2:59:42 PM - File change detected. Starting incremental compilation...


2:59:43 PM - Found 0 errors. Watching for file changes.
[2J[3J[H2:59:44 PM - File change detected. Starting incremental compilation...


2:59:44 PM - Found 0 errors. Watching for file changes.
[2J[3J[H2:59:45 PM - File change detected. Starting incremental compilation...


2:59:46 PM - Found 0 errors. Watching for file changes.
[2J[3J[H3:00:01 PM - File change detected. Starting incremental compilation...

src/scripts/profil.ts(3,1): error TS2304: Cannot find name 'imp'.

3:00:01 PM - Found 1 error. Watching for file changes.
[2J[3J[H3:00:03 PM - File change detected. Starting incremental compilation...

src/scripts/profil.ts(5,1): error TS1005: 'from' expected.
src/scripts/profil.ts(5,5): error TS1005: ';' expected.

3:00:04 PM - Found 2 errors. Watching for file changes.
[2J[3J[H3:00:05 PM - File change detected. Starting incremental compilation...

src/scripts/profil.ts(5,1): error TS1005: 'from' expected.
src/scripts/profil.ts(5,5): error TS1005: ';' expected.

3:00:05 PM - Found 2 errors. Watching for file changes.
[2J[3J[H3:00:06 PM - File change detected. Starting incremental compilation...

src/scripts/profil.ts(5,1): error TS1005: 'from' expected.
src/scripts/profil.ts(5,5): error TS1005: ';' expected.

3:00:06 PM - Found 2 errors. Watching for file changes.
[2J[3J[H3:00:08 PM - File change detected. Starting incremental compilation...

src/scripts/profil.ts(5,1): error TS1005: 'from' expected.
src/scripts/profil.ts(5,5): error TS1005: ';' expected.

3:00:08 PM - Found 2 errors. Watching for file changes.
[2J[3J[H3:00:11 PM - File change detected. Starting incremental compilation...

src/scripts/profil.ts(5,5): error TS1005: ';' expected.

3:00:11 PM - Found 1 error. Watching for file changes.
[2J[3J[H3:00:12 PM - File change detected. Starting incremental compilation...

src/scripts/profil.ts(3,29): error TS2307: Cannot find module '' or its corresponding type declarations.

3:00:12 PM - Found 1 error. Watching for file changes.
[2J[3J[H3:00:15 PM - File change detected. Starting incremental compilation...

src/scripts/profil.ts(3,29): error TS2307: Cannot find module './' or its corresponding type declarations.

3:00:15 PM - Found 1 error. Watching for file changes.
[2J[3J[H3:00:19 PM - File change detected. Starting incremental compilation...

src/scripts/profil.ts(3,10): error TS2305: Module '"./home2.js"' has no exported member 'RedrectPage'.

3:00:19 PM - Found 1 error. Watching for file changes.
[2J[3J[H3:00:22 PM - File change detected. Starting incremental compilation...

src/scripts/profil.ts(3,10): error TS2305: Module '"./home2.js"' has no exported member 'RedrectPage'.

3:00:22 PM - Found 1 error. Watching for file changes.
[2J[3J[H3:00:38 PM - File change detected. Starting incremental compilation...

src/scripts/profil.ts(3,10): error TS2305: Module '"./home2.js"' has no exported member 'RedrectPage'.

3:00:38 PM - Found 1 error. Watching for file changes.
[2J[3J[H3:00:40 PM - File change detected. Starting incremental compilation...

src/scripts/profil.ts(3,10): error TS2305: Module '"./home2.js"' has no exported member 'RedrectPage'.

3:00:40 PM - Found 1 error. Watching for file changes.
[2J[3J[H3:00:56 PM - File change detected. Starting incremental compilation...

src/scripts/home2.ts(725,5): error TS1184: Modifiers cannot appear here.
src/scripts/profil.ts(3,10): error TS2305: Module '"./home2.js"' has no exported member 'RedrectPage'.

3:00:56 PM - Found 2 errors. Watching for file changes.
[2J[3J[H3:01:09 PM - File change detected. Starting incremental compilation...

src/scripts/profil.ts(29,2): error TS2554: Expected 2 arguments, but got 0.

3:01:09 PM - Found 1 error. Watching for file changes.
[2J[3J[H3:01:27 PM - File change detected. Starting incremental compilation...

src/scripts/profil.ts(29,2): error TS2554: Expected 2 arguments, but got 1.

3:01:27 PM - Found 1 error. Watching for file changes.
[2J[3J[H3:01:28 PM - File change detected. Starting incremental compilation...

src/scripts/profil.ts(29,2): error TS2554: Expected 2 arguments, but got 1.

3:01:28 PM - Found 1 error. Watching for file changes.
[2J[3J[H3:01:30 PM - File change detected. Starting incremental compilation...

src/scripts/profil.ts(29,2): error TS2554: Expected 2 arguments, but got 1.

3:01:30 PM - Found 1 error. Watching for file changes.
[2J[3J[H3:01:34 PM - File change detected. Starting incremental compilation...


3:01:34 PM - Found 0 errors. Watching for file changes.
[2J[3J[H3:01:39 PM - File change detected. Starting incremental compilation...


3:01:39 PM - Found 0 errors. Watching for file changes.
[2J[3J[H3:01:41 PM - File change detected. Starting incremental compilation...


3:01:41 PM - Found 0 errors. Watching for file changes.
[2J[3J[H3:02:19 PM - File change detected. Starting incremental compilation...


3:02:19 PM - Found 0 errors. Watching for file changes.
[2J[3J[H3:02:20 PM - File change detected. Starting incremental compilation...

src/scripts/profil.ts(30,2): error TS2552: Cannot find name 'closeAI'. Did you mean 'close'?

3:02:21 PM - Found 1 error. Watching for file changes.
[2J[3J[H3:02:25 PM - File change detected. Starting incremental compilation...

src/scripts/profil.ts(31,2): error TS2552: Cannot find name 'closeAI'. Did you mean 'close'?

3:02:25 PM - Found 1 error. Watching for file changes.
[2J[3J[H3:02:33 PM - File change detected. Starting incremental compilation...


3:02:34 PM - Found 0 errors. Watching for file changes.
[2J[3J[H3:02:36 PM - File change detected. Starting incremental compilation...


3:02:36 PM - Found 0 errors. Watching for file changes.
[2J[3J[H3:02:40 PM - File change detected. Starting incremental compilation...


3:02:41 PM - Found 0 errors. Watching for file changes.
[2J[3J[H3:02:42 PM - File change detected. Starting incremental compilation...


3:02:42 PM - Found 0 errors. Watching for file changes.
[2J[3J[H3:02:45 PM - File change detected. Starting incremental compilation...


3:02:45 PM - Found 0 errors. Watching for file changes.
[2J[3J[H3:05:48 PM - File change detected. Starting incremental compilation...

src/scripts/profil.ts(31,2): error TS2304: Cannot find name 'Localgame'.

3:05:48 PM - Found 1 error. Watching for file changes.
[2J[3J[H3:05:54 PM - File change detected. Starting incremental compilation...

src/scripts/profil.ts(32,2): error TS2304: Cannot find name 'Localgame'.

3:05:54 PM - Found 1 error. Watching for file changes.
[2J[3J[H3:05:58 PM - File change detected. Starting incremental compilation...


3:05:58 PM - Found 0 errors. Watching for file changes.
[2J[3J[H3:06:00 PM - File change detected. Starting incremental compilation...


3:06:00 PM - Found 0 errors. Watching for file changes.
[2J[3J[H3:06:04 PM - File change detected. Starting incremental compilation...


3:06:05 PM - Found 0 errors. Watching for file changes.
[2J[3J[H3:06:09 PM - File change detected. Starting incremental compilation...


3:06:09 PM - Found 0 errors. Watching for file changes.
[2J[3J[H3:06:40 PM - Starting compilation in watch mode...


3:06:45 PM - Found 0 errors. Watching for file changes.
[2J[3J[H3:07:21 PM - File change detected. Starting incremental compilation...


3:07:21 PM - Found 0 errors. Watching for file changes.
[2J[3J[H3:07:27 PM - File change detected. Starting incremental compilation...


3:07:27 PM - Found 0 errors. Watching for file changes.
[2J[3J[H3:07:30 PM - File change detected. Starting incremental compilation...


3:07:30 PM - Found 0 errors. Watching for file changes.
[2J[3J[H3:08:02 PM - File change detected. Starting incremental compilation...


3:08:02 PM - Found 0 errors. Watching for file changes.
[2J[3J[H3:08:04 PM - File change detected. Starting incremental compilation...


3:08:04 PM - Found 0 errors. Watching for file changes.
[2J[3J[H3:08:10 PM - File change detected. Starting incremental compilation...


3:08:10 PM - Found 0 errors. Watching for file changes.
[2J[3J[H3:08:28 PM - Starting compilation in watch mode...


3:08:32 PM - Found 0 errors. Watching for file changes.
[2J[3J[H3:13:25 PM - File change detected. Starting incremental compilation...


3:13:26 PM - Found 0 errors. Watching for file changes.
[2J[3J[H3:16:41 PM - File change detected. Starting incremental compilation...


3:16:42 PM - Found 0 errors. Watching for file changes.
[2J[3J[H3:17:17 PM - File change detected. Starting incremental compilation...


3:17:17 PM - Found 0 errors. Watching for file changes.
[2J[3J[H3:18:05 PM - Starting compilation in watch mode...


3:18:10 PM - Found 0 errors. Watching for file changes.
[2J[3J[H3:20:04 PM - File change detected. Starting incremental compilation...


3:20:04 PM - Found 0 errors. Watching for file changes.
[2J[3J[H3:20:23 PM - File change detected. Starting incremental compilation...


3:20:23 PM - Found 0 errors. Watching for file changes.
[2J[3J[H3:21:06 PM - File change detected. Starting incremental compilation...

src/scripts/settings.ts(27,10): error TS2339: Property 'value' does not exist on type 'void'.
src/scripts/settings.ts(28,5): error TS2304: Cannot find name 'username'.
src/scripts/settings.ts(29,5): error TS2304: Cannot find name 'email'.

3:21:06 PM - Found 3 errors. Watching for file changes.
[2J[3J[H3:21:10 PM - File change detected. Starting incremental compilation...


3:21:10 PM - Found 0 errors. Watching for file changes.
[2J[3J[H3:21:12 PM - File change detected. Starting incremental compilation...


3:21:12 PM - Found 0 errors. Watching for file changes.
[2J[3J[H3:21:16 PM - File change detected. Starting incremental compilation...


3:21:16 PM - Found 0 errors. Watching for file changes.
[2J[3J[H3:21:17 PM - File change detected. Starting incremental compilation...


3:21:17 PM - Found 0 errors. Watching for file changes.
[2J[3J[H3:21:20 PM - File change detected. Starting incremental compilation...


3:21:20 PM - Found 0 errors. Watching for file changes.
[2J[3J[H3:21:24 PM - File change detected. Starting incremental compilation...

src/scripts/settings.ts(22,9): error TS2304: Cannot find name 'con'.

3:21:25 PM - Found 1 error. Watching for file changes.
[2J[3J[H3:21:28 PM - File change detected. Starting incremental compilation...


3:21:29 PM - Found 0 errors. Watching for file changes.
[2J[3J[H3:21:30 PM - File change detected. Starting incremental compilation...


3:21:31 PM - Found 0 errors. Watching for file changes.
[2J[3J[H3:21:33 PM - File change detected. Starting incremental compilation...


3:21:33 PM - Found 0 errors. Watching for file changes.
[2J[3J[H3:22:15 PM - File change detected. Starting incremental compilation...


3:22:15 PM - Found 0 errors. Watching for file changes.
[2J[3J[H3:22:22 PM - File change detected. Starting incremental compilation...

src/scripts/settings.ts(32,15): error TS1109: Expression expected.

3:22:22 PM - Found 1 error. Watching for file changes.
[2J[3J[H3:22:25 PM - File change detected. Starting incremental compilation...

src/scripts/settings.ts(32,15): error TS2304: Cannot find name 'data'.

3:22:25 PM - Found 1 error. Watching for file changes.
[2J[3J[H3:22:31 PM - File change detected. Starting incremental compilation...

src/scripts/settings.ts(32,15): error TS2304: Cannot find name 'data'.

3:22:31 PM - Found 1 error. Watching for file changes.
[2J[3J[H3:22:39 PM - File change detected. Starting incremental compilation...

src/scripts/settings.ts(13,11): error TS1155: 'const' declarations must be initialized.
src/scripts/settings.ts(13,11): error TS7005: Variable 'fullName' implicitly has an 'any' type.
src/scripts/settings.ts(33,15): error TS2304: Cannot find name 'data'.

3:22:39 PM - Found 3 errors. Watching for file changes.
[2J[3J[H3:22:40 PM - File change detected. Starting incremental compilation...

src/scripts/settings.ts(13,11): error TS1155: 'const' declarations must be initialized.
src/scripts/settings.ts(13,11): error TS7005: Variable 'fullName' implicitly has an 'any' type.
src/scripts/settings.ts(33,15): error TS2304: Cannot find name 'data'.

3:22:40 PM - Found 3 errors. Watching for file changes.
[2J[3J[H3:22:41 PM - File change detected. Starting incremental compilation...

src/scripts/settings.ts(13,11): error TS1155: 'const' declarations must be initialized.
src/scripts/settings.ts(13,11): error TS7005: Variable 'fullName' implicitly has an 'any' type.
src/scripts/settings.ts(33,15): error TS2304: Cannot find name 'data'.

3:22:41 PM - Found 3 errors. Watching for file changes.
[2J[3J[H3:22:43 PM - File change detected. Starting incremental compilation...

src/scripts/settings.ts(13,23): error TS1109: Expression expected.

3:22:43 PM - Found 1 error. Watching for file changes.
[2J[3J[H3:22:46 PM - File change detected. Starting incremental compilation...

src/scripts/settings.ts(33,15): error TS2304: Cannot find name 'data'.

3:22:46 PM - Found 1 error. Watching for file changes.
[2J[3J[H3:22:48 PM - File change detected. Starting incremental compilation...

src/scripts/settings.ts(34,15): error TS2304: Cannot find name 'data'.

3:22:48 PM - Found 1 error. Watching for file changes.
[2J[3J[H3:22:53 PM - File change detected. Starting incremental compilation...

src/scripts/settings.ts(34,15): error TS2304: Cannot find name 'data'.

3:22:53 PM - Found 1 error. Watching for file changes.
[2J[3J[H3:22:57 PM - File change detected. Starting incremental compilation...

src/scripts/settings.ts(25,5): error TS1003: Identifier expected.

3:22:57 PM - Found 1 error. Watching for file changes.
[2J[3J[H3:23:05 PM - File change detected. Starting incremental compilation...

src/scripts/settings.ts(24,9): error TS2588: Cannot assign to 'fullName' because it is a constant.
src/scripts/settings.ts(34,15): error TS2304: Cannot find name 'data'.

3:23:05 PM - Found 2 errors. Watching for file changes.
[2J[3J[H3:23:08 PM - File change detected. Starting incremental compilation...

src/scripts/settings.ts(24,9): error TS2588: Cannot assign to 'fullName' because it is a constant.
src/scripts/settings.ts(34,15): error TS2304: Cannot find name 'data'.

3:23:08 PM - Found 2 errors. Watching for file changes.
[2J[3J[H3:23:17 PM - File change detected. Starting incremental compilation...

src/scripts/settings.ts(34,15): error TS2304: Cannot find name 'data'.

3:23:17 PM - Found 1 error. Watching for file changes.
[2J[3J[H3:23:23 PM - File change detected. Starting incremental compilation...


3:23:23 PM - Found 0 errors. Watching for file changes.
[2J[3J[H3:23:42 PM - Starting compilation in watch mode...


3:23:46 PM - Found 0 errors. Watching for file changes.
[2J[3J[H3:24:05 PM - File change detected. Starting incremental compilation...


3:24:06 PM - Found 0 errors. Watching for file changes.
[2J[3J[H3:24:08 PM - File change detected. Starting incremental compilation...


3:24:08 PM - Found 0 errors. Watching for file changes.
[2J[3J[H3:24:10 PM - File change detected. Starting incremental compilation...


3:24:10 PM - Found 0 errors. Watching for file changes.
[2J[3J[H3:24:27 PM - File change detected. Starting incremental compilation...

src/scripts/settings.ts(25,9): error TS2304: Cannot find name 'con'.

3:24:27 PM - Found 1 error. Watching for file changes.
[2J[3J[H3:24:39 PM - File change detected. Starting incremental compilation...


3:24:39 PM - Found 0 errors. Watching for file changes.
[2J[3J[H3:24:41 PM - File change detected. Starting incremental compilation...


3:24:41 PM - Found 0 errors. Watching for file changes.
[2J[3J[H3:24:43 PM - File change detected. Starting incremental compilation...


3:24:43 PM - Found 0 errors. Watching for file changes.
[2J[3J[H3:24:45 PM - File change detected. Starting incremental compilation...

src/scripts/settings.ts(25,31): error TS1002: Unterminated string literal.
src/scripts/settings.ts(26,5): error TS1005: ',' expected.

3:24:45 PM - Found 2 errors. Watching for file changes.
[2J[3J[H3:24:46 PM - File change detected. Starting incremental compilation...

src/scripts/settings.ts(25,21): error TS2552: Cannot find name 'fullname'. Did you mean 'fullName'?

3:24:47 PM - Found 1 error. Watching for file changes.
[2J[3J[H3:24:50 PM - File change detected. Starting incremental compilation...

src/scripts/settings.ts(25,21): error TS2552: Cannot find name 'fullname'. Did you mean 'fullName'?

3:24:50 PM - Found 1 error. Watching for file changes.
[2J[3J[H3:24:55 PM - File change detected. Starting incremental compilation...


3:24:55 PM - Found 0 errors. Watching for file changes.
[2J[3J[H3:25:10 PM - File change detected. Starting incremental compilation...


3:25:10 PM - Found 0 errors. Watching for file changes.
[2J[3J[H3:25:12 PM - File change detected. Starting incremental compilation...

src/scripts/settings.ts(35,15): error TS1109: Expression expected.

3:25:12 PM - Found 1 error. Watching for file changes.
[2J[3J[H3:25:17 PM - File change detected. Starting incremental compilation...


3:25:17 PM - Found 0 errors. Watching for file changes.
[2J[3J[H3:25:43 PM - File change detected. Starting incremental compilation...


3:25:43 PM - Found 0 errors. Watching for file changes.
[2J[3J[H3:25:51 PM - File change detected. Starting incremental compilation...

src/scripts/settings.ts(46,36): error TS2552: Cannot find name 'settingsCoverDataHTMLGen'. Did you mean 'settingsCoverData'?

3:25:51 PM - Found 1 error. Watching for file changes.
[2J[3J[H3:25:56 PM - File change detected. Starting incremental compilation...

src/scripts/settings.ts(71,36): error TS2552: Cannot find name 'settingsCoverDataHTMLGen'. Did you mean 'settingsCoverData'?

3:25:56 PM - Found 1 error. Watching for file changes.
[2J[3J[H3:26:12 PM - File change detected. Starting incremental compilation...


3:26:12 PM - Found 0 errors. Watching for file changes.
[2J[3J[H3:29:00 PM - File change detected. Starting incremental compilation...


3:29:00 PM - Found 0 errors. Watching for file changes.
[2J[3J[H3:29:03 PM - File change detected. Starting incremental compilation...


3:29:03 PM - Found 0 errors. Watching for file changes.
[2J[3J[H3:29:07 PM - File change detected. Starting incremental compilation...


3:29:07 PM - Found 0 errors. Watching for file changes.
[2J[3J[H3:29:13 PM - File change detected. Starting incremental compilation...

src/scripts/settings.ts(47,36): error TS2552: Cannot find name 'settingsCoverDataHTMLGen'. Did you mean 'settingsCoverData'?

3:29:13 PM - Found 1 error. Watching for file changes.
[2J[3J[H3:29:17 PM - File change detected. Starting incremental compilation...

src/scripts/settings.ts(70,36): error TS2552: Cannot find name 'settingsCoverDataHTMLGen'. Did you mean 'settingsCoverData'?

3:29:17 PM - Found 1 error. Watching for file changes.
[2J[3J[H3:29:21 PM - File change detected. Starting incremental compilation...

src/scripts/settings.ts(71,36): error TS2552: Cannot find name 'settingsCoverDataHTMLGen'. Did you mean 'settingsCoverData'?

3:29:21 PM - Found 1 error. Watching for file changes.
[2J[3J[H3:29:26 PM - File change detected. Starting incremental compilation...


3:29:26 PM - Found 0 errors. Watching for file changes.
[2J[3J[H3:29:30 PM - File change detected. Starting incremental compilation...


3:29:30 PM - Found 0 errors. Watching for file changes.
[2J[3J[H3:30:33 PM - File change detected. Starting incremental compilation...


3:30:34 PM - Found 0 errors. Watching for file changes.
[2J[3J[H3:30:52 PM - File change detected. Starting incremental compilation...

src/scripts/settings.ts(24,9): error TS2304: Cannot find name 'fullName'.
src/scripts/settings.ts(25,21): error TS2304: Cannot find name 'fullName'.
src/scripts/settings.ts(34,19): error TS2304: Cannot find name 'fullName'.

3:30:52 PM - Found 3 errors. Watching for file changes.
[2J[3J[H3:30:59 PM - File change detected. Starting incremental compilation...


3:30:59 PM - Found 0 errors. Watching for file changes.
[2J[3J[H3:31:09 PM - File change detected. Starting incremental compilation...

src/scripts/settings.ts(14,8): error TS1109: Expression expected.

3:31:09 PM - Found 1 error. Watching for file changes.
[2J[3J[H3:31:11 PM - File change detected. Starting incremental compilation...

src/scripts/settings.ts(14,8): error TS1109: Expression expected.

3:31:11 PM - Found 1 error. Watching for file changes.
[2J[3J[H3:31:20 PM - File change detected. Starting incremental compilation...

src/scripts/settings.ts(14,8): error TS1109: Expression expected.

3:31:20 PM - Found 1 error. Watching for file changes.
[2J[3J[H3:31:28 PM - File change detected. Starting incremental compilation...

src/scripts/settings.ts(14,8): error TS1109: Expression expected.

3:31:28 PM - Found 1 error. Watching for file changes.
[2J[3J[H3:31:35 PM - File change detected. Starting incremental compilation...

src/scripts/settings.ts(14,8): error TS1109: Expression expected.

3:31:35 PM - Found 1 error. Watching for file changes.
[2J[3J[H3:31:39 PM - File change detected. Starting incremental compilation...

src/scripts/settings.ts(14,8): error TS1109: Expression expected.

3:31:39 PM - Found 1 error. Watching for file changes.
[2J[3J[H3:31:43 PM - File change detected. Starting incremental compilation...

src/scripts/settings.ts(14,8): error TS1109: Expression expected.

3:31:43 PM - Found 1 error. Watching for file changes.
[2J[3J[H3:31:49 PM - File change detected. Starting incremental compilation...


3:31:50 PM - Found 0 errors. Watching for file changes.
[2J[3J[H3:33:01 PM - File change detected. Starting incremental compilation...


3:33:01 PM - Found 0 errors. Watching for file changes.
[2J[3J[H3:33:21 PM - File change detected. Starting incremental compilation...


3:33:21 PM - Found 0 errors. Watching for file changes.
[2J[3J[H3:33:38 PM - File change detected. Starting incremental compilation...


3:33:38 PM - Found 0 errors. Watching for file changes.
[2J[3J[H3:33:53 PM - File change detected. Starting incremental compilation...


3:33:53 PM - Found 0 errors. Watching for file changes.
[2J[3J[H3:33:58 PM - File change detected. Starting incremental compilation...


3:33:58 PM - Found 0 errors. Watching for file changes.
[2J[3J[H3:33:59 PM - File change detected. Starting incremental compilation...


3:33:59 PM - Found 0 errors. Watching for file changes.
[2J[3J[H3:34:01 PM - File change detected. Starting incremental compilation...


3:34:01 PM - Found 0 errors. Watching for file changes.
[2J[3J[H3:34:28 PM - File change detected. Starting incremental compilation...


3:34:29 PM - Found 0 errors. Watching for file changes.
[2J[3J[H3:35:08 PM - File change detected. Starting incremental compilation...


3:35:09 PM - Found 0 errors. Watching for file changes.
[2J[3J[H3:35:48 PM - File change detected. Starting incremental compilation...

src/scripts/settings.ts(259,14): error TS1005: ',' expected.

3:35:48 PM - Found 1 error. Watching for file changes.
[2J[3J[H3:35:56 PM - File change detected. Starting incremental compilation...

src/scripts/settings.ts(257,26): error TS1109: Expression expected.
src/scripts/settings.ts(279,5): error TS1005: 'while' expected.

3:35:56 PM - Found 2 errors. Watching for file changes.
[2J[3J[H3:35:58 PM - File change detected. Starting incremental compilation...

src/scripts/settings.ts(259,9): error TS2339: Property 'fetch' does not exist on type 'Document'.
src/scripts/settings.ts(266,15): error TS7006: Parameter 'response' implicitly has an 'any' type.
src/scripts/settings.ts(267,15): error TS7006: Parameter 'data' implicitly has an 'any' type.

3:35:58 PM - Found 3 errors. Watching for file changes.
[2J[3J[H3:36:02 PM - File change detected. Starting incremental compilation...


3:36:02 PM - Found 0 errors. Watching for file changes.
[2J[3J[H3:36:03 PM - File change detected. Starting incremental compilation...


3:36:03 PM - Found 0 errors. Watching for file changes.
[2J[3J[H3:36:07 PM - File change detected. Starting incremental compilation...

src/scripts/settings.ts(257,75): error TS2304: Cannot find name 'HTML'.

3:36:07 PM - Found 1 error. Watching for file changes.
[2J[3J[H3:36:13 PM - File change detected. Starting incremental compilation...

src/scripts/settings.ts(257,75): error TS2304: Cannot find name 'HTMLL'.

3:36:13 PM - Found 1 error. Watching for file changes.
[2J[3J[H3:36:15 PM - File change detected. Starting incremental compilation...


3:36:15 PM - Found 0 errors. Watching for file changes.
[2J[3J[H3:36:16 PM - File change detected. Starting incremental compilation...


3:36:16 PM - Found 0 errors. Watching for file changes.
[2J[3J[H3:36:22 PM - File change detected. Starting incremental compilation...


3:36:23 PM - Found 0 errors. Watching for file changes.
[2J[3J[H3:36:25 PM - File change detected. Starting incremental compilation...


3:36:25 PM - Found 0 errors. Watching for file changes.
[2J[3J[H3:36:29 PM - File change detected. Starting incremental compilation...

src/scripts/settings.ts(279,9): error TS1003: Identifier expected.

3:36:29 PM - Found 1 error. Watching for file changes.
[2J[3J[H3:36:33 PM - File change detected. Starting incremental compilation...

src/scripts/settings.ts(277,18): error TS2339: Property 'in' does not exist on type 'HTMLLabelElement'.

3:36:33 PM - Found 1 error. Watching for file changes.
[2J[3J[H3:36:35 PM - File change detected. Starting incremental compilation...


3:36:35 PM - Found 0 errors. Watching for file changes.
[2J[3J[H3:36:36 PM - File change detected. Starting incremental compilation...

src/scripts/settings.ts(279,9): error TS1109: Expression expected.

3:36:36 PM - Found 1 error. Watching for file changes.
[2J[3J[H3:36:46 PM - File change detected. Starting incremental compilation...


3:36:46 PM - Found 0 errors. Watching for file changes.
[2J[3J[H3:36:48 PM - File change detected. Starting incremental compilation...


3:36:48 PM - Found 0 errors. Watching for file changes.
[2J[3J[H3:36:55 PM - File change detected. Starting incremental compilation...


3:36:55 PM - Found 0 errors. Watching for file changes.
[2J[3J[H4:57:48 PM - File change detected. Starting incremental compilation...


4:57:49 PM - Found 0 errors. Watching for file changes.
[2J[3J[H4:57:53 PM - File change detected. Starting incremental compilation...


4:57:53 PM - Found 0 errors. Watching for file changes.
[2J[3J[H4:57:58 PM - File change detected. Starting incremental compilation...

src/scripts/settings.ts(284,1): error TS1005: '(' expected.

4:57:59 PM - Found 1 error. Watching for file changes.
[2J[3J[H4:58:03 PM - File change detected. Starting incremental compilation...

src/scripts/settings.ts(284,1): error TS1005: '(' expected.

4:58:03 PM - Found 1 error. Watching for file changes.
[2J[3J[H4:58:06 PM - File change detected. Starting incremental compilation...


4:58:06 PM - Found 0 errors. Watching for file changes.
[2J[3J[H4:58:14 PM - File change detected. Starting incremental compilation...

src/scripts/settings.ts(285,15): error TS1155: 'const' declarations must be initialized.
src/scripts/settings.ts(285,15): error TS7005: Variable 'dee' implicitly has an 'any' type.

4:58:14 PM - Found 2 errors. Watching for file changes.
[2J[3J[H4:58:17 PM - File change detected. Starting incremental compilation...

src/scripts/settings.ts(285,15): error TS1155: 'const' declarations must be initialized.
src/scripts/settings.ts(285,15): error TS7005: Variable 'deelet' implicitly has an 'any' type.

4:58:18 PM - Found 2 errors. Watching for file changes.
[2J[3J[H4:58:20 PM - File change detected. Starting incremental compilation...

src/scripts/settings.ts(285,15): error TS1155: 'const' declarations must be initialized.
src/scripts/settings.ts(285,15): error TS7005: Variable 'deeletBtn' implicitly has an 'any' type.

4:58:21 PM - Found 2 errors. Watching for file changes.
[2J[3J[H4:58:23 PM - File change detected. Starting incremental compilation...

src/scripts/settings.ts(285,28): error TS1109: Expression expected.
src/scripts/settings.ts(286,5): error TS1109: Expression expected.

4:58:23 PM - Found 2 errors. Watching for file changes.
[2J[3J[H4:58:25 PM - File change detected. Starting incremental compilation...

src/scripts/settings.ts(286,5): error TS1003: Identifier expected.

4:58:25 PM - Found 1 error. Watching for file changes.
[2J[3J[H4:58:26 PM - File change detected. Starting incremental compilation...

src/scripts/settings.ts(285,37): error TS2339: Property 'q' does not exist on type 'Document'.

4:58:27 PM - Found 1 error. Watching for file changes.
[2J[3J[H4:58:29 PM - File change detected. Starting incremental compilation...

src/scripts/settings.ts(285,37): error TS2554: Expected 1 arguments, but got 0.

4:58:29 PM - Found 1 error. Watching for file changes.
[2J[3J[H4:58:31 PM - File change detected. Starting incremental compilation...


4:58:31 PM - Found 0 errors. Watching for file changes.
[2J[3J[H4:58:32 PM - File change detected. Starting incremental compilation...


4:58:32 PM - Found 0 errors. Watching for file changes.
[2J[3J[H4:58:35 PM - File change detected. Starting incremental compilation...

src/scripts/settings.ts(285,59): error TS2304: Cannot find name 'HYMLB'.

4:58:35 PM - Found 1 error. Watching for file changes.
[2J[3J[H4:58:41 PM - File change detected. Starting incremental compilation...

src/scripts/settings.ts(285,59): error TS2304: Cannot find name 'HTMLB'.

4:58:41 PM - Found 1 error. Watching for file changes.
[2J[3J[H4:58:44 PM - File change detected. Starting incremental compilation...


4:58:44 PM - Found 0 errors. Watching for file changes.
[2J[3J[H4:59:03 PM - File change detected. Starting incremental compilation...


4:59:03 PM - Found 0 errors. Watching for file changes.
[2J[3J[H4:59:06 PM - File change detected. Starting incremental compilation...


4:59:06 PM - Found 0 errors. Watching for file changes.
[2J[3J[H4:59:16 PM - File change detected. Starting incremental compilation...

src/scripts/settings.ts(287,19): error TS2554: Expected 2-3 arguments, but got 0.

4:59:16 PM - Found 1 error. Watching for file changes.
[2J[3J[H4:59:19 PM - File change detected. Starting incremental compilation...

src/scripts/settings.ts(287,19): error TS2554: Expected 2-3 arguments, but got 1.

4:59:19 PM - Found 1 error. Watching for file changes.
[2J[3J[H4:59:21 PM - File change detected. Starting incremental compilation...

src/scripts/settings.ts(287,46): error TS1109: Expression expected.

4:59:21 PM - Found 1 error. Watching for file changes.
[2J[3J[H4:59:24 PM - File change detected. Starting incremental compilation...


4:59:24 PM - Found 0 errors. Watching for file changes.
[2J[3J[H4:59:26 PM - File change detected. Starting incremental compilation...


4:59:26 PM - Found 0 errors. Watching for file changes.
[2J[3J[H4:59:27 PM - File change detected. Starting incremental compilation...


4:59:27 PM - Found 0 errors. Watching for file changes.
[2J[3J[H4:59:28 PM - File change detected. Starting incremental compilation...

src/scripts/settings.ts(288,13): error TS2304: Cannot find name 'con'.

4:59:28 PM - Found 1 error. Watching for file changes.
[2J[3J[H4:59:36 PM - File change detected. Starting incremental compilation...


4:59:36 PM - Found 0 errors. Watching for file changes.
[2J[3J[H4:59:38 PM - File change detected. Starting incremental compilation...


4:59:38 PM - Found 0 errors. Watching for file changes.
[2J[3J[H4:59:43 PM - File change detected. Starting incremental compilation...


4:59:43 PM - Found 0 errors. Watching for file changes.
[2J[3J[H4:59:44 PM - File change detected. Starting incremental compilation...


4:59:44 PM - Found 0 errors. Watching for file changes.
[2J[3J[H4:59:45 PM - File change detected. Starting incremental compilation...


4:59:45 PM - Found 0 errors. Watching for file changes.
[2J[3J[H4:59:47 PM - File change detected. Starting incremental compilation...


4:59:47 PM - Found 0 errors. Watching for file changes.
[2J[3J[H4:59:56 PM - File change detected. Starting incremental compilation...


4:59:56 PM - Found 0 errors. Watching for file changes.
[2J[3J[H5:00:39 PM - File change detected. Starting incremental compilation...

src/scripts/settings.ts(304,14): error TS2339: Property 'value' does not exist on type 'void'.
src/scripts/settings.ts(305,9): error TS2304: Cannot find name 'username'.
src/scripts/settings.ts(306,9): error TS2304: Cannot find name 'email'.
src/scripts/settings.ts(308,9): error TS2304: Cannot find name 'fullname'.

5:00:39 PM - Found 4 errors. Watching for file changes.
[2J[3J[H5:00:40 PM - File change detected. Starting incremental compilation...

src/scripts/settings.ts(304,14): error TS2339: Property 'value' does not exist on type 'void'.
src/scripts/settings.ts(305,9): error TS2304: Cannot find name 'username'.
src/scripts/settings.ts(306,9): error TS2304: Cannot find name 'email'.
src/scripts/settings.ts(308,9): error TS2304: Cannot find name 'fullname'.

5:00:40 PM - Found 4 errors. Watching for file changes.
[2J[3J[H5:00:43 PM - File change detected. Starting incremental compilation...

src/scripts/settings.ts(304,18): error TS2339: Property 'value' does not exist on type 'void'.
src/scripts/settings.ts(305,13): error TS2304: Cannot find name 'username'.
src/scripts/settings.ts(306,13): error TS2304: Cannot find name 'email'.
src/scripts/settings.ts(308,13): error TS2304: Cannot find name 'fullname'.

5:00:43 PM - Found 4 errors. Watching for file changes.
[2J[3J[H5:00:44 PM - File change detected. Starting incremental compilation...

src/scripts/settings.ts(304,18): error TS2339: Property 'value' does not exist on type 'void'.
src/scripts/settings.ts(305,13): error TS2304: Cannot find name 'username'.
src/scripts/settings.ts(306,13): error TS2304: Cannot find name 'email'.
src/scripts/settings.ts(308,13): error TS2304: Cannot find name 'fullname'.

5:00:44 PM - Found 4 errors. Watching for file changes.
[2J[3J[H5:00:46 PM - File change detected. Starting incremental compilation...

src/scripts/settings.ts(304,18): error TS2339: Property 'value' does not exist on type 'void'.
src/scripts/settings.ts(305,13): error TS2304: Cannot find name 'username'.
src/scripts/settings.ts(306,13): error TS2304: Cannot find name 'email'.
src/scripts/settings.ts(308,13): error TS2304: Cannot find name 'fullname'.

5:00:46 PM - Found 4 errors. Watching for file changes.
[2J[3J[H5:00:47 PM - File change detected. Starting incremental compilation...

src/scripts/settings.ts(304,18): error TS2339: Property 'value' does not exist on type 'void'.
src/scripts/settings.ts(305,13): error TS2304: Cannot find name 'username'.
src/scripts/settings.ts(306,13): error TS2304: Cannot find name 'email'.
src/scripts/settings.ts(308,13): error TS2304: Cannot find name 'fullname'.

5:00:47 PM - Found 4 errors. Watching for file changes.
[2J[3J[H5:00:52 PM - File change detected. Starting incremental compilation...


5:00:52 PM - Found 0 errors. Watching for file changes.
[2J[3J[H5:01:37 PM - File change detected. Starting incremental compilation...


5:01:37 PM - Found 0 errors. Watching for file changes.
[2J[3J[H5:01:39 PM - File change detected. Starting incremental compilation...


5:01:39 PM - Found 0 errors. Watching for file changes.
[2J[3J[H5:03:26 PM - File change detected. Starting incremental compilation...

src/scripts/settings.ts(295,38): error TS2304: Cannot find name 'FA'.

5:03:26 PM - Found 1 error. Watching for file changes.
[2J[3J[H5:03:29 PM - File change detected. Starting incremental compilation...


5:03:29 PM - Found 0 errors. Watching for file changes.
[2J[3J[H5:04:10 PM - File change detected. Starting incremental compilation...


5:04:10 PM - Found 0 errors. Watching for file changes.
[2J[3J[H5:04:59 PM - File change detected. Starting incremental compilation...


5:04:59 PM - Found 0 errors. Watching for file changes.
[2J[3J[H5:05:00 PM - File change detected. Starting incremental compilation...

src/scripts/settings.ts(301,17): error TS2304: Cannot find name 'lo'.

5:05:00 PM - Found 1 error. Watching for file changes.
[2J[3J[H5:05:02 PM - File change detected. Starting incremental compilation...

src/scripts/settings.ts(301,17): error TS2554: Expected 1 arguments, but got 0.

5:05:02 PM - Found 1 error. Watching for file changes.
[2J[3J[H5:05:04 PM - File change detected. Starting incremental compilation...


5:05:05 PM - Found 0 errors. Watching for file changes.
[2J[3J[H5:05:06 PM - File change detected. Starting incremental compilation...


5:05:07 PM - Found 0 errors. Watching for file changes.
[2J[3J[H5:05:09 PM - File change detected. Starting incremental compilation...


5:05:09 PM - Found 0 errors. Watching for file changes.
[2J[3J[H5:05:48 PM - File change detected. Starting incremental compilation...


5:05:49 PM - Found 0 errors. Watching for file changes.
[2J[3J[H5:06:14 PM - File change detected. Starting incremental compilation...


5:06:14 PM - Found 0 errors. Watching for file changes.
[2J[3J[H5:06:19 PM - File change detected. Starting incremental compilation...


5:06:19 PM - Found 0 errors. Watching for file changes.
[2J[3J[H5:06:24 PM - File change detected. Starting incremental compilation...


5:06:24 PM - Found 0 errors. Watching for file changes.
[2J[3J[H5:06:29 PM - File change detected. Starting incremental compilation...


5:06:29 PM - Found 0 errors. Watching for file changes.
[2J[3J[H5:10:40 PM - File change detected. Starting incremental compilation...


5:10:40 PM - Found 0 errors. Watching for file changes.
[2J[3J[H5:10:42 PM - File change detected. Starting incremental compilation...


5:10:42 PM - Found 0 errors. Watching for file changes.
[2J[3J[H5:10:44 PM - File change detected. Starting incremental compilation...

src/scripts/home2.ts(693,42): error TS2304: Cannot find name 'formSignINData'.
src/scripts/home2.ts(705,25): error TS2304: Cannot find name 'card'.

5:10:44 PM - Found 2 errors. Watching for file changes.
[2J[3J[H5:10:50 PM - File change detected. Starting incremental compilation...

src/scripts/home2.ts(705,25): error TS2304: Cannot find name 'card'.

5:10:50 PM - Found 1 error. Watching for file changes.
[2J[3J[H5:11:02 PM - File change detected. Starting incremental compilation...


5:11:02 PM - Found 0 errors. Watching for file changes.
[2J[3J[H5:11:06 PM - File change detected. Starting incremental compilation...


5:11:06 PM - Found 0 errors. Watching for file changes.
[2J[3J[H5:11:08 PM - File change detected. Starting incremental compilation...


5:11:09 PM - Found 0 errors. Watching for file changes.
[2J[3J[H5:11:44 PM - File change detected. Starting incremental compilation...


5:11:45 PM - Found 0 errors. Watching for file changes.
[2J[3J[H5:12:05 PM - File change detected. Starting incremental compilation...


5:12:05 PM - Found 0 errors. Watching for file changes.
[2J[3J[H5:12:09 PM - File change detected. Starting incremental compilation...

src/scripts/home2.ts(693,32): error TS2554: Expected 1-3 arguments, but got 0.

5:12:09 PM - Found 1 error. Watching for file changes.
[2J[3J[H5:12:17 PM - File change detected. Starting incremental compilation...

src/scripts/home2.ts(695,32): error TS2554: Expected 1-3 arguments, but got 0.

5:12:17 PM - Found 1 error. Watching for file changes.
[2J[3J[H5:12:21 PM - File change detected. Starting incremental compilation...

src/scripts/home2.ts(695,32): error TS2554: Expected 1-3 arguments, but got 0.

5:12:21 PM - Found 1 error. Watching for file changes.
[2J[3J[H5:12:25 PM - File change detected. Starting incremental compilation...

src/scripts/home2.ts(695,32): error TS2554: Expected 1-3 arguments, but got 0.

5:12:25 PM - Found 1 error. Watching for file changes.
[2J[3J[H5:12:27 PM - File change detected. Starting incremental compilation...

src/scripts/home2.ts(695,32): error TS2554: Expected 1-3 arguments, but got 0.

5:12:27 PM - Found 1 error. Watching for file changes.
[2J[3J[H5:12:31 PM - File change detected. Starting incremental compilation...


5:12:31 PM - Found 0 errors. Watching for file changes.
[2J[3J[H5:13:25 PM - File change detected. Starting incremental compilation...


5:13:25 PM - Found 0 errors. Watching for file changes.
[2J[3J[H5:13:36 PM - File change detected. Starting incremental compilation...


5:13:36 PM - Found 0 errors. Watching for file changes.
[2J[3J[H5:13:37 PM - File change detected. Starting incremental compilation...

src/scripts/home2.ts(688,31): error TS1109: Expression expected.

5:13:37 PM - Found 1 error. Watching for file changes.
[2J[3J[H5:13:44 PM - File change detected. Starting incremental compilation...

src/scripts/home2.ts(688,40): error TS1003: Identifier expected.

5:13:44 PM - Found 1 error. Watching for file changes.
[2J[3J[H5:13:46 PM - File change detected. Starting incremental compilation...


5:13:46 PM - Found 0 errors. Watching for file changes.
[2J[3J[H5:14:14 PM - File change detected. Starting incremental compilation...

src/scripts/home2.ts(671,69): error TS2552: Cannot find name 'HTMLInputElemen'. Did you mean 'HTMLInputElement'?

5:14:14 PM - Found 1 error. Watching for file changes.
[2J[3J[H5:14:20 PM - File change detected. Starting incremental compilation...


5:14:20 PM - Found 0 errors. Watching for file changes.
[2J[3J[H5:14:37 PM - File change detected. Starting incremental compilation...


5:14:37 PM - Found 0 errors. Watching for file changes.
[2J[3J[H5:14:40 PM - File change detected. Starting incremental compilation...


5:14:40 PM - Found 0 errors. Watching for file changes.
[2J[3J[H5:15:29 PM - File change detected. Starting incremental compilation...


5:15:29 PM - Found 0 errors. Watching for file changes.
[2J[3J[H5:15:32 PM - File change detected. Starting incremental compilation...


5:15:32 PM - Found 0 errors. Watching for file changes.
[2J[3J[H5:16:18 PM - File change detected. Starting incremental compilation...


5:16:18 PM - Found 0 errors. Watching for file changes.
[2J[3J[H5:16:23 PM - File change detected. Starting incremental compilation...


5:16:23 PM - Found 0 errors. Watching for file changes.
[2J[3J[H5:16:25 PM - File change detected. Starting incremental compilation...

src/scripts/home2.ts(689,22): error TS1005: ',' expected.

5:16:25 PM - Found 1 error. Watching for file changes.
[2J[3J[H5:16:35 PM - File change detected. Starting incremental compilation...

src/scripts/home2.ts(688,23): error TS1155: 'const' declarations must be initialized.
src/scripts/home2.ts(688,23): error TS7005: Variable 'verfyEamil' implicitly has an 'any' type.

5:16:35 PM - Found 2 errors. Watching for file changes.
[2J[3J[H5:16:36 PM - File change detected. Starting incremental compilation...


5:16:37 PM - Found 0 errors. Watching for file changes.
[2J[3J[H5:16:38 PM - File change detected. Starting incremental compilation...


5:16:38 PM - Found 0 errors. Watching for file changes.
[2J[3J[H5:16:42 PM - File change detected. Starting incremental compilation...

src/scripts/home2.ts(690,17): error TS1109: Expression expected.

5:16:42 PM - Found 1 error. Watching for file changes.
[2J[3J[H5:16:48 PM - File change detected. Starting incremental compilation...

src/scripts/home2.ts(690,17): error TS1109: Expression expected.

5:16:48 PM - Found 1 error. Watching for file changes.
[2J[3J[H5:16:49 PM - File change detected. Starting incremental compilation...


5:16:50 PM - Found 0 errors. Watching for file changes.
[2J[3J[H5:16:54 PM - File change detected. Starting incremental compilation...


5:16:54 PM - Found 0 errors. Watching for file changes.
[2J[3J[H5:17:02 PM - File change detected. Starting incremental compilation...


5:17:02 PM - Found 0 errors. Watching for file changes.
[2J[3J[H5:17:07 PM - File change detected. Starting incremental compilation...


5:17:07 PM - Found 0 errors. Watching for file changes.
[2J[3J[H5:18:40 PM - File change detected. Starting incremental compilation...


5:18:40 PM - Found 0 errors. Watching for file changes.
[2J[3J[H5:18:43 PM - File change detected. Starting incremental compilation...


5:18:43 PM - Found 0 errors. Watching for file changes.
[2J[3J[H5:19:21 PM - File change detected. Starting incremental compilation...

src/scripts/home2.ts(743,1): error TS1128: Declaration or statement expected.

5:19:21 PM - Found 1 error. Watching for file changes.
[2J[3J[H5:19:31 PM - File change detected. Starting incremental compilation...


5:19:31 PM - Found 0 errors. Watching for file changes.
[2J[3J[H5:21:06 PM - File change detected. Starting incremental compilation...


5:21:06 PM - Found 0 errors. Watching for file changes.
[2J[3J[H5:21:10 PM - File change detected. Starting incremental compilation...

src/scripts/home2.ts(689,29): error TS2304: Cannot find name 'email'.

5:21:10 PM - Found 1 error. Watching for file changes.
[2J[3J[H5:21:25 PM - File change detected. Starting incremental compilation...


5:21:25 PM - Found 0 errors. Watching for file changes.
[2J[3J[H5:21:50 PM - File change detected. Starting incremental compilation...


5:21:50 PM - Found 0 errors. Watching for file changes.
[2J[3J[H5:23:11 PM - File change detected. Starting incremental compilation...

src/scripts/home2.ts(688,36): error TS2349: This expression is not callable.
  Type '{ email: string; }' has no call signatures.

5:23:12 PM - Found 1 error. Watching for file changes.
[2J[3J[H5:23:13 PM - File change detected. Starting incremental compilation...


5:23:13 PM - Found 0 errors. Watching for file changes.
[2J[3J[H5:23:16 PM - File change detected. Starting incremental compilation...


5:23:16 PM - Found 0 errors. Watching for file changes.
[2J[3J[H5:23:22 PM - File change detected. Starting incremental compilation...


5:23:22 PM - Found 0 errors. Watching for file changes.
[2J[3J[H5:23:29 PM - File change detected. Starting incremental compilation...


5:23:29 PM - Found 0 errors. Watching for file changes.
[2J[3J[H5:23:30 PM - File change detected. Starting incremental compilation...


5:23:30 PM - Found 0 errors. Watching for file changes.
[2J[3J[H5:23:58 PM - File change detected. Starting incremental compilation...

src/scripts/home2.ts(761,1): error TS1005: '}' expected.

5:23:58 PM - Found 1 error. Watching for file changes.
[2J[3J[H5:24:03 PM - File change detected. Starting incremental compilation...


5:24:03 PM - Found 0 errors. Watching for file changes.
[2J[3J[H5:24:55 PM - File change detected. Starting incremental compilation...


5:24:55 PM - Found 0 errors. Watching for file changes.
[2J[3J[H5:25:55 PM - File change detected. Starting incremental compilation...


5:25:55 PM - Found 0 errors. Watching for file changes.
[2J[3J[H5:25:58 PM - File change detected. Starting incremental compilation...


5:25:58 PM - Found 0 errors. Watching for file changes.
[2J[3J[H8:03:51 PM - Starting compilation in watch mode...


8:03:59 PM - Found 0 errors. Watching for file changes.
[2J[3J[H8:09:00 PM - Starting compilation in watch mode...


8:09:04 PM - Found 0 errors. Watching for file changes.
[2J[3J[H8:30:07 PM - File change detected. Starting incremental compilation...


8:30:08 PM - Found 0 errors. Watching for file changes.
[2J[3J[H8:30:09 PM - File change detected. Starting incremental compilation...

src/scripts/settings.ts(288,18): error TS1005: ',' expected.
src/scripts/settings.ts(288,35): error TS1005: ',' expected.

8:30:09 PM - Found 2 errors. Watching for file changes.
[2J[3J[H8:30:13 PM - File change detected. Starting incremental compilation...

src/scripts/settings.ts(286,15): error TS1155: 'const' declarations must be initialized.
src/scripts/settings.ts(286,15): error TS7005: Variable 'loder' implicitly has an 'any' type.

8:30:13 PM - Found 2 errors. Watching for file changes.
[2J[3J[H8:30:16 PM - File change detected. Starting incremental compilation...

src/scripts/settings.ts(286,15): error TS1155: 'const' declarations must be initialized.
src/scripts/settings.ts(286,15): error TS7005: Variable 'loderDelet' implicitly has an 'any' type.

8:30:16 PM - Found 2 errors. Watching for file changes.
[2J[3J[H8:30:17 PM - File change detected. Starting incremental compilation...

src/scripts/settings.ts(286,15): error TS1155: 'const' declarations must be initialized.
src/scripts/settings.ts(286,15): error TS7005: Variable 'loderDelete' implicitly has an 'any' type.

8:30:17 PM - Found 2 errors. Watching for file changes.
[2J[3J[H8:30:21 PM - File change detected. Starting incremental compilation...


8:30:21 PM - Found 0 errors. Watching for file changes.
[2J[3J[H8:30:23 PM - File change detected. Starting incremental compilation...

src/scripts/settings.ts(286,29): error TS1109: Expression expected.
src/scripts/settings.ts(308,5): error TS1005: 'while' expected.

8:30:23 PM - Found 2 errors. Watching for file changes.
[2J[3J[H8:30:27 PM - File change detected. Starting incremental compilation...


8:30:27 PM - Found 0 errors. Watching for file changes.
[2J[3J[H8:30:29 PM - File change detected. Starting incremental compilation...


8:30:29 PM - Found 0 errors. Watching for file changes.
[2J[3J[H8:30:39 PM - File change detected. Starting incremental compilation...


8:30:39 PM - Found 0 errors. Watching for file changes.
[2J[3J[H8:30:41 PM - File change detected. Starting incremental compilation...

src/scripts/settings.ts(288,35): error TS1005: ',' expected.

8:30:42 PM - Found 1 error. Watching for file changes.
[2J[3J[H8:30:48 PM - File change detected. Starting incremental compilation...


8:30:48 PM - Found 0 errors. Watching for file changes.
[2J[3J[H8:32:11 PM - File change detected. Starting incremental compilation...

src/scripts/settings.ts(287,15): error TS1155: 'const' declarations must be initialized.
src/scripts/settings.ts(287,15): error TS7005: Variable 'all' implicitly has an 'any' type.

8:32:11 PM - Found 2 errors. Watching for file changes.
[2J[3J[H8:32:13 PM - File change detected. Starting incremental compilation...

src/scripts/settings.ts(287,15): error TS1155: 'const' declarations must be initialized.
src/scripts/settings.ts(287,15): error TS7005: Variable 'allS' implicitly has an 'any' type.

8:32:13 PM - Found 2 errors. Watching for file changes.
[2J[3J[H8:32:17 PM - File change detected. Starting incremental compilation...

src/scripts/settings.ts(287,28): error TS1109: Expression expected.
src/scripts/settings.ts(309,5): error TS1005: 'while' expected.

8:32:17 PM - Found 2 errors. Watching for file changes.
[2J[3J[H8:32:20 PM - File change detected. Starting incremental compilation...

src/scripts/settings.ts(287,37): error TS2339: Property 'get' does not exist on type 'Document'.

8:32:20 PM - Found 1 error. Watching for file changes.
[2J[3J[H8:32:23 PM - File change detected. Starting incremental compilation...


8:32:23 PM - Found 0 errors. Watching for file changes.
[2J[3J[H8:32:28 PM - File change detected. Starting incremental compilation...

src/scripts/settings.ts(287,78): error TS2304: Cannot find name 'HTML'.

8:32:28 PM - Found 1 error. Watching for file changes.
[2J[3J[H8:32:32 PM - File change detected. Starting incremental compilation...


8:32:32 PM - Found 0 errors. Watching for file changes.
[2J[3J[H8:33:43 PM - File change detected. Starting incremental compilation...


8:33:44 PM - Found 0 errors. Watching for file changes.
[2J[3J[H8:33:45 PM - File change detected. Starting incremental compilation...

src/scripts/settings.ts(303,17): error TS2339: Property 'setTimeout' does not exist on type 'HTMLElement'.

8:33:45 PM - Found 1 error. Watching for file changes.
[2J[3J[H8:33:47 PM - File change detected. Starting incremental compilation...


8:33:48 PM - Found 0 errors. Watching for file changes.
[2J[3J[H8:33:51 PM - File change detected. Starting incremental compilation...


8:33:51 PM - Found 0 errors. Watching for file changes.
[2J[3J[H8:33:52 PM - File change detected. Starting incremental compilation...


8:33:52 PM - Found 0 errors. Watching for file changes.
[2J[3J[H8:33:56 PM - File change detected. Starting incremental compilation...


8:33:56 PM - Found 0 errors. Watching for file changes.
[2J[3J[H8:34:03 PM - File change detected. Starting incremental compilation...


8:34:03 PM - Found 0 errors. Watching for file changes.
[2J[3J[H8:34:07 PM - File change detected. Starting incremental compilation...


8:34:07 PM - Found 0 errors. Watching for file changes.
[2J[3J[H8:34:13 PM - File change detected. Starting incremental compilation...


8:34:13 PM - Found 0 errors. Watching for file changes.
[2J[3J[H8:34:16 PM - File change detected. Starting incremental compilation...

src/scripts/settings.ts(304,17): error TS2339: Property 'setTimeout' does not exist on type 'HTMLElement'.

8:34:16 PM - Found 1 error. Watching for file changes.
[2J[3J[H8:34:18 PM - File change detected. Starting incremental compilation...


8:34:18 PM - Found 0 errors. Watching for file changes.
[2J[3J[H8:34:20 PM - File change detected. Starting incremental compilation...


8:34:20 PM - Found 0 errors. Watching for file changes.
[2J[3J[H8:34:23 PM - File change detected. Starting incremental compilation...

src/scripts/settings.ts(303,17): error TS2322: Type 'Timeout' is not assignable to type 'string'.

8:34:23 PM - Found 1 error. Watching for file changes.
[2J[3J[H8:34:24 PM - File change detected. Starting incremental compilation...


8:34:25 PM - Found 0 errors. Watching for file changes.
[2J[3J[H8:34:26 PM - File change detected. Starting incremental compilation...


8:34:26 PM - Found 0 errors. Watching for file changes.
[2J[3J[H8:34:52 PM - File change detected. Starting incremental compilation...


8:34:52 PM - Found 0 errors. Watching for file changes.
[2J[3J[H8:35:03 PM - File change detected. Starting incremental compilation...


8:35:03 PM - Found 0 errors. Watching for file changes.
[2J[3J[H8:49:35 PM - File change detected. Starting incremental compilation...


8:49:36 PM - Found 0 errors. Watching for file changes.
[2J[3J[H8:49:48 PM - File change detected. Starting incremental compilation...


8:49:48 PM - Found 0 errors. Watching for file changes.
[2J[3J[H8:49:52 PM - File change detected. Starting incremental compilation...


8:49:53 PM - Found 0 errors. Watching for file changes.
[2J[3J[H8:49:56 PM - File change detected. Starting incremental compilation...


8:49:56 PM - Found 0 errors. Watching for file changes.
[2J[3J[H8:49:57 PM - File change detected. Starting incremental compilation...


8:49:57 PM - Found 0 errors. Watching for file changes.
[2J[3J[H8:50:02 PM - File change detected. Starting incremental compilation...


8:50:02 PM - Found 0 errors. Watching for file changes.
[2J[3J[H8:50:09 PM - File change detected. Starting incremental compilation...

src/scripts/settings.ts(68,1): error TS1109: Expression expected.
src/scripts/settings.ts(69,5): error TS1109: Expression expected.
src/scripts/settings.ts(334,1): error TS1128: Declaration or statement expected.

8:50:09 PM - Found 3 errors. Watching for file changes.
[2J[3J[H8:50:12 PM - File change detected. Starting incremental compilation...

src/scripts/settings.ts(61,39): error TS2304: Cannot find name 'formatFileSize'.

8:50:12 PM - Found 1 error. Watching for file changes.
[2J[3J[H8:50:31 PM - File change detected. Starting incremental compilation...


8:50:32 PM - Found 0 errors. Watching for file changes.
[2J[3J[H8:55:21 PM - File change detected. Starting incremental compilation...

src/scripts/settings.ts(96,31): error TS2531: Object is possibly 'null'.
src/scripts/settings.ts(123,17): error TS2304: Cannot find name 'getFileName'.

8:55:21 PM - Found 2 errors. Watching for file changes.
[2J[3J[H8:55:29 PM - File change detected. Starting incremental compilation...

src/scripts/settings.ts(100,51): error TS2552: Cannot find name 'response'. Did you mean 'Response'?
src/scripts/settings.ts(123,17): error TS2304: Cannot find name 'getFileName'.

8:55:29 PM - Found 2 errors. Watching for file changes.
[2J[3J[H8:55:33 PM - File change detected. Starting incremental compilation...

src/scripts/settings.ts(99,51): error TS2552: Cannot find name 'response'. Did you mean 'Response'?
src/scripts/settings.ts(122,17): error TS2304: Cannot find name 'getFileName'.

8:55:34 PM - Found 2 errors. Watching for file changes.
[2J[3J[H8:55:38 PM - File change detected. Starting incremental compilation...

src/scripts/settings.ts(106,5): error TS1472: 'catch' or 'finally' expected.
src/scripts/settings.ts(368,1): error TS1005: '}' expected.

8:55:38 PM - Found 2 errors. Watching for file changes.
[2J[3J[H8:56:13 PM - File change detected. Starting incremental compilation...

src/scripts/settings.ts(96,31): error TS2531: Object is possibly 'null'.
src/scripts/settings.ts(123,17): error TS2304: Cannot find name 'getFileName'.

8:56:14 PM - Found 2 errors. Watching for file changes.
[2J[3J[H8:56:20 PM - File change detected. Starting incremental compilation...

src/scripts/settings.ts(123,17): error TS2304: Cannot find name 'getFileName'.

8:56:21 PM - Found 1 error. Watching for file changes.
[2J[3J[H8:57:56 PM - File change detected. Starting incremental compilation...


8:57:56 PM - Found 0 errors. Watching for file changes.
[2J[3J[H8:58:11 PM - File change detected. Starting incremental compilation...


8:58:11 PM - Found 0 errors. Watching for file changes.
[2J[3J[H8:58:13 PM - File change detected. Starting incremental compilation...

src/scripts/settings.ts(123,17): error TS2554: Expected 1 arguments, but got 0.

8:58:13 PM - Found 1 error. Watching for file changes.
[2J[3J[H8:58:19 PM - File change detected. Starting incremental compilation...


8:58:19 PM - Found 0 errors. Watching for file changes.
[2J[3J[H8:58:21 PM - File change detected. Starting incremental compilation...


8:58:21 PM - Found 0 errors. Watching for file changes.
[2J[3J[H9:30:23 PM - File change detected. Starting incremental compilation...

src/scripts/settings.ts(56,17): error TS2304: Cannot find name 'convertImageToBase64'.

9:30:23 PM - Found 1 error. Watching for file changes.
[2J[3J[H9:30:29 PM - File change detected. Starting incremental compilation...


9:30:29 PM - Found 0 errors. Watching for file changes.
[2J[3J[H9:30:36 PM - File change detected. Starting incremental compilation...

src/scripts/settings.ts(40,22): error TS1005: '(' expected.
src/scripts/settings.ts(40,23): error TS1109: Expression expected.
src/scripts/settings.ts(40,34): error TS1005: ';' expected.

9:30:36 PM - Found 3 errors. Watching for file changes.
[2J[3J[H9:30:39 PM - File change detected. Starting incremental compilation...

src/scripts/settings.ts(40,5): error TS1005: '(' expected.

9:30:39 PM - Found 1 error. Watching for file changes.
[2J[3J[H9:30:40 PM - File change detected. Starting incremental compilation...

src/scripts/settings.ts(38,14): error TS2391: Function implementation is missing or not immediately following the declaration.
src/scripts/settings.ts(38,14): error TS7010: 'upload', which lacks return-type annotation, implicitly has an 'any' return type.

9:30:40 PM - Found 2 errors. Watching for file changes.
[2J[3J[H9:30:41 PM - File change detected. Starting incremental compilation...


9:30:42 PM - Found 0 errors. Watching for file changes.
[2J[3J[H9:31:05 PM - File change detected. Starting incremental compilation...

src/scripts/settings.ts(41,5): error TS1003: Identifier expected.

9:31:06 PM - Found 1 error. Watching for file changes.
[2J[3J[H9:31:08 PM - File change detected. Starting incremental compilation...


9:31:08 PM - Found 0 errors. Watching for file changes.
[2J[3J[H9:31:10 PM - File change detected. Starting incremental compilation...


9:31:10 PM - Found 0 errors. Watching for file changes.
[2J[3J[H9:31:13 PM - File change detected. Starting incremental compilation...


9:31:13 PM - Found 0 errors. Watching for file changes.
[2J[3J[H9:31:14 PM - File change detected. Starting incremental compilation...


9:31:15 PM - Found 0 errors. Watching for file changes.
[2J[3J[H9:31:17 PM - File change detected. Starting incremental compilation...

src/scripts/settings.ts(40,57): error TS2304: Cannot find name 'HTML'.

9:31:17 PM - Found 1 error. Watching for file changes.
[2J[3J[H9:31:19 PM - File change detected. Starting incremental compilation...

src/scripts/settings.ts(40,57): error TS2304: Cannot find name 'HTMLE'.

9:31:19 PM - Found 1 error. Watching for file changes.
[2J[3J[H9:31:21 PM - File change detected. Starting incremental compilation...

src/scripts/settings.ts(40,57): error TS2304: Cannot find name 'HTMLEM'.

9:31:21 PM - Found 1 error. Watching for file changes.
[2J[3J[H9:31:23 PM - File change detected. Starting incremental compilation...

src/scripts/settings.ts(40,57): error TS2304: Cannot find name 'HTML'.

9:31:23 PM - Found 1 error. Watching for file changes.
[2J[3J[H9:31:26 PM - File change detected. Starting incremental compilation...

src/scripts/settings.ts(40,57): error TS2304: Cannot find name 'HTMLP'.

9:31:26 PM - Found 1 error. Watching for file changes.
[2J[3J[H9:31:28 PM - File change detected. Starting incremental compilation...


9:31:28 PM - Found 0 errors. Watching for file changes.
[2J[3J[H9:31:29 PM - File change detected. Starting incremental compilation...


9:31:29 PM - Found 0 errors. Watching for file changes.
[2J[3J[H9:31:30 PM - File change detected. Starting incremental compilation...


9:31:31 PM - Found 0 errors. Watching for file changes.
[2J[3J[H9:31:50 PM - File change detected. Starting incremental compilation...

src/scripts/settings.ts(41,53): error TS2304: Cannot find name 'Inputswich'.

9:31:50 PM - Found 1 error. Watching for file changes.
[2J[3J[H9:32:15 PM - File change detected. Starting incremental compilation...


9:32:15 PM - Found 0 errors. Watching for file changes.
[2J[3J[H9:32:16 PM - File change detected. Starting incremental compilation...


9:32:17 PM - Found 0 errors. Watching for file changes.
[2J[3J[H9:32:29 PM - File change detected. Starting incremental compilation...


9:32:30 PM - Found 0 errors. Watching for file changes.
[2J[3J[H9:32:32 PM - File change detected. Starting incremental compilation...


9:32:32 PM - Found 0 errors. Watching for file changes.
[2J[3J[H9:33:04 PM - File change detected. Starting incremental compilation...


9:33:04 PM - Found 0 errors. Watching for file changes.
[2J[3J[H9:33:11 PM - File change detected. Starting incremental compilation...


9:33:11 PM - Found 0 errors. Watching for file changes.
[2J[3J[H9:33:15 PM - File change detected. Starting incremental compilation...

src/scripts/settings.ts(45,5): error TS1003: Identifier expected.

9:33:15 PM - Found 1 error. Watching for file changes.
[2J[3J[H9:33:17 PM - File change detected. Starting incremental compilation...

src/scripts/settings.ts(43,22): error TS2554: Expected 2-3 arguments, but got 0.

9:33:18 PM - Found 1 error. Watching for file changes.
[2J[3J[H9:33:19 PM - File change detected. Starting incremental compilation...

src/scripts/settings.ts(43,22): error TS2554: Expected 2-3 arguments, but got 1.
src/scripts/settings.ts(43,39): error TS2304: Cannot find name 'cli'.

9:33:19 PM - Found 2 errors. Watching for file changes.
[2J[3J[H9:33:23 PM - File change detected. Starting incremental compilation...

src/scripts/settings.ts(43,22): error TS2554: Expected 2-3 arguments, but got 1.

9:33:23 PM - Found 1 error. Watching for file changes.
[2J[3J[H9:33:25 PM - File change detected. Starting incremental compilation...

src/scripts/settings.ts(43,49): error TS1109: Expression expected.

9:33:25 PM - Found 1 error. Watching for file changes.
[2J[3J[H9:33:28 PM - File change detected. Starting incremental compilation...


9:33:28 PM - Found 0 errors. Watching for file changes.
[2J[3J[H9:33:30 PM - File change detected. Starting incremental compilation...


9:33:30 PM - Found 0 errors. Watching for file changes.
[2J[3J[H9:33:31 PM - File change detected. Starting incremental compilation...


9:33:32 PM - Found 0 errors. Watching for file changes.
[2J[3J[H9:33:44 PM - File change detected. Starting incremental compilation...


9:33:44 PM - Found 0 errors. Watching for file changes.
[2J[3J[H9:33:58 PM - File change detected. Starting incremental compilation...


9:33:58 PM - Found 0 errors. Watching for file changes.
[2J[3J[H9:34:07 PM - File change detected. Starting incremental compilation...

src/scripts/settings.ts(44,24): error TS2339: Property 's' does not exist on type 'HTMLPictureElement'.

9:34:08 PM - Found 1 error. Watching for file changes.
[2J[3J[H9:34:09 PM - File change detected. Starting incremental compilation...

src/scripts/settings.ts(44,24): error TS2339: Property 'sr' does not exist on type 'HTMLPictureElement'.

9:34:09 PM - Found 1 error. Watching for file changes.
[2J[3J[H9:34:11 PM - File change detected. Starting incremental compilation...

src/scripts/settings.ts(44,24): error TS2339: Property 'src' does not exist on type 'HTMLPictureElement'.

9:34:11 PM - Found 1 error. Watching for file changes.
[2J[3J[H9:35:14 PM - File change detected. Starting incremental compilation...


9:35:14 PM - Found 0 errors. Watching for file changes.
[2J[3J[H9:35:25 PM - File change detected. Starting incremental compilation...

src/scripts/settings.ts(45,9): error TS1109: Expression expected.

9:35:25 PM - Found 1 error. Watching for file changes.
[2J[3J[H9:35:27 PM - File change detected. Starting incremental compilation...

src/scripts/settings.ts(44,30): error TS2304: Cannot find name 'ur'.

9:35:27 PM - Found 1 error. Watching for file changes.
[2J[3J[H9:35:29 PM - File change detected. Starting incremental compilation...

src/scripts/settings.ts(45,13): error TS2322: Type '() => string | undefined' is not assignable to type 'string'.

9:35:29 PM - Found 1 error. Watching for file changes.
[2J[3J[H9:35:30 PM - File change detected. Starting incremental compilation...

src/scripts/settings.ts(45,13): error TS2322: Type 'string | undefined' is not assignable to type 'string'.
  Type 'undefined' is not assignable to type 'string'.

9:35:30 PM - Found 1 error. Watching for file changes.
[2J[3J[H9:35:34 PM - File change detected. Starting incremental compilation...

src/scripts/settings.ts(46,9): error TS1003: Identifier expected.

9:35:34 PM - Found 1 error. Watching for file changes.
[2J[3J[H9:35:35 PM - File change detected. Starting incremental compilation...

src/scripts/settings.ts(45,34): error TS2339: Property 'c' does not exist on type '() => string | undefined'.

9:35:35 PM - Found 1 error. Watching for file changes.
[2J[3J[H9:35:38 PM - File change detected. Starting incremental compilation...

src/scripts/settings.ts(45,34): error TS2339: Property 'crea' does not exist on type '() => string | undefined'.

9:35:38 PM - Found 1 error. Watching for file changes.
[2J[3J[H9:35:46 PM - File change detected. Starting incremental compilation...

src/scripts/settings.ts(45,34): error TS2339: Property 'create' does not exist on type '() => string | undefined'.

9:35:46 PM - Found 1 error. Watching for file changes.
[2J[3J[H9:35:51 PM - File change detected. Starting incremental compilation...

src/scripts/settings.ts(45,34): error TS2339: Property 'createObjectURL' does not exist on type '() => string | undefined'.

9:35:51 PM - Found 1 error. Watching for file changes.
[2J[3J[H9:35:55 PM - File change detected. Starting incremental compilation...

src/scripts/settings.ts(45,34): error TS2339: Property 'createObjectURL' does not exist on type '() => string | undefined'.

9:35:55 PM - Found 1 error. Watching for file changes.
[2J[3J[H9:37:02 PM - File change detected. Starting incremental compilation...

src/scripts/settings.ts(45,51): error TS2552: Cannot find name 'blob'. Did you mean 'Blob'?

9:37:02 PM - Found 1 error. Watching for file changes.
[2J[3J[H9:37:05 PM - File change detected. Starting incremental compilation...

src/scripts/settings.ts(45,50): error TS2552: Cannot find name 'blob'. Did you mean 'Blob'?

9:37:05 PM - Found 1 error. Watching for file changes.
[2J[3J[H9:37:25 PM - File change detected. Starting incremental compilation...

src/scripts/settings.ts(45,50): error TS2345: Argument of type 'HTMLInputElement' is not assignable to parameter of type 'Blob | MediaSource'.
  Type 'HTMLInputElement' is missing the following properties from type 'MediaSource': activeSourceBuffers, duration, onsourceclose, onsourceended, and 8 more.

9:37:26 PM - Found 1 error. Watching for file changes.
[2J[3J[H9:37:27 PM - File change detected. Starting incremental compilation...

src/scripts/settings.ts(45,63): error TS1003: Identifier expected.

9:37:27 PM - Found 1 error. Watching for file changes.
[2J[3J[H9:37:29 PM - File change detected. Starting incremental compilation...

src/scripts/settings.ts(45,50): error TS2345: Argument of type 'FileList | null' is not assignable to parameter of type 'Blob | MediaSource'.
  Type 'null' is not assignable to type 'Blob | MediaSource'.

9:37:29 PM - Found 1 error. Watching for file changes.
[2J[3J[H9:37:32 PM - File change detected. Starting incremental compilation...

src/scripts/settings.ts(45,50): error TS18047: 'inputUplouad.files' is possibly 'null'.

9:37:32 PM - Found 1 error. Watching for file changes.
[2J[3J[H9:37:39 PM - File change detected. Starting incremental compilation...

src/scripts/settings.ts(45,50): error TS2531: Object is possibly 'null'.

9:37:39 PM - Found 1 error. Watching for file changes.
[2J[3J[H9:37:41 PM - File change detected. Starting incremental compilation...

src/scripts/settings.ts(45,50): error TS18047: 'inputUplouad.files' is possibly 'null'.

9:37:41 PM - Found 1 error. Watching for file changes.
[2J[3J[H9:37:43 PM - File change detected. Starting incremental compilation...

src/scripts/settings.ts(45,50): error TS18047: 'inputUplouad.files' is possibly 'null'.

9:37:43 PM - Found 1 error. Watching for file changes.
[2J[3J[H9:37:45 PM - File change detected. Starting incremental compilation...

src/scripts/settings.ts(45,50): error TS2531: Object is possibly 'null'.

9:37:46 PM - Found 1 error. Watching for file changes.
[2J[3J[H9:37:58 PM - File change detected. Starting incremental compilation...

src/scripts/settings.ts(45,50): error TS18047: 'inputUplouad.files' is possibly 'null'.

9:37:58 PM - Found 1 error. Watching for file changes.
[2J[3J[H9:38:32 PM - File change detected. Starting incremental compilation...


9:38:32 PM - Found 0 errors. Watching for file changes.
[2J[3J[H9:38:34 PM - File change detected. Starting incremental compilation...


9:38:34 PM - Found 0 errors. Watching for file changes.
[2J[3J[H9:38:37 PM - File change detected. Starting incremental compilation...


9:38:37 PM - Found 0 errors. Watching for file changes.
[2J[3J[H9:38:41 PM - File change detected. Starting incremental compilation...

src/scripts/settings.ts(47,6): error TS1128: Declaration or statement expected.
src/scripts/settings.ts(48,3): error TS1005: ',' expected.
src/scripts/settings.ts(49,12): error TS1005: ',' expected.
src/scripts/settings.ts(49,18): error TS1005: ',' expected.
src/scripts/settings.ts(50,1): error TS1128: Declaration or statement expected.
src/scripts/settings.ts(52,5): error TS1128: Declaration or statement expected.
src/scripts/settings.ts(314,1): error TS1128: Declaration or statement expected.

9:38:41 PM - Found 7 errors. Watching for file changes.
[2J[3J[H9:38:43 PM - File change detected. Starting incremental compilation...


9:38:44 PM - Found 0 errors. Watching for file changes.
[2J[3J[H9:38:44 PM - File change detected. Starting incremental compilation...


9:38:45 PM - Found 0 errors. Watching for file changes.
[2J[3J[H9:38:47 PM - File change detected. Starting incremental compilation...


9:38:47 PM - Found 0 errors. Watching for file changes.
[2J[3J[H9:38:49 PM - File change detected. Starting incremental compilation...


9:38:50 PM - Found 0 errors. Watching for file changes.
[2J[3J[H9:39:27 PM - File change detected. Starting incremental compilation...


9:39:27 PM - Found 0 errors. Watching for file changes.
[2J[3J[H9:39:29 PM - File change detected. Starting incremental compilation...


9:39:30 PM - Found 0 errors. Watching for file changes.
[2J[3J[H9:39:31 PM - File change detected. Starting incremental compilation...


9:39:31 PM - Found 0 errors. Watching for file changes.
[2J[3J[H9:39:32 PM - File change detected. Starting incremental compilation...


9:39:32 PM - Found 0 errors. Watching for file changes.
[2J[3J[H9:42:36 PM - File change detected. Starting incremental compilation...


9:42:36 PM - Found 0 errors. Watching for file changes.
[2J[3J[H9:43:27 PM - File change detected. Starting incremental compilation...


9:43:27 PM - Found 0 errors. Watching for file changes.
[2J[3J[H9:44:17 PM - File change detected. Starting incremental compilation...


9:44:18 PM - Found 0 errors. Watching for file changes.
[2J[3J[H9:44:22 PM - File change detected. Starting incremental compilation...


9:44:22 PM - Found 0 errors. Watching for file changes.
[2J[3J[H9:44:24 PM - File change detected. Starting incremental compilation...


9:44:24 PM - Found 0 errors. Watching for file changes.
[2J[3J[H9:44:25 PM - File change detected. Starting incremental compilation...


9:44:25 PM - Found 0 errors. Watching for file changes.
[2J[3J[H9:47:33 PM - File change detected. Starting incremental compilation...


9:47:34 PM - Found 0 errors. Watching for file changes.
[2J[3J[H9:47:35 PM - File change detected. Starting incremental compilation...


9:47:35 PM - Found 0 errors. Watching for file changes.
[2J[3J[H9:47:39 PM - File change detected. Starting incremental compilation...


9:47:39 PM - Found 0 errors. Watching for file changes.
[2J[3J[H9:47:45 PM - File change detected. Starting incremental compilation...


9:47:45 PM - Found 0 errors. Watching for file changes.
[2J[3J[H9:47:48 PM - File change detected. Starting incremental compilation...


9:47:48 PM - Found 0 errors. Watching for file changes.
[2J[3J[H9:47:52 PM - File change detected. Starting incremental compilation...


9:47:52 PM - Found 0 errors. Watching for file changes.
[2J[3J[H9:47:54 PM - File change detected. Starting incremental compilation...


9:47:54 PM - Found 0 errors. Watching for file changes.
[2J[3J[H9:48:04 PM - File change detected. Starting incremental compilation...


9:48:04 PM - Found 0 errors. Watching for file changes.
[2J[3J[H9:48:55 PM - File change detected. Starting incremental compilation...


9:48:55 PM - Found 0 errors. Watching for file changes.
[2J[3J[H9:49:00 PM - File change detected. Starting incremental compilation...

src/scripts/settings.ts(70,13): error TS2304: Cannot find name 'co'.

9:49:01 PM - Found 1 error. Watching for file changes.
[2J[3J[H9:49:08 PM - File change detected. Starting incremental compilation...


9:49:08 PM - Found 0 errors. Watching for file changes.
[2J[3J[H9:49:10 PM - File change detected. Starting incremental compilation...


9:49:10 PM - Found 0 errors. Watching for file changes.
[2J[3J[H9:49:34 PM - File change detected. Starting incremental compilation...

src/scripts/settings.ts(71,26): error TS2339: Property 'cl' does not exist on type 'HTMLInputElement'.

9:49:34 PM - Found 1 error. Watching for file changes.
[2J[3J[H9:49:37 PM - File change detected. Starting incremental compilation...


9:49:37 PM - Found 0 errors. Watching for file changes.
[2J[3J[H9:49:38 PM - File change detected. Starting incremental compilation...


9:49:38 PM - Found 0 errors. Watching for file changes.
[2J[3J[H9:50:41 PM - File change detected. Starting incremental compilation...


9:50:42 PM - Found 0 errors. Watching for file changes.
[2J[3J[H9:51:03 PM - File change detected. Starting incremental compilation...


9:51:03 PM - Found 0 errors. Watching for file changes.
[2J[3J[H9:51:14 PM - File change detected. Starting incremental compilation...


9:51:14 PM - Found 0 errors. Watching for file changes.
[2J[3J[H9:51:15 PM - File change detected. Starting incremental compilation...


9:51:15 PM - Found 0 errors. Watching for file changes.
[2J[3J[H9:52:00 PM - File change detected. Starting incremental compilation...


9:52:00 PM - Found 0 errors. Watching for file changes.
[2J[3J[H9:52:03 PM - File change detected. Starting incremental compilation...


9:52:03 PM - Found 0 errors. Watching for file changes.
[2J[3J[H9:52:04 PM - File change detected. Starting incremental compilation...


9:52:05 PM - Found 0 errors. Watching for file changes.
[2J[3J[H9:52:31 PM - File change detected. Starting incremental compilation...

src/scripts/settings.ts(54,11): error TS1128: Declaration or statement expected.
src/scripts/settings.ts(311,1): error TS1128: Declaration or statement expected.

9:52:32 PM - Found 2 errors. Watching for file changes.
[2J[3J[H9:52:41 PM - File change detected. Starting incremental compilation...

src/scripts/settings.ts(45,9): error TS18047: 'inputUpload' is possibly 'null'.
src/scripts/settings.ts(46,17): error TS18047: 'inputUpload' is possibly 'null'.
src/scripts/settings.ts(46,38): error TS18047: 'inputUpload' is possibly 'null'.
src/scripts/settings.ts(47,54): error TS18047: 'inputUpload' is possibly 'null'.

9:52:41 PM - Found 4 errors. Watching for file changes.
[2J[3J[H9:52:50 PM - File change detected. Starting incremental compilation...

src/scripts/settings.ts(312,1): error TS1005: '}' expected.

9:52:50 PM - Found 1 error. Watching for file changes.
[2J[3J[H9:52:57 PM - File change detected. Starting incremental compilation...

src/scripts/settings.ts(45,9): error TS18047: 'inputUpload' is possibly 'null'.
src/scripts/settings.ts(46,17): error TS18047: 'inputUpload' is possibly 'null'.
src/scripts/settings.ts(46,38): error TS18047: 'inputUpload' is possibly 'null'.
src/scripts/settings.ts(47,54): error TS18047: 'inputUpload' is possibly 'null'.

9:52:58 PM - Found 4 errors. Watching for file changes.
[2J[3J[H9:52:59 PM - File change detected. Starting incremental compilation...

src/scripts/settings.ts(44,9): error TS18047: 'inputUpload' is possibly 'null'.
src/scripts/settings.ts(45,17): error TS18047: 'inputUpload' is possibly 'null'.
src/scripts/settings.ts(45,38): error TS18047: 'inputUpload' is possibly 'null'.
src/scripts/settings.ts(46,54): error TS18047: 'inputUpload' is possibly 'null'.

9:52:59 PM - Found 4 errors. Watching for file changes.
[2J[3J[H9:53:18 PM - File change detected. Starting incremental compilation...

src/scripts/settings.ts(44,9): error TS2552: Cannot find name 'nputUplouad'. Did you mean 'inputUpload'?
src/scripts/settings.ts(45,13): error TS18047: 'profilePic' is possibly 'null'.
src/scripts/settings.ts(45,50): error TS2552: Cannot find name 'inputUplouad'. Did you mean 'inputUpload'?

9:53:19 PM - Found 3 errors. Watching for file changes.
[2J[3J[H9:53:30 PM - File change detected. Starting incremental compilation...

src/scripts/settings.ts(44,9): error TS18047: 'inputUpload' is possibly 'null'.
src/scripts/settings.ts(45,13): error TS18047: 'profilePic' is possibly 'null'.
src/scripts/settings.ts(45,50): error TS2552: Cannot find name 'inputUplouad'. Did you mean 'inputUpload'?

9:53:30 PM - Found 3 errors. Watching for file changes.
[2J[3J[H9:53:36 PM - File change detected. Starting incremental compilation...

src/scripts/settings.ts(45,13): error TS18047: 'profilePic' is possibly 'null'.
src/scripts/settings.ts(45,50): error TS2552: Cannot find name 'inputUplouad'. Did you mean 'inputUpload'?

9:53:36 PM - Found 2 errors. Watching for file changes.
[2J[3J[H9:53:47 PM - File change detected. Starting incremental compilation...

src/scripts/settings.ts(45,13): error TS18047: 'profilePic' is possibly 'null'.
src/scripts/settings.ts(45,50): error TS18047: 'inputUpload' is possibly 'null'.
src/scripts/settings.ts(45,50): error TS18047: 'inputUpload.files' is possibly 'null'.

9:53:47 PM - Found 3 errors. Watching for file changes.
[2J[3J[H9:54:01 PM - File change detected. Starting incremental compilation...

src/scripts/settings.ts(45,51): error TS18047: 'inputUpload' is possibly 'null'.
src/scripts/settings.ts(45,51): error TS18047: 'inputUpload.files' is possibly 'null'.

9:54:01 PM - Found 2 errors. Watching for file changes.
[2J[3J[H9:54:05 PM - File change detected. Starting incremental compilation...

src/scripts/settings.ts(45,51): error TS2531: Object is possibly 'null'.

9:54:06 PM - Found 1 error. Watching for file changes.
[2J[3J[H9:54:16 PM - File change detected. Starting incremental compilation...

src/scripts/settings.ts(44,12): error TS1109: Expression expected.

9:54:16 PM - Found 1 error. Watching for file changes.
[2J[3J[H9:54:20 PM - File change detected. Starting incremental compilation...

src/scripts/settings.ts(46,51): error TS2531: Object is possibly 'null'.

9:54:20 PM - Found 1 error. Watching for file changes.
[2J[3J[H9:54:23 PM - File change detected. Starting incremental compilation...

src/scripts/settings.ts(49,51): error TS2531: Object is possibly 'null'.

9:54:23 PM - Found 1 error. Watching for file changes.
[2J[3J[H9:54:25 PM - File change detected. Starting incremental compilation...


9:54:25 PM - Found 0 errors. Watching for file changes.
[2J[3J[H9:54:28 PM - File change detected. Starting incremental compilation...

src/scripts/settings.ts(47,55): error TS2531: Object is possibly 'null'.

9:54:28 PM - Found 1 error. Watching for file changes.
[2J[3J[H9:54:31 PM - File change detected. Starting incremental compilation...

src/scripts/settings.ts(47,55): error TS18047: 'inputUpload.files' is possibly 'null'.

9:54:32 PM - Found 1 error. Watching for file changes.
[2J[3J[H9:55:00 PM - File change detected. Starting incremental compilation...

src/scripts/settings.ts(47,55): error TS18047: 'inputUpload.files' is possibly 'null'.

9:55:01 PM - Found 1 error. Watching for file changes.
[2J[3J[H9:56:16 PM - File change detected. Starting incremental compilation...


9:56:17 PM - Found 0 errors. Watching for file changes.
[2J[3J[H9:57:01 PM - File change detected. Starting incremental compilation...


9:57:01 PM - Found 0 errors. Watching for file changes.
[2J[3J[H9:57:02 PM - File change detected. Starting incremental compilation...


9:57:03 PM - Found 0 errors. Watching for file changes.
[2J[3J[H9:57:06 PM - File change detected. Starting incremental compilation...


9:57:06 PM - Found 0 errors. Watching for file changes.
[2J[3J[H9:58:25 PM - File change detected. Starting incremental compilation...


9:58:26 PM - Found 0 errors. Watching for file changes.
[2J[3J[H9:58:27 PM - File change detected. Starting incremental compilation...


9:58:27 PM - Found 0 errors. Watching for file changes.
[2J[3J[H10:00:06 PM - File change detected. Starting incremental compilation...

src/scripts/settings.ts(56,9): error TS2304: Cannot find name 'upload'.

10:00:06 PM - Found 1 error. Watching for file changes.
[2J[3J[H10:00:10 PM - File change detected. Starting incremental compilation...

src/scripts/settings.ts(53,9): error TS2304: Cannot find name 'upload'.

10:00:10 PM - Found 1 error. Watching for file changes.
[2J[3J[H10:00:18 PM - File change detected. Starting incremental compilation...

src/scripts/settings.ts(54,9): error TS2304: Cannot find name 'upload'.

10:00:18 PM - Found 1 error. Watching for file changes.
[2J[3J[H10:00:19 PM - File change detected. Starting incremental compilation...


10:00:19 PM - Found 0 errors. Watching for file changes.
[2J[3J[H10:00:24 PM - File change detected. Starting incremental compilation...


10:00:24 PM - Found 0 errors. Watching for file changes.
[2J[3J[H10:00:26 PM - File change detected. Starting incremental compilation...


10:00:26 PM - Found 0 errors. Watching for file changes.
[2J[3J[H10:00:28 PM - File change detected. Starting incremental compilation...


10:00:29 PM - Found 0 errors. Watching for file changes.
[2J[3J[H10:01:10 PM - File change detected. Starting incremental compilation...

src/scripts/settings.ts(51,13): error TS2304: Cannot find name 'upload'.

10:01:10 PM - Found 1 error. Watching for file changes.
[2J[3J[H10:01:11 PM - File change detected. Starting incremental compilation...


10:01:11 PM - Found 0 errors. Watching for file changes.
[2J[3J[H10:01:55 PM - File change detected. Starting incremental compilation...

src/scripts/settings.ts(51,13): error TS2304: Cannot find name 'upload'.

10:01:55 PM - Found 1 error. Watching for file changes.
[2J[3J[H10:02:00 PM - File change detected. Starting incremental compilation...


10:02:00 PM - Found 0 errors. Watching for file changes.
[2J[3J[H10:02:01 PM - File change detected. Starting incremental compilation...


10:02:01 PM - Found 0 errors. Watching for file changes.
[2J[3J[H10:02:02 PM - File change detected. Starting incremental compilation...

src/scripts/settings.ts(52,13): error TS2552: Cannot find name 'inputUpload'. Did you mean 'inputUplouad'?
src/scripts/settings.ts(55,21): error TS2552: Cannot find name 'inputUpload'. Did you mean 'inputUplouad'?
src/scripts/settings.ts(55,42): error TS2552: Cannot find name 'inputUpload'. Did you mean 'inputUplouad'?
src/scripts/settings.ts(56,34): error TS2552: Cannot find name 'inputUpload'. Did you mean 'inputUplouad'?
src/scripts/settings.ts(62,21): error TS2304: Cannot find name 'profilePic'.

10:02:02 PM - Found 5 errors. Watching for file changes.
[2J[3J[H10:02:13 PM - File change detected. Starting incremental compilation...

src/scripts/settings.ts(54,13): error TS2552: Cannot find name 'inputUpload'. Did you mean 'inputUplouad'?
src/scripts/settings.ts(57,21): error TS2552: Cannot find name 'inputUpload'. Did you mean 'inputUplouad'?
src/scripts/settings.ts(57,42): error TS2552: Cannot find name 'inputUpload'. Did you mean 'inputUplouad'?
src/scripts/settings.ts(58,34): error TS2552: Cannot find name 'inputUpload'. Did you mean 'inputUplouad'?
src/scripts/settings.ts(64,21): error TS2304: Cannot find name 'profilePic'.

10:02:13 PM - Found 5 errors. Watching for file changes.
[2J[3J[H10:02:15 PM - File change detected. Starting incremental compilation...

src/scripts/settings.ts(54,13): error TS18047: 'inputUpload' is possibly 'null'.
src/scripts/settings.ts(57,21): error TS18047: 'inputUpload' is possibly 'null'.
src/scripts/settings.ts(57,42): error TS18047: 'inputUpload' is possibly 'null'.
src/scripts/settings.ts(58,34): error TS18047: 'inputUpload' is possibly 'null'.
src/scripts/settings.ts(64,21): error TS2304: Cannot find name 'profilePic'.

10:02:15 PM - Found 5 errors. Watching for file changes.
[2J[3J[H10:02:24 PM - File change detected. Starting incremental compilation...

src/scripts/settings.ts(57,21): error TS18047: 'inputUpload' is possibly 'null'.
src/scripts/settings.ts(57,42): error TS18047: 'inputUpload' is possibly 'null'.
src/scripts/settings.ts(58,34): error TS18047: 'inputUpload' is possibly 'null'.
src/scripts/settings.ts(64,21): error TS2304: Cannot find name 'profilePic'.

10:02:24 PM - Found 4 errors. Watching for file changes.
[2J[3J[H10:02:26 PM - File change detected. Starting incremental compilation...

src/scripts/settings.ts(57,43): error TS18047: 'inputUpload' is possibly 'null'.
src/scripts/settings.ts(58,34): error TS18047: 'inputUpload' is possibly 'null'.
src/scripts/settings.ts(64,21): error TS2304: Cannot find name 'profilePic'.

10:02:26 PM - Found 3 errors. Watching for file changes.
[2J[3J[H10:02:28 PM - File change detected. Starting incremental compilation...

src/scripts/settings.ts(58,34): error TS18047: 'inputUpload' is possibly 'null'.
src/scripts/settings.ts(64,21): error TS2304: Cannot find name 'profilePic'.

10:02:29 PM - Found 2 errors. Watching for file changes.
[2J[3J[H10:02:30 PM - File change detected. Starting incremental compilation...

src/scripts/settings.ts(64,21): error TS2304: Cannot find name 'profilePic'.

10:02:31 PM - Found 1 error. Watching for file changes.
[2J[3J[H10:02:35 PM - File change detected. Starting incremental compilation...

src/scripts/settings.ts(64,21): error TS2304: Cannot find name 'profilePic'.

10:02:35 PM - Found 1 error. Watching for file changes.
[2J[3J[H10:02:49 PM - File change detected. Starting incremental compilation...


10:02:49 PM - Found 0 errors. Watching for file changes.
[2J[3J[H10:03:28 PM - File change detected. Starting incremental compilation...

src/scripts/settings.ts(53,13): error TS2552: Cannot find name 'inputUpload'. Did you mean 'inputUplouad'?
src/scripts/settings.ts(56,21): error TS2552: Cannot find name 'inputUpload'. Did you mean 'inputUplouad'?
src/scripts/settings.ts(56,43): error TS2552: Cannot find name 'inputUpload'. Did you mean 'inputUplouad'?
src/scripts/settings.ts(57,34): error TS2552: Cannot find name 'inputUpload'. Did you mean 'inputUplouad'?
src/scripts/settings.ts(63,21): error TS2304: Cannot find name 'profilePic'.

10:03:29 PM - Found 5 errors. Watching for file changes.
[2J[3J[H10:03:44 PM - File change detected. Starting incremental compilation...

src/scripts/settings.ts(56,21): error TS2552: Cannot find name 'inputUpload'. Did you mean 'inputUplouad'?
src/scripts/settings.ts(56,43): error TS2552: Cannot find name 'inputUpload'. Did you mean 'inputUplouad'?
src/scripts/settings.ts(57,34): error TS2552: Cannot find name 'inputUpload'. Did you mean 'inputUplouad'?
src/scripts/settings.ts(63,21): error TS2304: Cannot find name 'profilePic'.

10:03:45 PM - Found 4 errors. Watching for file changes.
[2J[3J[H10:03:50 PM - File change detected. Starting incremental compilation...

src/scripts/settings.ts(63,21): error TS2304: Cannot find name 'profilePic'.

10:03:50 PM - Found 1 error. Watching for file changes.
[2J[3J[H10:04:02 PM - File change detected. Starting incremental compilation...


10:04:02 PM - Found 0 errors. Watching for file changes.
[2J[3J[H10:05:00 PM - File change detected. Starting incremental compilation...

src/scripts/settings.ts(117,5): error TS2552: Cannot find name 'uplouadPics'. Did you mean 'uploadPics'?
src/scripts/settings.ts(118,5): error TS2552: Cannot find name 'uplouadPics'. Did you mean 'uploadPics'?

10:05:00 PM - Found 2 errors. Watching for file changes.
[2J[3J[H10:05:17 PM - File change detected. Starting incremental compilation...

src/scripts/settings.ts(77,5): error TS2554: Expected 2 arguments, but got 0.
src/scripts/settings.ts(118,5): error TS2552: Cannot find name 'uplouadPics'. Did you mean 'uploadPics'?
src/scripts/settings.ts(119,5): error TS2552: Cannot find name 'uplouadPics'. Did you mean 'uploadPics'?

10:05:17 PM - Found 3 errors. Watching for file changes.
[2J[3J[H10:05:18 PM - File change detected. Starting incremental compilation...

src/scripts/settings.ts(77,5): error TS2554: Expected 2 arguments, but got 0.
src/scripts/settings.ts(118,5): error TS2552: Cannot find name 'uplouadPics'. Did you mean 'uploadPics'?
src/scripts/settings.ts(119,5): error TS2552: Cannot find name 'uplouadPics'. Did you mean 'uploadPics'?

10:05:18 PM - Found 3 errors. Watching for file changes.
[2J[3J[H10:05:38 PM - File change detected. Starting incremental compilation...

src/scripts/settings.ts(118,5): error TS2552: Cannot find name 'uplouadPics'. Did you mean 'uploadPics'?
src/scripts/settings.ts(119,5): error TS2552: Cannot find name 'uplouadPics'. Did you mean 'uploadPics'?

10:05:38 PM - Found 2 errors. Watching for file changes.
[2J[3J[H10:05:47 PM - File change detected. Starting incremental compilation...


10:05:47 PM - Found 0 errors. Watching for file changes.
[2J[3J[H10:06:17 PM - File change detected. Starting incremental compilation...


10:06:17 PM - Found 0 errors. Watching for file changes.
[2J[3J[H10:06:23 PM - File change detected. Starting incremental compilation...

src/scripts/settings.ts(48,9): error TS18047: 'inputUpload' is possibly 'null'.
src/scripts/settings.ts(50,9): error TS18047: 'coverBtEdit' is possibly 'null'.
src/scripts/settings.ts(52,13): error TS18047: 'inputUpload' is possibly 'null'.

10:06:23 PM - Found 3 errors. Watching for file changes.
[2J[3J[H10:06:35 PM - File change detected. Starting incremental compilation...

src/scripts/settings.ts(50,9): error TS18047: 'coverBtEdit' is possibly 'null'.
src/scripts/settings.ts(52,13): error TS18047: 'inputUpload' is possibly 'null'.

10:06:35 PM - Found 2 errors. Watching for file changes.
[2J[3J[H10:06:37 PM - File change detected. Starting incremental compilation...

src/scripts/settings.ts(52,13): error TS18047: 'inputUpload' is possibly 'null'.

10:06:37 PM - Found 1 error. Watching for file changes.
[2J[3J[H10:06:38 PM - File change detected. Starting incremental compilation...

src/scripts/settings.ts(51,10): error TS1128: Declaration or statement expected.
src/scripts/settings.ts(328,1): error TS1128: Declaration or statement expected.

10:06:39 PM - Found 2 errors. Watching for file changes.
[2J[3J[H10:06:40 PM - File change detected. Starting incremental compilation...

src/scripts/settings.ts(52,13): error TS18047: 'inputUpload' is possibly 'null'.

10:06:40 PM - Found 1 error. Watching for file changes.
[2J[3J[H10:06:42 PM - File change detected. Starting incremental compilation...


10:06:42 PM - Found 0 errors. Watching for file changes.
[2J[3J[H10:06:55 PM - File change detected. Starting incremental compilation...


10:06:55 PM - Found 0 errors. Watching for file changes.
[2J[3J[H10:12:56 PM - File change detected. Starting incremental compilation...


10:12:56 PM - Found 0 errors. Watching for file changes.
[2J[3J[H10:12:57 PM - File change detected. Starting incremental compilation...

src/scripts/settings.ts(55,9): error TS2531: Object is possibly 'null'.
src/scripts/settings.ts(56,26): error TS18047: 'event.target' is possibly 'null'.
src/scripts/settings.ts(56,39): error TS2339: Property 'files' does not exist on type 'EventTarget'.
src/scripts/settings.ts(60,17): error TS18047: 'imgElement' is possibly 'null'.
src/scripts/settings.ts(60,28): error TS2339: Property 'src' does not exist on type 'HTMLElement'.

10:12:58 PM - Found 5 errors. Watching for file changes.
[2J[3J[H10:14:51 PM - File change detected. Starting incremental compilation...

src/scripts/settings.ts(53,9): error TS2531: Object is possibly 'null'.
src/scripts/settings.ts(54,26): error TS18047: 'event.target' is possibly 'null'.
src/scripts/settings.ts(54,39): error TS2339: Property 'files' does not exist on type 'EventTarget'.
src/scripts/settings.ts(58,17): error TS18047: 'imgElement' is possibly 'null'.
src/scripts/settings.ts(58,28): error TS2339: Property 'src' does not exist on type 'HTMLElement'.

10:14:51 PM - Found 5 errors. Watching for file changes.
[2J[3J[H10:14:57 PM - File change detected. Starting incremental compilation...


10:14:57 PM - Found 0 errors. Watching for file changes.
[2J[3J[H10:15:42 PM - File change detected. Starting incremental compilation...


10:15:42 PM - Found 0 errors. Watching for file changes.
[2J[3J[H10:15:47 PM - File change detected. Starting incremental compilation...

src/scripts/settings.ts(52,9): error TS1003: Identifier expected.

10:15:48 PM - Found 1 error. Watching for file changes.
[2J[3J[H10:15:49 PM - File change detected. Starting incremental compilation...


10:15:49 PM - Found 0 errors. Watching for file changes.
[2J[3J[H10:15:52 PM - File change detected. Starting incremental compilation...

src/scripts/settings.ts(51,31): error TS1005: ';' expected.

10:15:53 PM - Found 1 error. Watching for file changes.
[2J[3J[H10:15:55 PM - File change detected. Starting incremental compilation...

src/scripts/settings.ts(51,13): error TS18047: 'inputUpload.files' is possibly 'null'.

10:15:55 PM - Found 1 error. Watching for file changes.
[2J[3J[H10:15:57 PM - File change detected. Starting incremental compilation...

src/scripts/settings.ts(51,13): error TS18047: 'inputUpload.files' is possibly 'null'.

10:15:57 PM - Found 1 error. Watching for file changes.
[2J[3J[H10:16:06 PM - File change detected. Starting incremental compilation...

src/scripts/settings.ts(51,13): error TS2531: Object is possibly 'null'.

10:16:06 PM - Found 1 error. Watching for file changes.
[2J[3J[H10:16:18 PM - File change detected. Starting incremental compilation...

src/scripts/settings.ts(52,13): error TS2531: Object is possibly 'null'.

10:16:18 PM - Found 1 error. Watching for file changes.
[2J[3J[H10:16:20 PM - File change detected. Starting incremental compilation...

src/scripts/settings.ts(51,16): error TS1109: Expression expected.

10:16:20 PM - Found 1 error. Watching for file changes.
[2J[3J[H10:16:24 PM - File change detected. Starting incremental compilation...

src/scripts/settings.ts(52,13): error TS2531: Object is possibly 'null'.

10:16:24 PM - Found 1 error. Watching for file changes.
[2J[3J[H10:16:26 PM - File change detected. Starting incremental compilation...

src/scripts/settings.ts(55,13): error TS2531: Object is possibly 'null'.

10:16:26 PM - Found 1 error. Watching for file changes.
[2J[3J[H10:16:29 PM - File change detected. Starting incremental compilation...


10:16:29 PM - Found 0 errors. Watching for file changes.
[2J[3J[H10:16:31 PM - File change detected. Starting incremental compilation...

src/scripts/settings.ts(53,17): error TS2531: Object is possibly 'null'.

10:16:31 PM - Found 1 error. Watching for file changes.
[2J[3J[H10:16:33 PM - File change detected. Starting incremental compilation...

src/scripts/settings.ts(53,17): error TS18047: 'inputUpload.files' is possibly 'null'.

10:16:33 PM - Found 1 error. Watching for file changes.
[2J[3J[H10:16:55 PM - File change detected. Starting incremental compilation...

src/scripts/settings.ts(53,17): error TS18047: 'inputUpload.files' is possibly 'null'.

10:16:55 PM - Found 1 error. Watching for file changes.
[2J[3J[H10:17:00 PM - File change detected. Starting incremental compilation...

src/scripts/settings.ts(53,17): error TS18047: 'inputUpload.files' is possibly 'null'.

10:17:00 PM - Found 1 error. Watching for file changes.
[2J[3J[H10:17:02 PM - File change detected. Starting incremental compilation...

src/scripts/settings.ts(56,17): error TS18047: 'inputUpload.files' is possibly 'null'.

10:17:02 PM - Found 1 error. Watching for file changes.
[2J[3J[H10:17:08 PM - File change detected. Starting incremental compilation...


10:17:08 PM - Found 0 errors. Watching for file changes.
[2J[3J[H10:17:11 PM - File change detected. Starting incremental compilation...

src/scripts/settings.ts(54,21): error TS18047: 'inputUpload.files' is possibly 'null'.

10:17:11 PM - Found 1 error. Watching for file changes.
[2J[3J[H10:17:19 PM - File change detected. Starting incremental compilation...

src/scripts/settings.ts(53,21): error TS18047: 'inputUpload.files' is possibly 'null'.

10:17:19 PM - Found 1 error. Watching for file changes.
[2J[3J[H10:17:25 PM - File change detected. Starting incremental compilation...

src/scripts/settings.ts(53,21): error TS18047: 'inputUpload.files' is possibly 'null'.

10:17:26 PM - Found 1 error. Watching for file changes.
[2J[3J[H10:17:29 PM - File change detected. Starting incremental compilation...

src/scripts/settings.ts(52,21): error TS18047: 'inputUpload.files' is possibly 'null'.

10:17:29 PM - Found 1 error. Watching for file changes.
[2J[3J[H10:18:49 PM - File change detected. Starting incremental compilation...

src/scripts/settings.ts(341,1): error TS1128: Declaration or statement expected.

10:18:49 PM - Found 1 error. Watching for file changes.
[2J[3J[H10:18:51 PM - File change detected. Starting incremental compilation...

src/scripts/settings.ts(340,1): error TS1128: Declaration or statement expected.

10:18:51 PM - Found 1 error. Watching for file changes.
[2J[3J[H10:18:55 PM - File change detected. Starting incremental compilation...

src/scripts/settings.ts(338,1): error TS1128: Declaration or statement expected.

10:18:55 PM - Found 1 error. Watching for file changes.
[2J[3J[H10:18:57 PM - File change detected. Starting incremental compilation...

src/scripts/settings.ts(338,1): error TS1128: Declaration or statement expected.

10:18:57 PM - Found 1 error. Watching for file changes.
[2J[3J[H10:19:05 PM - File change detected. Starting incremental compilation...


10:19:06 PM - Found 0 errors. Watching for file changes.
[2J[3J[H10:19:10 PM - File change detected. Starting incremental compilation...

src/scripts/settings.ts(51,13): error TS18047: 'inputUpload' is possibly 'null'.
src/scripts/settings.ts(52,21): error TS18047: 'inputUpload' is possibly 'null'.
src/scripts/settings.ts(52,42): error TS18047: 'inputUpload' is possibly 'null'.
src/scripts/settings.ts(53,34): error TS18047: 'inputUpload' is possibly 'null'.
src/scripts/settings.ts(59,21): error TS18047: 'profilePic' is possibly 'null'.

10:19:10 PM - Found 5 errors. Watching for file changes.
[2J[3J[H10:19:18 PM - File change detected. Starting incremental compilation...

src/scripts/settings.ts(52,21): error TS18047: 'inputUpload' is possibly 'null'.
src/scripts/settings.ts(52,42): error TS18047: 'inputUpload' is possibly 'null'.
src/scripts/settings.ts(53,34): error TS18047: 'inputUpload' is possibly 'null'.
src/scripts/settings.ts(59,21): error TS18047: 'profilePic' is possibly 'null'.

10:19:18 PM - Found 4 errors. Watching for file changes.
[2J[3J[H10:19:20 PM - File change detected. Starting incremental compilation...

src/scripts/settings.ts(52,21): error TS18047: 'inputUpload' is possibly 'null'.
src/scripts/settings.ts(53,34): error TS18047: 'inputUpload' is possibly 'null'.
src/scripts/settings.ts(59,21): error TS18047: 'profilePic' is possibly 'null'.

10:19:20 PM - Found 3 errors. Watching for file changes.
[2J[3J[H10:19:21 PM - File change detected. Starting incremental compilation...

src/scripts/settings.ts(52,21): error TS18047: 'inputUpload' is possibly 'null'.
src/scripts/settings.ts(59,21): error TS18047: 'profilePic' is possibly 'null'.

10:19:21 PM - Found 2 errors. Watching for file changes.
[2J[3J[H10:19:24 PM - File change detected. Starting incremental compilation...

src/scripts/settings.ts(52,21): error TS18047: 'inputUpload' is possibly 'null'.

10:19:24 PM - Found 1 error. Watching for file changes.
[2J[3J[H10:19:31 PM - File change detected. Starting incremental compilation...

src/scripts/settings.ts(52,21): error TS18047: 'inputUpload' is possibly 'null'.

10:19:31 PM - Found 1 error. Watching for file changes.
[2J[3J[H10:19:33 PM - File change detected. Starting incremental compilation...

src/scripts/settings.ts(52,21): error TS18047: 'inputUpload' is possibly 'null'.

10:19:33 PM - Found 1 error. Watching for file changes.
[2J[3J[H10:19:56 PM - File change detected. Starting incremental compilation...


10:19:56 PM - Found 0 errors. Watching for file changes.
[2J[3J[H10:21:17 PM - File change detected. Starting incremental compilation...

src/scripts/settings.ts(117,5): error TS2304: Cannot find name 'uploadPics'.
src/scripts/settings.ts(118,5): error TS2304: Cannot find name 'uploadPics'.

10:21:17 PM - Found 2 errors. Watching for file changes.
[2J[3J[H10:21:23 PM - File change detected. Starting incremental compilation...


10:21:23 PM - Found 0 errors. Watching for file changes.
[2J[3J[H10:21:44 PM - File change detected. Starting incremental compilation...

src/scripts/settings.ts(124,9): error TS18047: 'coverBtEdit' is possibly 'null'.
src/scripts/settings.ts(125,13): error TS18047: 'inputUpload' is possibly 'null'.
src/scripts/settings.ts(128,9): error TS18047: 'inputUpload' is possibly 'null'.
src/scripts/settings.ts(129,17): error TS18047: 'inputUpload' is possibly 'null'.
src/scripts/settings.ts(129,38): error TS18047: 'inputUpload' is possibly 'null'.
src/scripts/settings.ts(130,30): error TS18047: 'inputUpload' is possibly 'null'.
src/scripts/settings.ts(136,17): error TS18047: 'profilePic' is possibly 'null'.

10:21:44 PM - Found 7 errors. Watching for file changes.
[2J[3J[H10:22:37 PM - File change detected. Starting incremental compilation...

src/scripts/settings.ts(124,9): error TS18047: 'coverBtEdit' is possibly 'null'.
src/scripts/settings.ts(125,13): error TS18047: 'inputUpload' is possibly 'null'.
src/scripts/settings.ts(128,9): error TS18047: 'inputUpload' is possibly 'null'.
src/scripts/settings.ts(129,17): error TS18047: 'inputUpload' is possibly 'null'.
src/scripts/settings.ts(129,38): error TS18047: 'inputUpload' is possibly 'null'.
src/scripts/settings.ts(130,30): error TS18047: 'inputUpload' is possibly 'null'.
src/scripts/settings.ts(136,17): error TS18047: 'profilePic' is possibly 'null'.

10:22:37 PM - Found 7 errors. Watching for file changes.
[2J[3J[H10:22:39 PM - File change detected. Starting incremental compilation...

src/scripts/settings.ts(123,12): error TS1109: Expression expected.

10:22:39 PM - Found 1 error. Watching for file changes.
[2J[3J[H10:22:43 PM - File change detected. Starting incremental compilation...

src/scripts/settings.ts(125,13): error TS18047: 'inputUpload' is possibly 'null'.
src/scripts/settings.ts(128,9): error TS18047: 'inputUpload' is possibly 'null'.
src/scripts/settings.ts(129,17): error TS18047: 'inputUpload' is possibly 'null'.
src/scripts/settings.ts(129,38): error TS18047: 'inputUpload' is possibly 'null'.
src/scripts/settings.ts(130,30): error TS18047: 'inputUpload' is possibly 'null'.
src/scripts/settings.ts(136,17): error TS18047: 'profilePic' is possibly 'null'.

10:22:43 PM - Found 6 errors. Watching for file changes.
[2J[3J[H10:22:45 PM - File change detected. Starting incremental compilation...

src/scripts/settings.ts(127,9): error TS18047: 'coverBtEdit' is possibly 'null'.
src/scripts/settings.ts(128,13): error TS18047: 'inputUpload' is possibly 'null'.
src/scripts/settings.ts(131,9): error TS18047: 'inputUpload' is possibly 'null'.
src/scripts/settings.ts(132,17): error TS18047: 'inputUpload' is possibly 'null'.
src/scripts/settings.ts(132,38): error TS18047: 'inputUpload' is possibly 'null'.
src/scripts/settings.ts(133,30): error TS18047: 'inputUpload' is possibly 'null'.
src/scripts/settings.ts(139,17): error TS18047: 'profilePic' is possibly 'null'.

10:22:45 PM - Found 7 errors. Watching for file changes.
[2J[3J[H10:22:48 PM - File change detected. Starting incremental compilation...

src/scripts/settings.ts(129,9): error TS18047: 'inputUpload' is possibly 'null'.
src/scripts/settings.ts(130,17): error TS18047: 'inputUpload' is possibly 'null'.
src/scripts/settings.ts(130,38): error TS18047: 'inputUpload' is possibly 'null'.
src/scripts/settings.ts(131,30): error TS18047: 'inputUpload' is possibly 'null'.
src/scripts/settings.ts(137,17): error TS18047: 'profilePic' is possibly 'null'.

10:22:48 PM - Found 5 errors. Watching for file changes.
[2J[3J[H10:22:50 PM - File change detected. Starting incremental compilation...

src/scripts/settings.ts(129,9): error TS18047: 'inputUpload' is possibly 'null'.
src/scripts/settings.ts(130,17): error TS18047: 'inputUpload' is possibly 'null'.
src/scripts/settings.ts(130,38): error TS18047: 'inputUpload' is possibly 'null'.
src/scripts/settings.ts(131,30): error TS18047: 'inputUpload' is possibly 'null'.
src/scripts/settings.ts(137,17): error TS18047: 'profilePic' is possibly 'null'.

10:22:50 PM - Found 5 errors. Watching for file changes.
[2J[3J[H10:22:51 PM - File change detected. Starting incremental compilation...

src/scripts/settings.ts(126,17): error TS18047: 'inputUpload' is possibly 'null'.
src/scripts/settings.ts(131,9): error TS18047: 'inputUpload' is possibly 'null'.
src/scripts/settings.ts(132,17): error TS18047: 'inputUpload' is possibly 'null'.
src/scripts/settings.ts(132,38): error TS18047: 'inputUpload' is possibly 'null'.
src/scripts/settings.ts(133,30): error TS18047: 'inputUpload' is possibly 'null'.
src/scripts/settings.ts(139,17): error TS18047: 'profilePic' is possibly 'null'.

10:22:51 PM - Found 6 errors. Watching for file changes.
[2J[3J[H10:23:04 PM - File change detected. Starting incremental compilation...

src/scripts/settings.ts(123,27): error TS1109: Expression expected.

10:23:04 PM - Found 1 error. Watching for file changes.
[2J[3J[H10:23:09 PM - File change detected. Starting incremental compilation...

src/scripts/settings.ts(131,9): error TS18047: 'inputUpload' is possibly 'null'.
src/scripts/settings.ts(132,17): error TS18047: 'inputUpload' is possibly 'null'.
src/scripts/settings.ts(132,38): error TS18047: 'inputUpload' is possibly 'null'.
src/scripts/settings.ts(133,30): error TS18047: 'inputUpload' is possibly 'null'.
src/scripts/settings.ts(139,17): error TS18047: 'profilePic' is possibly 'null'.

10:23:09 PM - Found 5 errors. Watching for file changes.
[2J[3J[H10:23:13 PM - File change detected. Starting incremental compilation...

src/scripts/settings.ts(143,10): error TS1128: Declaration or statement expected.
src/scripts/settings.ts(382,1): error TS1128: Declaration or statement expected.

10:23:13 PM - Found 2 errors. Watching for file changes.
[2J[3J[H10:23:23 PM - File change detected. Starting incremental compilation...

src/scripts/settings.ts(131,9): error TS18047: 'inputUpload' is possibly 'null'.
src/scripts/settings.ts(132,17): error TS18047: 'inputUpload' is possibly 'null'.
src/scripts/settings.ts(132,38): error TS18047: 'inputUpload' is possibly 'null'.
src/scripts/settings.ts(133,30): error TS18047: 'inputUpload' is possibly 'null'.
src/scripts/settings.ts(139,17): error TS18047: 'profilePic' is possibly 'null'.

10:23:23 PM - Found 5 errors. Watching for file changes.
[2J[3J[H10:23:26 PM - File change detected. Starting incremental compilation...


10:23:26 PM - Found 0 errors. Watching for file changes.
[2J[3J[H10:23:44 PM - File change detected. Starting incremental compilation...

src/scripts/settings.ts(131,9): error TS18047: 'inputUpload' is possibly 'null'.
src/scripts/settings.ts(132,17): error TS18047: 'inputUpload' is possibly 'null'.
src/scripts/settings.ts(132,38): error TS18047: 'inputUpload' is possibly 'null'.
src/scripts/settings.ts(133,30): error TS18047: 'inputUpload' is possibly 'null'.
src/scripts/settings.ts(139,17): error TS18047: 'profilePic' is possibly 'null'.

10:23:44 PM - Found 5 errors. Watching for file changes.
[2J[3J[H10:23:49 PM - File change detected. Starting incremental compilation...


10:23:49 PM - Found 0 errors. Watching for file changes.
[2J[3J[H10:23:55 PM - File change detected. Starting incremental compilation...


10:23:55 PM - Found 0 errors. Watching for file changes.
[2J[3J[H10:23:57 PM - File change detected. Starting incremental compilation...


10:23:57 PM - Found 0 errors. Watching for file changes.
[2J[3J[H10:23:58 PM - File change detected. Starting incremental compilation...


10:23:58 PM - Found 0 errors. Watching for file changes.
[2J[3J[H10:24:01 PM - File change detected. Starting incremental compilation...


10:24:01 PM - Found 0 errors. Watching for file changes.
[2J[3J[H10:24:02 PM - File change detected. Starting incremental compilation...

src/scripts/settings.ts(137,21): error TS18047: 'profilePic' is possibly 'null'.

10:24:02 PM - Found 1 error. Watching for file changes.
[2J[3J[H10:24:10 PM - File change detected. Starting incremental compilation...


10:24:10 PM - Found 0 errors. Watching for file changes.
[2J[3J[H10:25:06 PM - File change detected. Starting incremental compilation...


10:25:06 PM - Found 0 errors. Watching for file changes.
[2J[3J[H10:25:09 PM - File change detected. Starting incremental compilation...


10:25:09 PM - Found 0 errors. Watching for file changes.
[2J[3J[H10:25:12 PM - File change detected. Starting incremental compilation...


10:25:12 PM - Found 0 errors. Watching for file changes.
[2J[3J[H10:26:06 PM - File change detected. Starting incremental compilation...


10:26:06 PM - Found 0 errors. Watching for file changes.
[2J[3J[H10:26:07 PM - File change detected. Starting incremental compilation...

src/scripts/settings.ts(120,14): error TS1005: '>' expected.
src/scripts/settings.ts(120,19): error TS1005: '{' expected.
src/scripts/settings.ts(120,35): error TS1005: ';' expected.
src/scripts/settings.ts(126,9): error TS1109: Expression expected.

10:26:07 PM - Found 4 errors. Watching for file changes.
[2J[3J[H10:26:13 PM - File change detected. Starting incremental compilation...

src/scripts/settings.ts(120,14): error TS1005: '>' expected.
src/scripts/settings.ts(120,19): error TS1005: '{' expected.
src/scripts/settings.ts(120,35): error TS1005: ';' expected.
src/scripts/settings.ts(123,9): error TS1109: Expression expected.

10:26:13 PM - Found 4 errors. Watching for file changes.
[2J[3J[H10:27:08 PM - File change detected. Starting incremental compilation...

src/scripts/settings.ts(120,14): error TS1005: '>' expected.
src/scripts/settings.ts(120,19): error TS1005: '{' expected.
src/scripts/settings.ts(120,35): error TS1005: ';' expected.
src/scripts/settings.ts(123,9): error TS1109: Expression expected.

10:27:08 PM - Found 4 errors. Watching for file changes.
[2J[3J[H10:27:13 PM - File change detected. Starting incremental compilation...

src/scripts/settings.ts(120,14): error TS1005: '>' expected.
src/scripts/settings.ts(120,19): error TS1005: '{' expected.
src/scripts/settings.ts(120,35): error TS1005: ';' expected.
src/scripts/settings.ts(123,9): error TS1109: Expression expected.

10:27:13 PM - Found 4 errors. Watching for file changes.
[2J[3J[H10:27:16 PM - File change detected. Starting incremental compilation...


10:27:16 PM - Found 0 errors. Watching for file changes.
[2J[3J[H10:28:11 PM - File change detected. Starting incremental compilation...


10:28:11 PM - Found 0 errors. Watching for file changes.
[2J[3J[H10:28:14 PM - File change detected. Starting incremental compilation...


10:28:14 PM - Found 0 errors. Watching for file changes.
[2J[3J[H10:28:27 PM - File change detected. Starting incremental compilation...


10:28:27 PM - Found 0 errors. Watching for file changes.
[2J[3J[H10:28:32 PM - File change detected. Starting incremental compilation...

src/scripts/settings.ts(132,38): error TS2304: Cannot find name 'imageUrl'.

10:28:32 PM - Found 1 error. Watching for file changes.
[2J[3J[H10:28:35 PM - File change detected. Starting incremental compilation...


10:28:35 PM - Found 0 errors. Watching for file changes.
[2J[3J[H10:28:37 PM - File change detected. Starting incremental compilation...


10:28:37 PM - Found 0 errors. Watching for file changes.
[2J[3J[H10:28:41 PM - File change detected. Starting incremental compilation...


10:28:41 PM - Found 0 errors. Watching for file changes.
[2J[3J[H10:29:15 PM - File change detected. Starting incremental compilation...


10:29:15 PM - Found 0 errors. Watching for file changes.
[2J[3J[H10:29:33 PM - File change detected. Starting incremental compilation...

src/scripts/settings.ts(114,65): error TS7006: Parameter 'typ' implicitly has an 'any' type.
src/scripts/settings.ts(146,5): error TS2554: Expected 3 arguments, but got 2.
src/scripts/settings.ts(147,5): error TS2554: Expected 3 arguments, but got 2.

10:29:33 PM - Found 3 errors. Watching for file changes.
[2J[3J[H10:29:36 PM - File change detected. Starting incremental compilation...

src/scripts/settings.ts(146,5): error TS2554: Expected 3 arguments, but got 2.
src/scripts/settings.ts(147,5): error TS2554: Expected 3 arguments, but got 2.

10:29:36 PM - Found 2 errors. Watching for file changes.
[2J[3J[H10:30:04 PM - File change detected. Starting incremental compilation...

src/scripts/settings.ts(146,5): error TS2554: Expected 3 arguments, but got 2.

10:30:04 PM - Found 1 error. Watching for file changes.
[2J[3J[H10:30:05 PM - File change detected. Starting incremental compilation...

src/scripts/settings.ts(146,5): error TS2554: Expected 3 arguments, but got 2.

10:30:06 PM - Found 1 error. Watching for file changes.
[2J[3J[H10:30:10 PM - File change detected. Starting incremental compilation...


10:30:10 PM - Found 0 errors. Watching for file changes.
[2J[3J[H10:30:15 PM - File change detected. Starting incremental compilation...

src/scripts/settings.ts(117,81): error TS1002: Unterminated string literal.
src/scripts/settings.ts(123,9): error TS1005: ',' expected.

10:30:15 PM - Found 2 errors. Watching for file changes.
[2J[3J[H10:30:20 PM - File change detected. Starting incremental compilation...


10:30:21 PM - Found 0 errors. Watching for file changes.
[2J[3J[H10:30:22 PM - File change detected. Starting incremental compilation...


10:30:22 PM - Found 0 errors. Watching for file changes.
[2J[3J[H10:30:25 PM - File change detected. Starting incremental compilation...

src/scripts/settings.ts(117,85): error TS1002: Unterminated string literal.
src/scripts/settings.ts(123,9): error TS1005: ',' expected.

10:30:25 PM - Found 2 errors. Watching for file changes.
[2J[3J[H10:30:27 PM - File change detected. Starting incremental compilation...


10:30:27 PM - Found 0 errors. Watching for file changes.
[2J[3J[H10:31:16 PM - File change detected. Starting incremental compilation...

src/scripts/settings.ts(146,5): error TS2554: Expected 3 arguments, but got 2.

10:31:16 PM - Found 1 error. Watching for file changes.
[2J[3J[H10:31:20 PM - File change detected. Starting incremental compilation...


10:31:20 PM - Found 0 errors. Watching for file changes.
[2J[3J[H11:08:51 PM - File change detected. Starting incremental compilation...


11:08:51 PM - Found 0 errors. Watching for file changes.
[2J[3J[H11:08:55 PM - File change detected. Starting incremental compilation...


11:08:55 PM - Found 0 errors. Watching for file changes.
[2J[3J[H11:11:25 PM - File change detected. Starting incremental compilation...

src/scripts/settings.ts(134,21): error TS1435: Unknown keyword or identifier. Did you mean 'const'?

11:11:25 PM - Found 1 error. Watching for file changes.
[2J[3J[H11:11:28 PM - File change detected. Starting incremental compilation...

src/scripts/settings.ts(135,21): error TS1435: Unknown keyword or identifier. Did you mean 'const'?

11:11:28 PM - Found 1 error. Watching for file changes.
[2J[3J[H11:11:30 PM - File change detected. Starting incremental compilation...


11:11:30 PM - Found 0 errors. Watching for file changes.
[2J[3J[H11:11:34 PM - File change detected. Starting incremental compilation...


11:11:34 PM - Found 0 errors. Watching for file changes.
[2J[3J[H11:11:36 PM - File change detected. Starting incremental compilation...


11:11:36 PM - Found 0 errors. Watching for file changes.
[2J[3J[H11:12:34 PM - File change detected. Starting incremental compilation...

src/scripts/settings.ts(135,33): error TS2304: Cannot find name 'getCookie'.

11:12:34 PM - Found 1 error. Watching for file changes.
[2J[3J[H11:12:41 PM - File change detected. Starting incremental compilation...

src/scripts/settings.ts(135,33): error TS2304: Cannot find name 'getCookie'.

11:12:41 PM - Found 1 error. Watching for file changes.
[2J[3J[H11:13:21 PM - File change detected. Starting incremental compilation...


11:13:21 PM - Found 0 errors. Watching for file changes.
[2J[3J[H11:13:22 PM - File change detected. Starting incremental compilation...


11:13:22 PM - Found 0 errors. Watching for file changes.
[2J[3J[H11:13:26 PM - File change detected. Starting incremental compilation...


11:13:26 PM - Found 0 errors. Watching for file changes.
[2J[3J[H11:13:27 PM - File change detected. Starting incremental compilation...

src/scripts/settings.ts(136,25): error TS2304: Cannot find name 'f'.

11:13:27 PM - Found 1 error. Watching for file changes.
[2J[3J[H11:13:29 PM - File change detected. Starting incremental compilation...


11:13:29 PM - Found 0 errors. Watching for file changes.
[2J[3J[H11:13:32 PM - File change detected. Starting incremental compilation...


11:13:32 PM - Found 0 errors. Watching for file changes.
[2J[3J[H11:13:56 PM - File change detected. Starting incremental compilation...

src/scripts/settings.ts(135,33): error TS2304: Cannot find name 'getCookie'.

11:13:56 PM - Found 1 error. Watching for file changes.
[2J[3J[H11:14:03 PM - File change detected. Starting incremental compilation...


11:14:03 PM - Found 0 errors. Watching for file changes.
[2J[3J[H11:14:04 PM - File change detected. Starting incremental compilation...


11:14:04 PM - Found 0 errors. Watching for file changes.
node:internal/modules/cjs/loader:1228
  throw err;
  ^

Error: Cannot find module 'postcss'
Require stack:
- /Users/youel-id/Desktop/final_tra/frontend/files/node_modules/postcss-nested/index.js
- /Users/youel-id/Desktop/final_tra/frontend/files/node_modules/tailwindcss/lib/util/parseObjectStyles.js
- /Users/youel-id/Desktop/final_tra/frontend/files/node_modules/tailwindcss/lib/lib/generateRules.js
- /Users/youel-id/Desktop/final_tra/frontend/files/node_modules/tailwindcss/lib/lib/expandTailwindAtRules.js
- /Users/youel-id/Desktop/final_tra/frontend/files/node_modules/tailwindcss/lib/processTailwindFeatures.js
- /Users/youel-id/Desktop/final_tra/frontend/files/node_modules/tailwindcss/lib/cli/build/plugin.js
- /Users/youel-id/Desktop/final_tra/frontend/files/node_modules/tailwindcss/lib/cli/build/index.js
- /Users/youel-id/Desktop/final_tra/frontend/files/node_modules/tailwindcss/lib/cli/index.js
- /Users/youel-id/Desktop/final_tra/frontend/files/node_modules/tailwindcss/lib/cli.js
    at Function._resolveFilename (node:internal/modules/cjs/loader:1225:15)
    at Function._load (node:internal/modules/cjs/loader:1055:27)
    at TracingChannel.traceSync (node:diagnostics_channel:322:14)
    at wrapModuleLoad (node:internal/modules/cjs/loader:220:24)
    at Module.require (node:internal/modules/cjs/loader:1311:12)
    at require (node:internal/modules/helpers:136:16)
    at Object.<anonymous> (/Users/youel-id/Desktop/final_tra/frontend/files/node_modules/postcss-nested/index.js:1:26)
    at Module._compile (node:internal/modules/cjs/loader:1554:14)
    at Object..js (node:internal/modules/cjs/loader:1706:10)
    at Module.load (node:internal/modules/cjs/loader:1289:32) {
  code: 'MODULE_NOT_FOUND',
  requireStack: [
    '/Users/youel-id/Desktop/final_tra/frontend/files/node_modules/postcss-nested/index.js',
    '/Users/youel-id/Desktop/final_tra/frontend/files/node_modules/tailwindcss/lib/util/parseObjectStyles.js',
    '/Users/youel-id/Desktop/final_tra/frontend/files/node_modules/tailwindcss/lib/lib/generateRules.js',
    '/Users/youel-id/Desktop/final_tra/frontend/files/node_modules/tailwindcss/lib/lib/expandTailwindAtRules.js',
    '/Users/youel-id/Desktop/final_tra/frontend/files/node_modules/tailwindcss/lib/processTailwindFeatures.js',
    '/Users/youel-id/Desktop/final_tra/frontend/files/node_modules/tailwindcss/lib/cli/build/plugin.js',
    '/Users/youel-id/Desktop/final_tra/frontend/files/node_modules/tailwindcss/lib/cli/build/index.js',
    '/Users/youel-id/Desktop/final_tra/frontend/files/node_modules/tailwindcss/lib/cli/index.js',
    '/Users/youel-id/Desktop/final_tra/frontend/files/node_modules/tailwindcss/lib/cli.js'
  ]
}

Node.js v22.14.0
[2J[3J[H2:36:00 AM - Starting compilation in watch mode...


2:36:07 AM - Found 0 errors. Watching for file changes.
[2J[3J[H2:48:10 AM - File change detected. Starting incremental compilation...


2:48:11 AM - Found 0 errors. Watching for file changes.
[2J[3J[H2:48:16 AM - File change detected. Starting incremental compilation...


2:48:17 AM - Found 0 errors. Watching for file changes.
[2J[3J[H2:48:24 AM - File change detected. Starting incremental compilation...


2:48:24 AM - Found 0 errors. Watching for file changes.
[2J[3J[H2:48:26 AM - File change detected. Starting incremental compilation...


2:48:27 AM - Found 0 errors. Watching for file changes.
[2J[3J[H4:40:08 AM - Starting compilation in watch mode...


4:40:17 AM - Found 0 errors. Watching for file changes.
[2J[3J[H4:49:03 AM - File change detected. Starting incremental compilation...


4:49:03 AM - Found 0 errors. Watching for file changes.
[2J[3J[H4:49:26 AM - File change detected. Starting incremental compilation...


4:49:26 AM - Found 0 errors. Watching for file changes.
[2J[3J[H4:49:28 AM - File change detected. Starting incremental compilation...

src/scripts/home2.ts(760,1): error TS2304: Cannot find name 'fu'.

4:49:28 AM - Found 1 error. Watching for file changes.
[2J[3J[H4:49:53 AM - File change detected. Starting incremental compilation...

src/scripts/home2.ts(760,9): error TS1003: Identifier expected.
src/scripts/home2.ts(761,1): error TS1005: '(' expected.

4:49:53 AM - Found 2 errors. Watching for file changes.
[2J[3J[H4:49:56 AM - File change detected. Starting incremental compilation...

src/scripts/home2.ts(761,1): error TS1005: '(' expected.

4:49:56 AM - Found 1 error. Watching for file changes.
[2J[3J[H4:49:57 AM - File change detected. Starting incremental compilation...

src/scripts/home2.ts(761,1): error TS1005: '(' expected.

4:49:57 AM - Found 1 error. Watching for file changes.
[2J[3J[H4:49:59 AM - File change detected. Starting incremental compilation...

src/scripts/home2.ts(761,1): error TS1005: '(' expected.

4:49:59 AM - Found 1 error. Watching for file changes.
[2J[3J[H4:50:02 AM - File change detected. Starting incremental compilation...

src/scripts/home2.ts(761,1): error TS1005: '(' expected.

4:50:02 AM - Found 1 error. Watching for file changes.
[2J[3J[H4:50:03 AM - File change detected. Starting incremental compilation...

src/scripts/home2.ts(760,10): error TS2391: Function implementation is missing or not immediately following the declaration.
src/scripts/home2.ts(760,10): error TS7010: 'chekuserR', which lacks return-type annotation, implicitly has an 'any' return type.

4:50:03 AM - Found 2 errors. Watching for file changes.
[2J[3J[H4:50:05 AM - File change detected. Starting incremental compilation...

src/scripts/home2.ts(774,9): error TS2304: Cannot find name 'Qrgen'.

4:50:06 AM - Found 1 error. Watching for file changes.
[2J[3J[H4:50:14 AM - File change detected. Starting incremental compilation...


4:50:14 AM - Found 0 errors. Watching for file changes.
[2J[3J[H4:50:15 AM - File change detected. Starting incremental compilation...


4:50:15 AM - Found 0 errors. Watching for file changes.
[2J[3J[H4:50:16 AM - File change detected. Starting incremental compilation...


4:50:16 AM - Found 0 errors. Watching for file changes.
[2J[3J[H4:50:51 AM - File change detected. Starting incremental compilation...


4:50:51 AM - Found 0 errors. Watching for file changes.
[2J[3J[H4:50:55 AM - File change detected. Starting incremental compilation...


4:50:55 AM - Found 0 errors. Watching for file changes.
[2J[3J[H4:51:03 AM - File change detected. Starting incremental compilation...


4:51:03 AM - Found 0 errors. Watching for file changes.
[2J[3J[H4:51:05 AM - File change detected. Starting incremental compilation...


4:51:06 AM - Found 0 errors. Watching for file changes.
[2J[3J[H4:51:30 AM - File change detected. Starting incremental compilation...

src/scripts/app.ts(30,1): error TS1005: 'from' expected.
src/scripts/app.ts(30,5): error TS1005: ';' expected.

4:51:30 AM - Found 2 errors. Watching for file changes.
[2J[3J[H4:51:32 AM - File change detected. Starting incremental compilation...

src/scripts/app.ts(30,1): error TS1005: 'from' expected.
src/scripts/app.ts(30,5): error TS1005: ';' expected.

4:51:32 AM - Found 2 errors. Watching for file changes.
[2J[3J[H4:51:34 AM - File change detected. Starting incremental compilation...

src/scripts/app.ts(30,1): error TS1005: 'from' expected.
src/scripts/app.ts(30,5): error TS1005: ';' expected.

4:51:34 AM - Found 2 errors. Watching for file changes.
[2J[3J[H4:51:38 AM - File change detected. Starting incremental compilation...

src/scripts/app.ts(30,5): error TS1005: ';' expected.

4:51:38 AM - Found 1 error. Watching for file changes.
[2J[3J[H4:51:40 AM - File change detected. Starting incremental compilation...

src/scripts/app.ts(27,27): error TS2307: Cannot find module '' or its corresponding type declarations.

4:51:40 AM - Found 1 error. Watching for file changes.
[2J[3J[H4:51:47 AM - File change detected. Starting incremental compilation...

src/scripts/app.ts(27,27): error TS2307: Cannot find module 'h' or its corresponding type declarations.

4:51:47 AM - Found 1 error. Watching for file changes.
[2J[3J[H4:51:51 AM - File change detected. Starting incremental compilation...

src/scripts/app.ts(27,27): error TS2307: Cannot find module './' or its corresponding type declarations.

4:51:51 AM - Found 1 error. Watching for file changes.
[2J[3J[H4:51:52 AM - File change detected. Starting incremental compilation...

src/scripts/app.ts(27,27): error TS2834: Relative import paths need explicit file extensions in ECMAScript imports when '--moduleResolution' is 'node16' or 'nodenext'. Consider adding an extension to the import path.

4:51:52 AM - Found 1 error. Watching for file changes.
[2J[3J[H4:51:54 AM - File change detected. Starting incremental compilation...


4:51:54 AM - Found 0 errors. Watching for file changes.
[2J[3J[H4:51:56 AM - File change detected. Starting incremental compilation...


4:51:56 AM - Found 0 errors. Watching for file changes.
[2J[3J[H4:52:05 AM - File change detected. Starting incremental compilation...


4:52:05 AM - Found 0 errors. Watching for file changes.
[2J[3J[H4:52:07 AM - File change detected. Starting incremental compilation...


4:52:07 AM - Found 0 errors. Watching for file changes.
[2J[3J[H4:52:08 AM - File change detected. Starting incremental compilation...


4:52:09 AM - Found 0 errors. Watching for file changes.
[2J[3J[H4:53:59 AM - File change detected. Starting incremental compilation...


4:53:59 AM - Found 0 errors. Watching for file changes.
[2J[3J[H4:54:00 AM - File change detected. Starting incremental compilation...

src/scripts/home2.ts(776,12): error TS1109: Expression expected.
src/scripts/home2.ts(777,9): error TS1109: Expression expected.

4:54:00 AM - Found 2 errors. Watching for file changes.
[2J[3J[H4:54:10 AM - File change detected. Starting incremental compilation...

src/scripts/home2.ts(777,9): error TS1109: Expression expected.

4:54:10 AM - Found 1 error. Watching for file changes.
[2J[3J[H4:54:12 AM - File change detected. Starting incremental compilation...

src/scripts/home2.ts(776,28): error TS1109: Expression expected.
src/scripts/home2.ts(777,9): error TS1109: Expression expected.

4:54:12 AM - Found 2 errors. Watching for file changes.
[2J[3J[H4:54:14 AM - File change detected. Starting incremental compilation...

src/scripts/home2.ts(777,9): error TS1109: Expression expected.

4:54:14 AM - Found 1 error. Watching for file changes.
[2J[3J[H4:54:25 AM - File change detected. Starting incremental compilation...

src/scripts/home2.ts(777,9): error TS1109: Expression expected.

4:54:25 AM - Found 1 error. Watching for file changes.
[2J[3J[H4:54:29 AM - File change detected. Starting incremental compilation...


4:54:29 AM - Found 0 errors. Watching for file changes.
[2J[3J[H4:56:31 AM - File change detected. Starting incremental compilation...

src/scripts/app.ts(27,10): error TS2459: Module '"./home2.js"' declares 'chekuserR' locally, but it is not exported.

4:56:32 AM - Found 1 error. Watching for file changes.
[2J[3J[H4:56:37 AM - File change detected. Starting incremental compilation...

src/scripts/app.ts(27,10): error TS2459: Module '"./home2.js"' declares 'chekuserR' locally, but it is not exported.

4:56:37 AM - Found 1 error. Watching for file changes.
[2J[3J[H4:56:38 AM - File change detected. Starting incremental compilation...

src/scripts/app.ts(27,10): error TS2459: Module '"./home2.js"' declares 'chekuserR' locally, but it is not exported.

4:56:38 AM - Found 1 error. Watching for file changes.
[2J[3J[H4:56:40 AM - File change detected. Starting incremental compilation...

src/scripts/app.ts(27,10): error TS2305: Module '"./home2.js"' has no exported member 'chekuserR'.

4:56:41 AM - Found 1 error. Watching for file changes.
[2J[3J[H4:56:41 AM - File change detected. Starting incremental compilation...

src/scripts/app.ts(27,10): error TS2305: Module '"./home2.js"' has no exported member 'chekuserR'.

4:56:42 AM - Found 1 error. Watching for file changes.
[2J[3J[H4:56:47 AM - File change detected. Starting incremental compilation...

src/scripts/app.ts(27,10): error TS2305: Module '"./home2.js"' has no exported member 'chekuserR'.

4:56:47 AM - Found 1 error. Watching for file changes.
[2J[3J[H4:56:49 AM - File change detected. Starting incremental compilation...

src/scripts/app.ts(27,10): error TS2305: Module '"./home2.js"' has no exported member 'chekuserR'.

4:56:49 AM - Found 1 error. Watching for file changes.
[2J[3J[H4:56:51 AM - File change detected. Starting incremental compilation...

src/scripts/app.ts(27,10): error TS2305: Module '"./home2.js"' has no exported member 'chekuserR'.

4:56:51 AM - Found 1 error. Watching for file changes.
[2J[3J[H4:56:54 AM - File change detected. Starting incremental compilation...

src/scripts/app.ts(27,10): error TS2305: Module '"./home2.js"' has no exported member 'chekuserR'.

4:56:54 AM - Found 1 error. Watching for file changes.
[2J[3J[H4:57:22 AM - File change detected. Starting incremental compilation...

src/scripts/app.ts(27,10): error TS2305: Module '"./home2.js"' has no exported member 'chekuserR'.

4:57:22 AM - Found 1 error. Watching for file changes.
[2J[3J[H4:57:24 AM - File change detected. Starting incremental compilation...

src/scripts/app.ts(27,10): error TS2305: Module '"./home2.js"' has no exported member 'chekuserR'.

4:57:24 AM - Found 1 error. Watching for file changes.
[2J[3J[H4:57:33 AM - File change detected. Starting incremental compilation...

src/scripts/app.ts(27,10): error TS2305: Module '"./home2.js"' has no exported member 'chekuserR'.

4:57:33 AM - Found 1 error. Watching for file changes.
[2J[3J[H4:57:36 AM - File change detected. Starting incremental compilation...

src/scripts/app.ts(27,10): error TS2305: Module '"./home2.js"' has no exported member 'chekuserR'.

4:57:37 AM - Found 1 error. Watching for file changes.
[2J[3J[H4:59:31 AM - File change detected. Starting incremental compilation...

src/scripts/app.ts(27,10): error TS2305: Module '"./home2.js"' has no exported member 'chekuserR'.

4:59:32 AM - Found 1 error. Watching for file changes.
[2J[3J[H4:59:40 AM - File change detected. Starting incremental compilation...

src/scripts/app.ts(27,10): error TS2305: Module '"./home2.js"' has no exported member 'chekuserR'.

4:59:40 AM - Found 1 error. Watching for file changes.
[2J[3J[H4:59:44 AM - File change detected. Starting incremental compilation...

src/scripts/app.ts(27,10): error TS2305: Module '"./home2.js"' has no exported member 'chekuserR'.

4:59:44 AM - Found 1 error. Watching for file changes.
[2J[3J[H4:59:47 AM - File change detected. Starting incremental compilation...

src/scripts/app.ts(27,10): error TS2305: Module '"./home2.js"' has no exported member 'chekuserR'.

4:59:48 AM - Found 1 error. Watching for file changes.
[2J[3J[H4:59:49 AM - File change detected. Starting incremental compilation...

src/scripts/app.ts(27,10): error TS2305: Module '"./home2.js"' has no exported member 'chekuserR'.

4:59:49 AM - Found 1 error. Watching for file changes.
[2J[3J[H4:59:52 AM - File change detected. Starting incremental compilation...

src/scripts/app.ts(27,10): error TS2305: Module '"./home2.js"' has no exported member 'chekuserR'.

4:59:52 AM - Found 1 error. Watching for file changes.
[2J[3J[H5:00:03 AM - File change detected. Starting incremental compilation...

src/scripts/app.ts(27,10): error TS2305: Module '"./home2.js"' has no exported member 'chekuserR'.

5:00:03 AM - Found 1 error. Watching for file changes.
[2J[3J[H5:00:09 AM - File change detected. Starting incremental compilation...

src/scripts/app.ts(27,10): error TS2305: Module '"./home2.js"' has no exported member 'chekuserR'.

5:00:09 AM - Found 1 error. Watching for file changes.
[2J[3J[H5:00:11 AM - File change detected. Starting incremental compilation...

src/scripts/app.ts(27,10): error TS2305: Module '"./home2.js"' has no exported member 'chekuserR'.

5:00:11 AM - Found 1 error. Watching for file changes.
[2J[3J[H5:00:12 AM - File change detected. Starting incremental compilation...

src/scripts/app.ts(27,10): error TS2305: Module '"./home2.js"' has no exported member 'chekuserR'.

5:00:12 AM - Found 1 error. Watching for file changes.
[2J[3J[H5:00:13 AM - File change detected. Starting incremental compilation...

src/scripts/app.ts(27,10): error TS2305: Module '"./home2.js"' has no exported member 'chekuserR'.

5:00:14 AM - Found 1 error. Watching for file changes.
[2J[3J[H5:02:45 AM - File change detected. Starting incremental compilation...

src/scripts/app.ts(27,10): error TS2305: Module '"./home2.js"' has no exported member 'chekuserR'.

5:02:45 AM - Found 1 error. Watching for file changes.
[2J[3J[H5:02:54 AM - File change detected. Starting incremental compilation...

src/scripts/app.ts(27,10): error TS2305: Module '"./home2.js"' has no exported member 'chekuserR'.

5:02:54 AM - Found 1 error. Watching for file changes.
[2J[3J[H5:03:15 AM - File change detected. Starting incremental compilation...

src/scripts/app.ts(27,10): error TS2305: Module '"./home2.js"' has no exported member 'chekuserR'.

5:03:16 AM - Found 1 error. Watching for file changes.
[2J[3J[H5:04:30 AM - File change detected. Starting incremental compilation...

src/scripts/app.ts(27,10): error TS2305: Module '"./home2.js"' has no exported member 'chekuserR'.

5:04:30 AM - Found 1 error. Watching for file changes.
[2J[3J[H5:04:34 AM - File change detected. Starting incremental compilation...

src/scripts/app.ts(27,10): error TS2305: Module '"./home2.js"' has no exported member 'chekuserR'.

5:04:34 AM - Found 1 error. Watching for file changes.
[2J[3J[H5:04:48 AM - File change detected. Starting incremental compilation...

src/scripts/app.ts(27,10): error TS2305: Module '"./home2.js"' has no exported member 'chekuserR'.

5:04:48 AM - Found 1 error. Watching for file changes.
[2J[3J[H5:05:59 AM - File change detected. Starting incremental compilation...

src/scripts/app.ts(27,10): error TS2305: Module '"./home2.js"' has no exported member 'chekuserR'.

5:05:59 AM - Found 1 error. Watching for file changes.
[2J[3J[H5:06:02 AM - File change detected. Starting incremental compilation...

src/scripts/app.ts(27,10): error TS2305: Module '"./home2.js"' has no exported member 'chekuserR'.

5:06:02 AM - Found 1 error. Watching for file changes.
[2J[3J[H5:06:12 AM - File change detected. Starting incremental compilation...

src/scripts/app.ts(27,10): error TS2305: Module '"./home2.js"' has no exported member 'chekuserR'.

5:06:12 AM - Found 1 error. Watching for file changes.
[2J[3J[H5:06:15 AM - File change detected. Starting incremental compilation...

src/scripts/app.ts(27,10): error TS2305: Module '"./home2.js"' has no exported member 'chekuserR'.

5:06:15 AM - Found 1 error. Watching for file changes.
[2J[3J[H5:06:20 AM - File change detected. Starting incremental compilation...

src/scripts/app.ts(27,10): error TS2305: Module '"./home2.js"' has no exported member 'chekuserR'.

5:06:20 AM - Found 1 error. Watching for file changes.
[2J[3J[H5:06:25 AM - File change detected. Starting incremental compilation...

src/scripts/app.ts(27,10): error TS2305: Module '"./home2.js"' has no exported member 'chekuserR'.

5:06:25 AM - Found 1 error. Watching for file changes.
[2J[3J[H5:06:28 AM - File change detected. Starting incremental compilation...

src/scripts/app.ts(27,10): error TS2305: Module '"./home2.js"' has no exported member 'chekuserR'.

5:06:28 AM - Found 1 error. Watching for file changes.
[2J[3J[H5:06:31 AM - File change detected. Starting incremental compilation...

src/scripts/app.ts(27,10): error TS2305: Module '"./home2.js"' has no exported member 'chekuserR'.

5:06:32 AM - Found 1 error. Watching for file changes.
[2J[3J[H5:06:35 AM - File change detected. Starting incremental compilation...

src/scripts/app.ts(27,10): error TS2305: Module '"./home2.js"' has no exported member 'chekuserR'.

5:06:36 AM - Found 1 error. Watching for file changes.
[2J[3J[H5:08:39 AM - File change detected. Starting incremental compilation...

src/scripts/app.ts(27,10): error TS2305: Module '"./home2.js"' has no exported member 'chekuserR'.

5:08:39 AM - Found 1 error. Watching for file changes.
[2J[3J[H5:08:42 AM - File change detected. Starting incremental compilation...

src/scripts/app.ts(27,10): error TS2305: Module '"./home2.js"' has no exported member 'chekuserR'.

5:08:42 AM - Found 1 error. Watching for file changes.
[2J[3J[H5:09:46 AM - File change detected. Starting incremental compilation...

src/scripts/app.ts(27,10): error TS2305: Module '"./home2.js"' has no exported member 'chekuserR'.

5:09:46 AM - Found 1 error. Watching for file changes.
[2J[3J[H5:09:51 AM - File change detected. Starting incremental compilation...

src/scripts/app.ts(27,10): error TS2305: Module '"./home2.js"' has no exported member 'chekuserR'.

5:09:51 AM - Found 1 error. Watching for file changes.
[2J[3J[H5:09:52 AM - File change detected. Starting incremental compilation...

src/scripts/app.ts(27,10): error TS2305: Module '"./home2.js"' has no exported member 'chekuserR'.

5:09:52 AM - Found 1 error. Watching for file changes.
[2J[3J[H5:09:55 AM - File change detected. Starting incremental compilation...

src/scripts/app.ts(27,10): error TS2305: Module '"./home2.js"' has no exported member 'chekuserR'.

5:09:55 AM - Found 1 error. Watching for file changes.
[2J[3J[H5:10:08 AM - File change detected. Starting incremental compilation...

src/scripts/app.ts(27,10): error TS2305: Module '"./home2.js"' has no exported member 'chekuserR'.

5:10:08 AM - Found 1 error. Watching for file changes.
[2J[3J[H5:10:15 AM - File change detected. Starting incremental compilation...

src/scripts/app.ts(27,10): error TS2305: Module '"./home2.js"' has no exported member 'chekuserR'.

5:10:15 AM - Found 1 error. Watching for file changes.
[2J[3J[H5:10:23 AM - File change detected. Starting incremental compilation...

src/scripts/app.ts(27,10): error TS2305: Module '"./home2.js"' has no exported member 'chekuserR'.

5:10:23 AM - Found 1 error. Watching for file changes.
[2J[3J[H5:11:49 AM - File change detected. Starting incremental compilation...

src/scripts/app.ts(27,10): error TS2305: Module '"./home2.js"' has no exported member 'chekuserR'.

5:11:49 AM - Found 1 error. Watching for file changes.
[2J[3J[H5:11:54 AM - File change detected. Starting incremental compilation...

src/scripts/app.ts(27,10): error TS2305: Module '"./home2.js"' has no exported member 'chekuserR'.

5:11:54 AM - Found 1 error. Watching for file changes.
[2J[3J[H5:12:27 AM - File change detected. Starting incremental compilation...

src/scripts/app.ts(27,10): error TS2305: Module '"./home2.js"' has no exported member 'chekuserR'.

5:12:27 AM - Found 1 error. Watching for file changes.
[2J[3J[H5:12:48 AM - File change detected. Starting incremental compilation...

src/scripts/app.ts(27,10): error TS2305: Module '"./home2.js"' has no exported member 'chekuserR'.

5:12:48 AM - Found 1 error. Watching for file changes.
[2J[3J[H5:12:52 AM - File change detected. Starting incremental compilation...

src/scripts/app.ts(27,10): error TS2305: Module '"./home2.js"' has no exported member 'chekuserR'.

5:12:52 AM - Found 1 error. Watching for file changes.
[2J[3J[H5:12:57 AM - File change detected. Starting incremental compilation...

src/scripts/app.ts(27,10): error TS2305: Module '"./home2.js"' has no exported member 'chekuserR'.

5:12:57 AM - Found 1 error. Watching for file changes.
[2J[3J[H5:13:01 AM - File change detected. Starting incremental compilation...

src/scripts/app.ts(27,10): error TS2305: Module '"./home2.js"' has no exported member 'chekuserR'.

5:13:01 AM - Found 1 error. Watching for file changes.
[2J[3J[H5:13:13 AM - File change detected. Starting incremental compilation...

src/scripts/app.ts(27,10): error TS2305: Module '"./home2.js"' has no exported member 'chekuserR'.

5:13:13 AM - Found 1 error. Watching for file changes.
[2J[3J[H5:13:18 AM - File change detected. Starting incremental compilation...

src/scripts/app.ts(27,10): error TS2305: Module '"./home2.js"' has no exported member 'chekuserR'.

5:13:18 AM - Found 1 error. Watching for file changes.
[2J[3J[H5:13:24 AM - File change detected. Starting incremental compilation...

src/scripts/app.ts(27,10): error TS2305: Module '"./home2.js"' has no exported member 'chekuserR'.

5:13:24 AM - Found 1 error. Watching for file changes.
[2J[3J[H5:14:36 AM - File change detected. Starting incremental compilation...

src/scripts/app.ts(27,10): error TS2305: Module '"./home2.js"' has no exported member 'chekuserR'.

5:14:36 AM - Found 1 error. Watching for file changes.
[2J[3J[H5:14:40 AM - File change detected. Starting incremental compilation...

src/scripts/app.ts(175,9): error TS1109: Expression expected.

5:14:41 AM - Found 1 error. Watching for file changes.
[2J[3J[H5:14:44 AM - File change detected. Starting incremental compilation...

src/scripts/app.ts(27,10): error TS2305: Module '"./home2.js"' has no exported member 'chekuserR'.

5:14:44 AM - Found 1 error. Watching for file changes.
[2J[3J[H5:14:47 AM - File change detected. Starting incremental compilation...

src/scripts/app.ts(27,10): error TS2305: Module '"./home2.js"' has no exported member 'chekuserR'.

5:14:47 AM - Found 1 error. Watching for file changes.
[2J[3J[H5:16:03 AM - File change detected. Starting incremental compilation...

src/scripts/app.ts(27,10): error TS2305: Module '"./home2.js"' has no exported member 'chekuserR'.

5:16:03 AM - Found 1 error. Watching for file changes.
[2J[3J[H5:16:06 AM - File change detected. Starting incremental compilation...

src/scripts/app.ts(27,10): error TS2305: Module '"./home2.js"' has no exported member 'chekuserR'.

5:16:06 AM - Found 1 error. Watching for file changes.
[2J[3J[H5:16:43 AM - File change detected. Starting incremental compilation...

src/scripts/app.ts(27,10): error TS2305: Module '"./home2.js"' has no exported member 'chekuserR'.

5:16:43 AM - Found 1 error. Watching for file changes.
[2J[3J[H5:16:46 AM - File change detected. Starting incremental compilation...

src/scripts/app.ts(27,10): error TS2305: Module '"./home2.js"' has no exported member 'chekuserR'.
src/scripts/app.ts(92,6): error TS1123: Variable declaration list cannot be empty.

5:16:46 AM - Found 2 errors. Watching for file changes.
[2J[3J[H5:16:49 AM - File change detected. Starting incremental compilation...

src/scripts/app.ts(27,10): error TS2305: Module '"./home2.js"' has no exported member 'chekuserR'.
src/scripts/app.ts(92,7): error TS1155: 'const' declarations must be initialized.
src/scripts/app.ts(92,7): error TS7005: Variable 'htmlgen' implicitly has an 'any' type.

5:16:49 AM - Found 3 errors. Watching for file changes.
[2J[3J[H5:16:51 AM - File change detected. Starting incremental compilation...

src/scripts/app.ts(27,10): error TS2305: Module '"./home2.js"' has no exported member 'chekuserR'.

5:16:51 AM - Found 1 error. Watching for file changes.
[2J[3J[H5:16:54 AM - File change detected. Starting incremental compilation...

src/scripts/app.ts(27,10): error TS2305: Module '"./home2.js"' has no exported member 'chekuserR'.

5:16:54 AM - Found 1 error. Watching for file changes.
[2J[3J[H5:16:55 AM - File change detected. Starting incremental compilation...

src/scripts/app.ts(27,10): error TS2305: Module '"./home2.js"' has no exported member 'chekuserR'.

5:16:56 AM - Found 1 error. Watching for file changes.
[2J[3J[H5:17:06 AM - File change detected. Starting incremental compilation...

src/scripts/app.ts(27,10): error TS2305: Module '"./home2.js"' has no exported member 'chekuserR'.

5:17:06 AM - Found 1 error. Watching for file changes.
[2J[3J[H5:17:11 AM - File change detected. Starting incremental compilation...

src/scripts/app.ts(27,10): error TS2305: Module '"./home2.js"' has no exported member 'chekuserR'.

5:17:11 AM - Found 1 error. Watching for file changes.
[2J[3J[H5:17:13 AM - File change detected. Starting incremental compilation...

src/scripts/app.ts(27,10): error TS2305: Module '"./home2.js"' has no exported member 'chekuserR'.

5:17:14 AM - Found 1 error. Watching for file changes.
[2J[3J[H5:17:25 AM - File change detected. Starting incremental compilation...

src/scripts/app.ts(27,10): error TS2305: Module '"./home2.js"' has no exported member 'chekuserR'.

5:17:25 AM - Found 1 error. Watching for file changes.
[2J[3J[H5:17:30 AM - File change detected. Starting incremental compilation...

src/scripts/app.ts(27,10): error TS2305: Module '"./home2.js"' has no exported member 'chekuserR'.

5:17:30 AM - Found 1 error. Watching for file changes.
[2J[3J[H5:17:32 AM - File change detected. Starting incremental compilation...

src/scripts/app.ts(109,15): error TS1109: Expression expected.
src/scripts/app.ts(127,1): error TS1005: 'while' expected.

5:17:32 AM - Found 2 errors. Watching for file changes.
[2J[3J[H5:17:33 AM - File change detected. Starting incremental compilation...

src/scripts/app.ts(27,10): error TS2305: Module '"./home2.js"' has no exported member 'chekuserR'.

5:17:33 AM - Found 1 error. Watching for file changes.
[2J[3J[H5:17:34 AM - File change detected. Starting incremental compilation...

src/scripts/app.ts(27,10): error TS2305: Module '"./home2.js"' has no exported member 'chekuserR'.
src/scripts/app.ts(110,5): error TS2339: Property 'fetch' does not exist on type 'Document'.
src/scripts/app.ts(118,15): error TS7006: Parameter 'response' implicitly has an 'any' type.
src/scripts/app.ts(119,15): error TS7006: Parameter 'data' implicitly has an 'any' type.

5:17:34 AM - Found 4 errors. Watching for file changes.
[2J[3J[H5:17:35 AM - File change detected. Starting incremental compilation...

src/scripts/app.ts(27,10): error TS2305: Module '"./home2.js"' has no exported member 'chekuserR'.
src/scripts/app.ts(109,24): error TS2339: Property 'q' does not exist on type 'Document'.

5:17:35 AM - Found 2 errors. Watching for file changes.
[2J[3J[H5:17:37 AM - File change detected. Starting incremental compilation...

src/scripts/app.ts(27,10): error TS2305: Module '"./home2.js"' has no exported member 'chekuserR'.
src/scripts/app.ts(109,24): error TS2339: Property 'g' does not exist on type 'Document'.

5:17:37 AM - Found 2 errors. Watching for file changes.
[2J[3J[H5:17:39 AM - File change detected. Starting incremental compilation...

src/scripts/app.ts(27,10): error TS2305: Module '"./home2.js"' has no exported member 'chekuserR'.
src/scripts/app.ts(109,24): error TS2554: Expected 1 arguments, but got 0.

5:17:39 AM - Found 2 errors. Watching for file changes.
[2J[3J[H5:17:41 AM - File change detected. Starting incremental compilation...

src/scripts/app.ts(27,10): error TS2305: Module '"./home2.js"' has no exported member 'chekuserR'.

5:17:41 AM - Found 1 error. Watching for file changes.
[2J[3J[H5:17:48 AM - File change detected. Starting incremental compilation...

src/scripts/app.ts(27,10): error TS2305: Module '"./home2.js"' has no exported member 'chekuserR'.

5:17:48 AM - Found 1 error. Watching for file changes.
[2J[3J[H5:17:52 AM - File change detected. Starting incremental compilation...

src/scripts/app.ts(110,10): error TS1005: ',' expected.

5:17:52 AM - Found 1 error. Watching for file changes.
[2J[3J[H5:17:55 AM - File change detected. Starting incremental compilation...

src/scripts/app.ts(27,10): error TS2305: Module '"./home2.js"' has no exported member 'chekuserR'.
src/scripts/app.ts(109,53): error TS2304: Cannot find name 'HTML'.

5:17:55 AM - Found 2 errors. Watching for file changes.
[2J[3J[H5:17:57 AM - File change detected. Starting incremental compilation...

src/scripts/app.ts(27,10): error TS2305: Module '"./home2.js"' has no exported member 'chekuserR'.
src/scripts/app.ts(109,53): error TS2304: Cannot find name 'HTMLH'.

5:17:57 AM - Found 2 errors. Watching for file changes.
[2J[3J[H5:17:59 AM - File change detected. Starting incremental compilation...

src/scripts/app.ts(27,10): error TS2305: Module '"./home2.js"' has no exported member 'chekuserR'.

5:17:59 AM - Found 1 error. Watching for file changes.
[2J[3J[H5:18:00 AM - File change detected. Starting incremental compilation...

src/scripts/app.ts(27,10): error TS2305: Module '"./home2.js"' has no exported member 'chekuserR'.

5:18:00 AM - Found 1 error. Watching for file changes.
[2J[3J[H5:18:04 AM - File change detected. Starting incremental compilation...

src/scripts/app.ts(27,10): error TS2305: Module '"./home2.js"' has no exported member 'chekuserR'.

5:18:04 AM - Found 1 error. Watching for file changes.
[2J[3J[H5:18:08 AM - File change detected. Starting incremental compilation...

src/scripts/app.ts(27,10): error TS2305: Module '"./home2.js"' has no exported member 'chekuserR'.

5:18:08 AM - Found 1 error. Watching for file changes.
[2J[3J[H5:18:17 AM - File change detected. Starting incremental compilation...

src/scripts/app.ts(27,10): error TS2305: Module '"./home2.js"' has no exported member 'chekuserR'.
src/scripts/app.ts(125,10): error TS2339: Property 'in' does not exist on type 'HTMLHRElement'.

5:18:17 AM - Found 2 errors. Watching for file changes.
[2J[3J[H5:18:20 AM - File change detected. Starting incremental compilation...

src/scripts/app.ts(126,4): error TS1109: Expression expected.

5:18:20 AM - Found 1 error. Watching for file changes.
[2J[3J[H5:18:33 AM - File change detected. Starting incremental compilation...

src/scripts/app.ts(27,10): error TS2305: Module '"./home2.js"' has no exported member 'chekuserR'.

5:18:33 AM - Found 1 error. Watching for file changes.
[2J[3J[H5:18:34 AM - File change detected. Starting incremental compilation...

src/scripts/app.ts(27,10): error TS2305: Module '"./home2.js"' has no exported member 'chekuserR'.

5:18:34 AM - Found 1 error. Watching for file changes.
[2J[3J[H5:19:25 AM - File change detected. Starting incremental compilation...

src/scripts/app.ts(27,10): error TS2305: Module '"./home2.js"' has no exported member 'chekuserR'.
src/scripts/app.ts(111,22): error TS2304: Cannot find name 'htmlgen'.

5:19:25 AM - Found 2 errors. Watching for file changes.
[2J[3J[H5:19:30 AM - File change detected. Starting incremental compilation...

src/scripts/app.ts(27,10): error TS2305: Module '"./home2.js"' has no exported member 'chekuserR'.

5:19:30 AM - Found 1 error. Watching for file changes.
[2J[3J[H5:19:34 AM - File change detected. Starting incremental compilation...

src/scripts/app.ts(27,10): error TS2305: Module '"./home2.js"' has no exported member 'chekuserR'.

5:19:34 AM - Found 1 error. Watching for file changes.
[2J[3J[H5:19:36 AM - File change detected. Starting incremental compilation...

src/scripts/app.ts(27,10): error TS2305: Module '"./home2.js"' has no exported member 'chekuserR'.

5:19:36 AM - Found 1 error. Watching for file changes.
[2J[3J[H5:21:03 AM - File change detected. Starting incremental compilation...

src/scripts/app.ts(27,10): error TS2305: Module '"./home2.js"' has no exported member 'chekuserR'.

5:21:03 AM - Found 1 error. Watching for file changes.
[2J[3J[H5:21:10 AM - File change detected. Starting incremental compilation...

src/scripts/app.ts(27,10): error TS2305: Module '"./home2.js"' has no exported member 'chekuserR'.

5:21:10 AM - Found 1 error. Watching for file changes.
[2J[3J[H5:21:11 AM - File change detected. Starting incremental compilation...

src/scripts/app.ts(55,2): error TS1005: '(' expected.

5:21:11 AM - Found 1 error. Watching for file changes.
[2J[3J[H5:21:13 AM - File change detected. Starting incremental compilation...

src/scripts/app.ts(27,10): error TS2305: Module '"./home2.js"' has no exported member 'chekuserR'.

5:21:13 AM - Found 1 error. Watching for file changes.
[2J[3J[H5:21:14 AM - File change detected. Starting incremental compilation...

src/scripts/app.ts(27,10): error TS2305: Module '"./home2.js"' has no exported member 'chekuserR'.

5:21:14 AM - Found 1 error. Watching for file changes.
[2J[3J[H5:21:19 AM - File change detected. Starting incremental compilation...

src/scripts/app.ts(27,10): error TS2305: Module '"./home2.js"' has no exported member 'chekuserR'.

5:21:19 AM - Found 1 error. Watching for file changes.
[2J[3J[H5:21:21 AM - File change detected. Starting incremental compilation...

src/scripts/app.ts(27,10): error TS2305: Module '"./home2.js"' has no exported member 'chekuserR'.

5:21:21 AM - Found 1 error. Watching for file changes.
[2J[3J[H5:21:27 AM - File change detected. Starting incremental compilation...

src/scripts/app.ts(27,10): error TS2305: Module '"./home2.js"' has no exported member 'chekuserR'.
src/scripts/app.ts(80,31): error TS2304: Cannot find name 'initialPage'.
src/scripts/app.ts(80,59): error TS2304: Cannot find name 'initialPage'.
src/scripts/app.ts(81,11): error TS2304: Cannot find name 'initialPage'.

5:21:27 AM - Found 4 errors. Watching for file changes.
[2J[3J[H5:21:32 AM - File change detected. Starting incremental compilation...

src/scripts/app.ts(27,10): error TS2305: Module '"./home2.js"' has no exported member 'chekuserR'.

5:21:32 AM - Found 1 error. Watching for file changes.
[2J[3J[H5:21:42 AM - File change detected. Starting incremental compilation...

src/scripts/app.ts(27,10): error TS2305: Module '"./home2.js"' has no exported member 'chekuserR'.
src/scripts/app.ts(116,3): error TS2454: Variable 'app' is used before being assigned.
src/scripts/app.ts(178,3): error TS2454: Variable 'app' is used before being assigned.
src/scripts/app.ts(183,6): error TS2454: Variable 'navBar' is used before being assigned.

5:21:42 AM - Found 4 errors. Watching for file changes.
[2J[3J[H5:21:45 AM - File change detected. Starting incremental compilation...

src/scripts/app.ts(27,10): error TS2305: Module '"./home2.js"' has no exported member 'chekuserR'.

5:21:45 AM - Found 1 error. Watching for file changes.
[2J[3J[H5:21:53 AM - File change detected. Starting incremental compilation...

src/scripts/app.ts(27,10): error TS2305: Module '"./home2.js"' has no exported member 'chekuserR'.

5:21:53 AM - Found 1 error. Watching for file changes.
[2J[3J[H5:28:24 AM - File change detected. Starting incremental compilation...

src/scripts/app.ts(27,10): error TS2305: Module '"./home2.js"' has no exported member 'chekuserR'.
src/scripts/app.ts(140,3): error TS2454: Variable 'app' is used before being assigned.
src/scripts/app.ts(202,3): error TS2454: Variable 'app' is used before being assigned.
src/scripts/app.ts(207,6): error TS2454: Variable 'navBar' is used before being assigned.

5:28:25 AM - Found 4 errors. Watching for file changes.
[2J[3J[H5:28:27 AM - File change detected. Starting incremental compilation...

src/scripts/app.ts(27,10): error TS2305: Module '"./home2.js"' has no exported member 'chekuserR'.
src/scripts/app.ts(123,29): error TS2345: Argument of type '(button: HTMLElement) => void' is not assignable to parameter of type '(value: Element, key: number, parent: NodeListOf<Element>) => void'.
  Types of parameters 'button' and 'value' are incompatible.
    Type 'Element' is missing the following properties from type 'HTMLElement': accessKey, accessKeyLabel, autocapitalize, dir, and 126 more.
src/scripts/app.ts(149,10): error TS2393: Duplicate function implementation.
src/scripts/app.ts(193,16): error TS2393: Duplicate function implementation.
src/scripts/app.ts(198,3): error TS2454: Variable 'app' is used before being assigned.
src/scripts/app.ts(260,3): error TS2454: Variable 'app' is used before being assigned.
src/scripts/app.ts(265,6): error TS2454: Variable 'navBar' is used before being assigned.

5:28:27 AM - Found 7 errors. Watching for file changes.
[2J[3J[H5:29:20 AM - File change detected. Starting incremental compilation...

src/scripts/app.ts(27,10): error TS2305: Module '"./home2.js"' has no exported member 'chekuserR'.
src/scripts/app.ts(142,3): error TS2454: Variable 'app' is used before being assigned.
src/scripts/app.ts(204,3): error TS2454: Variable 'app' is used before being assigned.
src/scripts/app.ts(209,6): error TS2454: Variable 'navBar' is used before being assigned.

5:29:20 AM - Found 4 errors. Watching for file changes.
[2J[3J[H5:29:33 AM - File change detected. Starting incremental compilation...

src/scripts/app.ts(27,10): error TS2305: Module '"./home2.js"' has no exported member 'chekuserR'.

5:29:34 AM - Found 1 error. Watching for file changes.
[2J[3J[H5:31:20 AM - File change detected. Starting incremental compilation...


5:31:20 AM - Found 0 errors. Watching for file changes.
[2J[3J[H5:32:40 AM - File change detected. Starting incremental compilation...


5:32:40 AM - Found 0 errors. Watching for file changes.
[2J[3J[H5:32:44 AM - File change detected. Starting incremental compilation...


5:32:45 AM - Found 0 errors. Watching for file changes.
[2J[3J[H5:32:48 AM - File change detected. Starting incremental compilation...


5:32:48 AM - Found 0 errors. Watching for file changes.
[2J[3J[H5:32:51 AM - File change detected. Starting incremental compilation...

src/scripts/app.ts(86,3): error TS1434: Unexpected keyword or identifier.

5:32:52 AM - Found 1 error. Watching for file changes.
[2J[3J[H5:32:53 AM - File change detected. Starting incremental compilation...


5:32:53 AM - Found 0 errors. Watching for file changes.
[2J[3J[H5:33:04 AM - File change detected. Starting incremental compilation...


5:33:04 AM - Found 0 errors. Watching for file changes.
[2J[3J[H5:35:57 AM - File change detected. Starting incremental compilation...


5:35:58 AM - Found 0 errors. Watching for file changes.
[2J[3J[H5:35:59 AM - File change detected. Starting incremental compilation...


5:35:59 AM - Found 0 errors. Watching for file changes.
[2J[3J[H5:36:19 AM - File change detected. Starting incremental compilation...

src/scripts/app.ts(93,3): error TS1128: Declaration or statement expected.

5:36:19 AM - Found 1 error. Watching for file changes.
[2J[3J[H5:36:21 AM - File change detected. Starting incremental compilation...


5:36:21 AM - Found 0 errors. Watching for file changes.
[2J[3J[H5:36:28 AM - File change detected. Starting incremental compilation...


5:36:28 AM - Found 0 errors. Watching for file changes.
[2J[3J[H5:36:32 AM - File change detected. Starting incremental compilation...


5:36:32 AM - Found 0 errors. Watching for file changes.
[2J[3J[H5:36:34 AM - File change detected. Starting incremental compilation...


5:36:34 AM - Found 0 errors. Watching for file changes.
[2J[3J[H5:36:36 AM - File change detected. Starting incremental compilation...


5:36:36 AM - Found 0 errors. Watching for file changes.
[2J[3J[H5:36:37 AM - File change detected. Starting incremental compilation...


5:36:37 AM - Found 0 errors. Watching for file changes.
[2J[3J[H5:36:51 AM - File change detected. Starting incremental compilation...


5:36:51 AM - Found 0 errors. Watching for file changes.
[2J[3J[H5:36:59 AM - File change detected. Starting incremental compilation...


5:37:00 AM - Found 0 errors. Watching for file changes.
[2J[3J[H5:44:00 AM - File change detected. Starting incremental compilation...

src/scripts/app.ts(71,4): error TS2304: Cannot find name 'navBar'.
src/scripts/app.ts(205,6): error TS2304: Cannot find name 'navBar'.
src/scripts/app.ts(208,4): error TS2304: Cannot find name 'navBar'.
src/scripts/app.ts(210,4): error TS2304: Cannot find name 'navBar'.

5:44:00 AM - Found 4 errors. Watching for file changes.
[2J[3J[H5:44:31 AM - File change detected. Starting incremental compilation...

src/scripts/app.ts(71,4): error TS2304: Cannot find name 'navBar'.
src/scripts/app.ts(72,4): error TS2304: Cannot find name 'navBtns'.
src/scripts/app.ts(78,4): error TS2304: Cannot find name 'navBtns'.
src/scripts/app.ts(205,6): error TS2304: Cannot find name 'navBar'.
src/scripts/app.ts(208,4): error TS2304: Cannot find name 'navBar'.
src/scripts/app.ts(210,4): error TS2304: Cannot find name 'navBar'.

5:44:31 AM - Found 6 errors. Watching for file changes.
[2J[3J[H5:44:36 AM - File change detected. Starting incremental compilation...

src/scripts/app.ts(78,4): error TS2304: Cannot find name 'navBtns'.
src/scripts/app.ts(205,6): error TS2304: Cannot find name 'navBar'.
src/scripts/app.ts(208,4): error TS2304: Cannot find name 'navBar'.
src/scripts/app.ts(210,4): error TS2304: Cannot find name 'navBar'.

5:44:36 AM - Found 4 errors. Watching for file changes.
[2J[3J[H5:44:47 AM - File change detected. Starting incremental compilation...

src/scripts/app.ts(205,6): error TS2304: Cannot find name 'navBar'.
src/scripts/app.ts(208,4): error TS2304: Cannot find name 'navBar'.
src/scripts/app.ts(210,4): error TS2304: Cannot find name 'navBar'.

5:44:47 AM - Found 3 errors. Watching for file changes.
[2J[3J[H5:45:07 AM - File change detected. Starting incremental compilation...

src/scripts/app.ts(140,3): error TS2304: Cannot find name 'hideNav'.

5:45:07 AM - Found 1 error. Watching for file changes.
[2J[3J[H5:45:11 AM - File change detected. Starting incremental compilation...


5:45:11 AM - Found 0 errors. Watching for file changes.
[2J[3J[H5:48:42 AM - File change detected. Starting incremental compilation...


5:48:42 AM - Found 0 errors. Watching for file changes.
[2J[3J[H5:49:44 AM - File change detected. Starting incremental compilation...


5:49:44 AM - Found 0 errors. Watching for file changes.
[2J[3J[H5:53:40 AM - File change detected. Starting incremental compilation...


5:53:40 AM - Found 0 errors. Watching for file changes.
[2J[3J[H5:53:42 AM - File change detected. Starting incremental compilation...

src/scripts/app.ts(71,4): error TS1005: '(' expected.
src/scripts/app.ts(71,41): error TS1005: ')' expected.

5:53:42 AM - Found 2 errors. Watching for file changes.
[2J[3J[H5:53:44 AM - File change detected. Starting incremental compilation...

src/scripts/app.ts(70,7): error TS1109: Expression expected.

5:53:44 AM - Found 1 error. Watching for file changes.
[2J[3J[H5:53:49 AM - File change detected. Starting incremental compilation...


5:53:49 AM - Found 0 errors. Watching for file changes.
[2J[3J[H5:53:52 AM - File change detected. Starting incremental compilation...

src/scripts/app.ts(70,22): error TS1109: Expression expected.

5:53:52 AM - Found 1 error. Watching for file changes.
[2J[3J[H5:53:53 AM - File change detected. Starting incremental compilation...

src/scripts/app.ts(70,21): error TS1109: Expression expected.

5:53:53 AM - Found 1 error. Watching for file changes.
[2J[3J[H5:53:57 AM - File change detected. Starting incremental compilation...


5:53:57 AM - Found 0 errors. Watching for file changes.
[2J[3J[H5:53:59 AM - File change detected. Starting incremental compilation...


5:53:59 AM - Found 0 errors. Watching for file changes.
[2J[3J[H5:54:13 AM - File change detected. Starting incremental compilation...


5:54:13 AM - Found 0 errors. Watching for file changes.
[2J[3J[H5:54:19 AM - File change detected. Starting incremental compilation...


5:54:19 AM - Found 0 errors. Watching for file changes.
[2J[3J[H5:54:23 AM - File change detected. Starting incremental compilation...


5:54:23 AM - Found 0 errors. Watching for file changes.
[2J[3J[H5:54:33 AM - File change detected. Starting incremental compilation...


5:54:33 AM - Found 0 errors. Watching for file changes.
[2J[3J[H5:55:20 AM - File change detected. Starting incremental compilation...


5:55:20 AM - Found 0 errors. Watching for file changes.
[2J[3J[H5:55:34 AM - File change detected. Starting incremental compilation...


5:55:34 AM - Found 0 errors. Watching for file changes.
[2J[3J[H5:55:37 AM - File change detected. Starting incremental compilation...


5:55:37 AM - Found 0 errors. Watching for file changes.
[2J[3J[H5:55:38 AM - File change detected. Starting incremental compilation...


5:55:38 AM - Found 0 errors. Watching for file changes.
[2J[3J[H5:55:45 AM - File change detected. Starting incremental compilation...


5:55:45 AM - Found 0 errors. Watching for file changes.
[2J[3J[H5:56:36 AM - File change detected. Starting incremental compilation...

src/scripts/app.ts(81,2): error TS1005: ',' expected.
src/scripts/app.ts(82,1): error TS1128: Declaration or statement expected.
src/scripts/app.ts(82,2): error TS1128: Declaration or statement expected.

5:56:36 AM - Found 3 errors. Watching for file changes.
[2J[3J[H5:56:38 AM - File change detected. Starting incremental compilation...


5:56:38 AM - Found 0 errors. Watching for file changes.
[2J[3J[H5:56:41 AM - File change detected. Starting incremental compilation...


5:56:41 AM - Found 0 errors. Watching for file changes.
[2J[3J[H5:56:42 AM - File change detected. Starting incremental compilation...


5:56:42 AM - Found 0 errors. Watching for file changes.
[2J[3J[H5:56:48 AM - File change detected. Starting incremental compilation...

src/scripts/app.ts(80,6): error TS1109: Expression expected.
src/scripts/app.ts(81,2): error TS1109: Expression expected.

5:56:48 AM - Found 2 errors. Watching for file changes.
[2J[3J[H5:57:05 AM - File change detected. Starting incremental compilation...

src/scripts/app.ts(81,2): error TS1109: Expression expected.

5:57:05 AM - Found 1 error. Watching for file changes.
[2J[3J[H5:57:09 AM - File change detected. Starting incremental compilation...

src/scripts/app.ts(81,2): error TS1109: Expression expected.

5:57:09 AM - Found 1 error. Watching for file changes.
[2J[3J[H5:57:13 AM - File change detected. Starting incremental compilation...


5:57:13 AM - Found 0 errors. Watching for file changes.
[2J[3J[H5:57:17 AM - File change detected. Starting incremental compilation...

src/scripts/app.ts(71,5): error TS2304: Cannot find name 'a'.
src/scripts/app.ts(124,3): error TS2454: Variable 'app' is used before being assigned.
src/scripts/app.ts(186,3): error TS2454: Variable 'app' is used before being assigned.

5:57:17 AM - Found 3 errors. Watching for file changes.
[2J[3J[H5:57:18 AM - File change detected. Starting incremental compilation...


5:57:18 AM - Found 0 errors. Watching for file changes.
[2J[3J[H5:57:23 AM - File change detected. Starting incremental compilation...


5:57:23 AM - Found 0 errors. Watching for file changes.
[2J[3J[H5:57:26 AM - File change detected. Starting incremental compilation...


5:57:26 AM - Found 0 errors. Watching for file changes.
[2J[3J[H6:01:20 AM - File change detected. Starting incremental compilation...

src/scripts/app.ts(93,2): error TS1109: Expression expected.

6:01:20 AM - Found 1 error. Watching for file changes.
[2J[3J[H6:01:51 AM - File change detected. Starting incremental compilation...


6:01:51 AM - Found 0 errors. Watching for file changes.
[2J[3J[H6:01:59 AM - File change detected. Starting incremental compilation...

src/scripts/app.ts(94,3): error TS1109: Expression expected.

6:01:59 AM - Found 1 error. Watching for file changes.
[2J[3J[H6:02:02 AM - File change detected. Starting incremental compilation...


6:02:02 AM - Found 0 errors. Watching for file changes.
[2J[3J[H6:02:04 AM - File change detected. Starting incremental compilation...


6:02:04 AM - Found 0 errors. Watching for file changes.
[2J[3J[H6:02:09 AM - File change detected. Starting incremental compilation...


6:02:09 AM - Found 0 errors. Watching for file changes.
[2J[3J[H6:02:20 AM - File change detected. Starting incremental compilation...


6:02:20 AM - Found 0 errors. Watching for file changes.
[2J[3J[H6:03:57 AM - File change detected. Starting incremental compilation...


6:03:57 AM - Found 0 errors. Watching for file changes.
[2J[3J[H6:03:58 AM - File change detected. Starting incremental compilation...

src/scripts/app.ts(59,7): error TS1005: ',' expected.

6:03:59 AM - Found 1 error. Watching for file changes.
[2J[3J[H6:04:01 AM - File change detected. Starting incremental compilation...


6:04:01 AM - Found 0 errors. Watching for file changes.
[2J[3J[H6:04:07 AM - File change detected. Starting incremental compilation...


6:04:07 AM - Found 0 errors. Watching for file changes.
[2J[3J[H6:04:11 AM - File change detected. Starting incremental compilation...


6:04:11 AM - Found 0 errors. Watching for file changes.
[2J[3J[H6:04:12 AM - File change detected. Starting incremental compilation...


6:04:12 AM - Found 0 errors. Watching for file changes.
[2J[3J[H6:04:14 AM - File change detected. Starting incremental compilation...


6:04:14 AM - Found 0 errors. Watching for file changes.
[2J[3J[H6:04:16 AM - File change detected. Starting incremental compilation...


6:04:16 AM - Found 0 errors. Watching for file changes.
[2J[3J[H6:04:26 AM - File change detected. Starting incremental compilation...


6:04:26 AM - Found 0 errors. Watching for file changes.
[2J[3J[H6:04:39 AM - File change detected. Starting incremental compilation...


6:04:39 AM - Found 0 errors. Watching for file changes.
[2J[3J[H6:04:49 AM - File change detected. Starting incremental compilation...


6:04:49 AM - Found 0 errors. Watching for file changes.
[2J[3J[H6:05:27 AM - File change detected. Starting incremental compilation...


6:05:27 AM - Found 0 errors. Watching for file changes.
[2J[3J[H6:07:25 AM - File change detected. Starting incremental compilation...


6:07:25 AM - Found 0 errors. Watching for file changes.
[2J[3J[H6:07:35 AM - File change detected. Starting incremental compilation...


6:07:35 AM - Found 0 errors. Watching for file changes.
[2J[3J[H6:07:40 AM - File change detected. Starting incremental compilation...


6:07:40 AM - Found 0 errors. Watching for file changes.
[2J[3J[H6:07:43 AM - File change detected. Starting incremental compilation...

src/scripts/app.ts(82,21): error TS1109: Expression expected.

6:07:43 AM - Found 1 error. Watching for file changes.
[2J[3J[H6:07:47 AM - File change detected. Starting incremental compilation...


6:07:47 AM - Found 0 errors. Watching for file changes.
[2J[3J[H6:07:48 AM - File change detected. Starting incremental compilation...


6:07:48 AM - Found 0 errors. Watching for file changes.
[2J[3J[H6:08:00 AM - File change detected. Starting incremental compilation...


6:08:00 AM - Found 0 errors. Watching for file changes.
[2J[3J[H6:08:02 AM - File change detected. Starting incremental compilation...


6:08:02 AM - Found 0 errors. Watching for file changes.
[2J[3J[H6:08:04 AM - File change detected. Starting incremental compilation...


6:08:04 AM - Found 0 errors. Watching for file changes.
[2J[3J[H6:08:06 AM - File change detected. Starting incremental compilation...


6:08:06 AM - Found 0 errors. Watching for file changes.
[2J[3J[H6:08:16 AM - File change detected. Starting incremental compilation...

src/scripts/app.ts(87,34): error TS1109: Expression expected.
src/scripts/app.ts(87,50): error TS1109: Expression expected.

6:08:16 AM - Found 2 errors. Watching for file changes.
[2J[3J[H6:08:17 AM - File change detected. Starting incremental compilation...

src/scripts/app.ts(87,33): error TS2552: Cannot find name 'home'. Did you mean 'Home'?
src/scripts/app.ts(87,54): error TS2552: Cannot find name 'home'. Did you mean 'Home'?
src/scripts/app.ts(88,13): error TS2552: Cannot find name 'home'. Did you mean 'Home'?

6:08:17 AM - Found 3 errors. Watching for file changes.
[2J[3J[H6:08:21 AM - File change detected. Starting incremental compilation...


6:08:21 AM - Found 0 errors. Watching for file changes.
[2J[3J[H6:09:27 AM - File change detected. Starting incremental compilation...

src/scripts/app.ts(83,39): error TS1109: Expression expected.

6:09:27 AM - Found 1 error. Watching for file changes.
[2J[3J[H6:09:32 AM - File change detected. Starting incremental compilation...


6:09:32 AM - Found 0 errors. Watching for file changes.
[2J[3J[H6:09:37 AM - File change detected. Starting incremental compilation...


6:09:37 AM - Found 0 errors. Watching for file changes.
[2J[3J[H7:06:04 AM - File change detected. Starting incremental compilation...


7:06:04 AM - Found 0 errors. Watching for file changes.
[2J[3J[H7:06:07 AM - File change detected. Starting incremental compilation...

src/scripts/app.ts(95,3): error TS1005: '(' expected.
src/scripts/app.ts(96,41): error TS1005: ',' expected.
src/scripts/app.ts(98,4): error TS1005: ',' expected.
src/scripts/app.ts(98,11): error TS1005: ',' expected.
src/scripts/app.ts(98,63): error TS1005: ',' expected.
src/scripts/app.ts(100,4): error TS1005: ',' expected.
src/scripts/app.ts(100,10): error TS1005: ',' expected.
src/scripts/app.ts(103,5): error TS1005: ',' expected.
src/scripts/app.ts(106,2): error TS1005: ')' expected.

7:06:07 AM - Found 9 errors. Watching for file changes.
[2J[3J[H7:06:08 AM - File change detected. Starting incremental compilation...

src/scripts/app.ts(94,6): error TS1109: Expression expected.

7:06:08 AM - Found 1 error. Watching for file changes.
[2J[3J[H7:06:09 AM - File change detected. Starting incremental compilation...


7:06:09 AM - Found 0 errors. Watching for file changes.
[2J[3J[H7:06:59 AM - File change detected. Starting incremental compilation...

src/scripts/app.ts(83,7): error TS1109: Expression expected.

7:06:59 AM - Found 1 error. Watching for file changes.
[2J[3J[H7:07:03 AM - File change detected. Starting incremental compilation...

src/scripts/app.ts(83,7): error TS1109: Expression expected.

7:07:03 AM - Found 1 error. Watching for file changes.
[2J[3J[H7:07:11 AM - File change detected. Starting incremental compilation...


7:07:11 AM - Found 0 errors. Watching for file changes.
[2J[3J[H7:07:22 AM - File change detected. Starting incremental compilation...

src/scripts/app.ts(94,39): error TS1109: Expression expected.

7:07:22 AM - Found 1 error. Watching for file changes.
[2J[3J[H7:07:28 AM - File change detected. Starting incremental compilation...


7:07:28 AM - Found 0 errors. Watching for file changes.
[2J[3J[H7:07:31 AM - File change detected. Starting incremental compilation...


7:07:31 AM - Found 0 errors. Watching for file changes.
[2J[3J[H7:31:30 AM - File change detected. Starting incremental compilation...


7:31:30 AM - Found 0 errors. Watching for file changes.
[2J[3J[H7:34:31 AM - File change detected. Starting incremental compilation...


7:34:31 AM - Found 0 errors. Watching for file changes.
[2J[3J[H7:38:08 AM - File change detected. Starting incremental compilation...


7:38:08 AM - Found 0 errors. Watching for file changes.
[2J[3J[H7:38:50 AM - File change detected. Starting incremental compilation...

src/scripts/settings.ts(149,5): error TS2552: Cannot find name 'uploadPics'. Did you mean 'uploadPicsP'?
src/scripts/settings.ts(150,5): error TS2552: Cannot find name 'uploadPics'. Did you mean 'uploadPicsP'?

7:38:50 AM - Found 2 errors. Watching for file changes.
[2J[3J[H7:38:52 AM - File change detected. Starting incremental compilation...

src/scripts/settings.ts(149,5): error TS2304: Cannot find name 'uploadPics'.
src/scripts/settings.ts(150,5): error TS2304: Cannot find name 'uploadPics'.

7:38:52 AM - Found 2 errors. Watching for file changes.
[2J[3J[H7:39:02 AM - File change detected. Starting incremental compilation...

src/scripts/settings.ts(149,5): error TS2304: Cannot find name 'uploadPics'.

7:39:02 AM - Found 1 error. Watching for file changes.
[2J[3J[H7:39:13 AM - File change detected. Starting incremental compilation...

src/scripts/settings.ts(150,5): error TS2304: Cannot find name 'uploadPics'.

7:39:13 AM - Found 1 error. Watching for file changes.
[2J[3J[H7:39:14 AM - File change detected. Starting incremental compilation...

src/scripts/settings.ts(114,14): error TS2393: Duplicate function implementation.
src/scripts/settings.ts(146,14): error TS2393: Duplicate function implementation.
src/scripts/settings.ts(181,5): error TS2304: Cannot find name 'uploadPics'.

7:39:14 AM - Found 3 errors. Watching for file changes.
[2J[3J[H7:39:28 AM - File change detected. Starting incremental compilation...

src/scripts/settings.ts(163,36): error TS1109: Expression expected.

7:39:28 AM - Found 1 error. Watching for file changes.
[2J[3J[H7:39:32 AM - File change detected. Starting incremental compilation...

src/scripts/settings.ts(114,14): error TS2393: Duplicate function implementation.
src/scripts/settings.ts(146,14): error TS2393: Duplicate function implementation.
src/scripts/settings.ts(181,5): error TS2304: Cannot find name 'uploadPics'.

7:39:32 AM - Found 3 errors. Watching for file changes.
[2J[3J[H7:39:34 AM - File change detected. Starting incremental compilation...

src/scripts/settings.ts(114,14): error TS2393: Duplicate function implementation.
src/scripts/settings.ts(146,14): error TS2393: Duplicate function implementation.
src/scripts/settings.ts(181,5): error TS2304: Cannot find name 'uploadPics'.

7:39:34 AM - Found 3 errors. Watching for file changes.
[2J[3J[H7:39:39 AM - File change detected. Starting incremental compilation...

src/scripts/settings.ts(163,36): error TS1109: Expression expected.

7:39:39 AM - Found 1 error. Watching for file changes.
[2J[3J[H7:39:44 AM - File change detected. Starting incremental compilation...

src/scripts/settings.ts(114,14): error TS2393: Duplicate function implementation.
src/scripts/settings.ts(146,14): error TS2393: Duplicate function implementation.
src/scripts/settings.ts(181,5): error TS2304: Cannot find name 'uploadPics'.

7:39:44 AM - Found 3 errors. Watching for file changes.
[2J[3J[H7:39:52 AM - File change detected. Starting incremental compilation...

src/scripts/settings.ts(164,37): error TS1109: Expression expected.

7:39:52 AM - Found 1 error. Watching for file changes.
[2J[3J[H7:39:53 AM - File change detected. Starting incremental compilation...

src/scripts/settings.ts(114,14): error TS2393: Duplicate function implementation.
src/scripts/settings.ts(146,14): error TS2393: Duplicate function implementation.
src/scripts/settings.ts(181,5): error TS2304: Cannot find name 'uploadPics'.

7:39:53 AM - Found 3 errors. Watching for file changes.
[2J[3J[H7:39:55 AM - File change detected. Starting incremental compilation...

src/scripts/settings.ts(114,14): error TS2393: Duplicate function implementation.
src/scripts/settings.ts(146,14): error TS2393: Duplicate function implementation.
src/scripts/settings.ts(181,5): error TS2304: Cannot find name 'uploadPics'.

7:39:55 AM - Found 3 errors. Watching for file changes.
[2J[3J[H7:40:09 AM - File change detected. Starting incremental compilation...

src/scripts/settings.ts(114,14): error TS2393: Duplicate function implementation.
src/scripts/settings.ts(146,14): error TS2393: Duplicate function implementation.
src/scripts/settings.ts(181,5): error TS2304: Cannot find name 'uploadPics'.

7:40:09 AM - Found 3 errors. Watching for file changes.
[2J[3J[H7:40:14 AM - File change detected. Starting incremental compilation...

src/scripts/settings.ts(114,14): error TS2393: Duplicate function implementation.
src/scripts/settings.ts(146,14): error TS2393: Duplicate function implementation.
src/scripts/settings.ts(181,5): error TS2304: Cannot find name 'uploadPics'.

7:40:14 AM - Found 3 errors. Watching for file changes.
[2J[3J[H7:40:19 AM - File change detected. Starting incremental compilation...

src/scripts/settings.ts(181,5): error TS2552: Cannot find name 'uploadPics'. Did you mean 'uploadPicsC'?

7:40:19 AM - Found 1 error. Watching for file changes.
[2J[3J[H7:40:20 AM - File change detected. Starting incremental compilation...

src/scripts/settings.ts(181,5): error TS2304: Cannot find name 'uploadPics'.

7:40:21 AM - Found 1 error. Watching for file changes.
[2J[3J[H7:40:28 AM - File change detected. Starting incremental compilation...


7:40:28 AM - Found 0 errors. Watching for file changes.
[2J[3J[H7:41:44 AM - File change detected. Starting incremental compilation...


7:41:44 AM - Found 0 errors. Watching for file changes.
[2J[3J[H7:41:46 AM - File change detected. Starting incremental compilation...

src/scripts/settings.ts(176,17): error TS2304: Cannot find name 'con'.

7:41:46 AM - Found 1 error. Watching for file changes.
[2J[3J[H7:41:49 AM - File change detected. Starting incremental compilation...


7:41:49 AM - Found 0 errors. Watching for file changes.
[2J[3J[H7:41:54 AM - File change detected. Starting incremental compilation...


7:41:55 AM - Found 0 errors. Watching for file changes.
[2J[3J[H7:41:56 AM - File change detected. Starting incremental compilation...


7:41:56 AM - Found 0 errors. Watching for file changes.
[2J[3J[H8:02:40 AM - File change detected. Starting incremental compilation...


8:02:40 AM - Found 0 errors. Watching for file changes.
[2J[3J[H8:02:42 AM - File change detected. Starting incremental compilation...

src/scripts/settings.ts(251,5): error TS2304: Cannot find name 'fu'.

8:02:42 AM - Found 1 error. Watching for file changes.
[2J[3J[H8:02:56 AM - File change detected. Starting incremental compilation...

src/scripts/settings.ts(251,14): error TS2391: Function implementation is missing or not immediately following the declaration.
src/scripts/settings.ts(251,14): error TS7010: 'changeData', which lacks return-type annotation, implicitly has an 'any' return type.

8:02:56 AM - Found 2 errors. Watching for file changes.
[2J[3J[H8:02:57 AM - File change detected. Starting incremental compilation...


8:02:57 AM - Found 0 errors. Watching for file changes.
[2J[3J[H8:03:10 AM - File change detected. Starting incremental compilation...

src/scripts/settings.ts(253,14): error TS1123: Variable declaration list cannot be empty.

8:03:10 AM - Found 1 error. Watching for file changes.
[2J[3J[H8:03:12 AM - File change detected. Starting incremental compilation...

src/scripts/settings.ts(253,15): error TS1155: 'const' declarations must be initialized.
src/scripts/settings.ts(253,15): error TS7005: Variable 'edit' implicitly has an 'any' type.

8:03:12 AM - Found 2 errors. Watching for file changes.
[2J[3J[H8:03:15 AM - File change detected. Starting incremental compilation...

src/scripts/settings.ts(253,15): error TS1155: 'const' declarations must be initialized.
src/scripts/settings.ts(253,15): error TS7005: Variable 'editNme' implicitly has an 'any' type.

8:03:15 AM - Found 2 errors. Watching for file changes.
[2J[3J[H8:03:18 AM - File change detected. Starting incremental compilation...

src/scripts/settings.ts(254,5): error TS1109: Expression expected.

8:03:18 AM - Found 1 error. Watching for file changes.
[2J[3J[H8:03:20 AM - File change detected. Starting incremental compilation...

src/scripts/settings.ts(253,26): error TS1109: Expression expected.
src/scripts/settings.ts(254,5): error TS1109: Expression expected.

8:03:20 AM - Found 2 errors. Watching for file changes.
[2J[3J[H8:03:23 AM - File change detected. Starting incremental compilation...


8:03:23 AM - Found 0 errors. Watching for file changes.
[2J[3J[H8:03:27 AM - File change detected. Starting incremental compilation...

src/scripts/settings.ts(253,35): error TS2554: Expected 1 arguments, but got 0.

8:03:27 AM - Found 1 error. Watching for file changes.
[2J[3J[H8:03:29 AM - File change detected. Starting incremental compilation...


8:03:29 AM - Found 0 errors. Watching for file changes.
[2J[3J[H8:03:44 AM - File change detected. Starting incremental compilation...


8:03:44 AM - Found 0 errors. Watching for file changes.
[2J[3J[H8:03:46 AM - File change detected. Starting incremental compilation...


8:03:46 AM - Found 0 errors. Watching for file changes.
[2J[3J[H8:03:51 AM - File change detected. Starting incremental compilation...

src/scripts/settings.ts(253,76): error TS2304: Cannot find name 'HTML'.

8:03:51 AM - Found 1 error. Watching for file changes.
[2J[3J[H8:03:52 AM - File change detected. Starting incremental compilation...

src/scripts/settings.ts(253,76): error TS2304: Cannot find name 'HTMLI'.

8:03:53 AM - Found 1 error. Watching for file changes.
[2J[3J[H8:03:55 AM - File change detected. Starting incremental compilation...


8:03:55 AM - Found 0 errors. Watching for file changes.
[2J[3J[H8:03:56 AM - File change detected. Starting incremental compilation...


8:03:56 AM - Found 0 errors. Watching for file changes.
[2J[3J[H8:04:00 AM - File change detected. Starting incremental compilation...


8:04:00 AM - Found 0 errors. Watching for file changes.
[2J[3J[H8:04:06 AM - File change detected. Starting incremental compilation...


8:04:06 AM - Found 0 errors. Watching for file changes.
[2J[3J[H8:04:14 AM - File change detected. Starting incremental compilation...

src/scripts/settings.ts(255,18): error TS2554: Expected 2-3 arguments, but got 1.

8:04:14 AM - Found 1 error. Watching for file changes.
[2J[3J[H8:04:20 AM - File change detected. Starting incremental compilation...


8:04:21 AM - Found 0 errors. Watching for file changes.
[2J[3J[H8:04:22 AM - File change detected. Starting incremental compilation...


8:04:22 AM - Found 0 errors. Watching for file changes.
[2J[3J[H8:04:23 AM - File change detected. Starting incremental compilation...


8:04:23 AM - Found 0 errors. Watching for file changes.
[2J[3J[H8:04:29 AM - File change detected. Starting incremental compilation...


8:04:29 AM - Found 0 errors. Watching for file changes.
[2J[3J[H8:04:31 AM - File change detected. Starting incremental compilation...


8:04:31 AM - Found 0 errors. Watching for file changes.
[2J[3J[H8:04:32 AM - File change detected. Starting incremental compilation...


8:04:32 AM - Found 0 errors. Watching for file changes.
[2J[3J[H8:04:41 AM - File change detected. Starting incremental compilation...


8:04:41 AM - Found 0 errors. Watching for file changes.
[2J[3J[H8:04:42 AM - File change detected. Starting incremental compilation...


8:04:42 AM - Found 0 errors. Watching for file changes.
[2J[3J[H8:06:14 AM - File change detected. Starting incremental compilation...


8:06:14 AM - Found 0 errors. Watching for file changes.
[2J[3J[H8:06:15 AM - File change detected. Starting incremental compilation...


8:06:15 AM - Found 0 errors. Watching for file changes.
[2J[3J[H8:06:17 AM - File change detected. Starting incremental compilation...

src/scripts/settings.ts(255,12): error TS1109: Expression expected.
src/scripts/settings.ts(256,5): error TS1109: Expression expected.

8:06:17 AM - Found 2 errors. Watching for file changes.
[2J[3J[H8:06:23 AM - File change detected. Starting incremental compilation...

src/scripts/settings.ts(255,21): error TS1003: Identifier expected.
src/scripts/settings.ts(256,5): error TS1109: Expression expected.

8:06:23 AM - Found 2 errors. Watching for file changes.
[2J[3J[H8:06:24 AM - File change detected. Starting incremental compilation...

src/scripts/settings.ts(256,5): error TS1109: Expression expected.

8:06:24 AM - Found 1 error. Watching for file changes.
[2J[3J[H8:06:28 AM - File change detected. Starting incremental compilation...

src/scripts/settings.ts(255,33): error TS1109: Expression expected.
src/scripts/settings.ts(256,5): error TS1109: Expression expected.

8:06:28 AM - Found 2 errors. Watching for file changes.
[2J[3J[H8:06:31 AM - File change detected. Starting incremental compilation...

src/scripts/settings.ts(256,5): error TS1109: Expression expected.

8:06:31 AM - Found 1 error. Watching for file changes.
[2J[3J[H8:06:33 AM - File change detected. Starting incremental compilation...


8:06:33 AM - Found 0 errors. Watching for file changes.
[2J[3J[H8:06:35 AM - File change detected. Starting incremental compilation...

src/scripts/settings.ts(257,13): error TS2304: Cannot find name 'con'.

8:06:35 AM - Found 1 error. Watching for file changes.
[2J[3J[H8:06:41 AM - File change detected. Starting incremental compilation...


8:06:41 AM - Found 0 errors. Watching for file changes.
[2J[3J[H8:06:42 AM - File change detected. Starting incremental compilation...


8:06:42 AM - Found 0 errors. Watching for file changes.
[2J[3J[H8:07:10 AM - File change detected. Starting incremental compilation...


8:07:10 AM - Found 0 errors. Watching for file changes.
[2J[3J[H8:07:18 AM - File change detected. Starting incremental compilation...

src/scripts/settings.ts(257,34): error TS2339: Property 'v' does not exist on type 'HTMLInputElement'.

8:07:18 AM - Found 1 error. Watching for file changes.
[2J[3J[H8:07:20 AM - File change detected. Starting incremental compilation...


8:07:20 AM - Found 0 errors. Watching for file changes.
[2J[3J[H8:08:07 AM - File change detected. Starting incremental compilation...

src/scripts/settings.ts(255,34): error TS1109: Expression expected.

8:08:08 AM - Found 1 error. Watching for file changes.
[2J[3J[H8:08:09 AM - File change detected. Starting incremental compilation...


8:08:09 AM - Found 0 errors. Watching for file changes.
[2J[3J[H8:08:38 AM - File change detected. Starting incremental compilation...


8:08:39 AM - Found 0 errors. Watching for file changes.
[2J[3J[H8:08:45 AM - File change detected. Starting incremental compilation...

src/scripts/settings.ts(255,18): error TS2554: Expected 2-3 arguments, but got 0.

8:08:45 AM - Found 1 error. Watching for file changes.
[2J[3J[H8:08:51 AM - File change detected. Starting incremental compilation...

src/scripts/settings.ts(255,18): error TS2554: Expected 2-3 arguments, but got 1.

8:08:51 AM - Found 1 error. Watching for file changes.
[2J[3J[H8:08:53 AM - File change detected. Starting incremental compilation...

src/scripts/settings.ts(255,45): error TS1109: Expression expected.

8:08:53 AM - Found 1 error. Watching for file changes.
[2J[3J[H8:08:56 AM - File change detected. Starting incremental compilation...


8:08:56 AM - Found 0 errors. Watching for file changes.
[2J[3J[H8:08:58 AM - File change detected. Starting incremental compilation...


8:08:58 AM - Found 0 errors. Watching for file changes.
[2J[3J[H8:08:59 AM - File change detected. Starting incremental compilation...


8:08:59 AM - Found 0 errors. Watching for file changes.
[2J[3J[H8:09:02 AM - File change detected. Starting incremental compilation...


8:09:02 AM - Found 0 errors. Watching for file changes.
[2J[3J[H8:09:03 AM - File change detected. Starting incremental compilation...


8:09:03 AM - Found 0 errors. Watching for file changes.
[2J[3J[H8:10:05 AM - File change detected. Starting incremental compilation...

src/scripts/settings.ts(256,17): error TS1005: ',' expected.
src/scripts/settings.ts(256,34): error TS1005: ',' expected.

8:10:05 AM - Found 2 errors. Watching for file changes.
[2J[3J[H8:10:06 AM - File change detected. Starting incremental compilation...

src/scripts/settings.ts(254,15): error TS1155: 'const' declarations must be initialized.
src/scripts/settings.ts(254,15): error TS7005: Variable 'btn' implicitly has an 'any' type.

8:10:07 AM - Found 2 errors. Watching for file changes.
[2J[3J[H8:10:11 AM - File change detected. Starting incremental compilation...

src/scripts/settings.ts(254,25): error TS1109: Expression expected.
src/scripts/settings.ts(259,5): error TS1005: 'while' expected.

8:10:11 AM - Found 2 errors. Watching for file changes.
[2J[3J[H8:10:14 AM - File change detected. Starting incremental compilation...


8:10:14 AM - Found 0 errors. Watching for file changes.
[2J[3J[H8:10:15 AM - File change detected. Starting incremental compilation...

src/scripts/settings.ts(254,34): error TS2554: Expected 1 arguments, but got 0.

8:10:15 AM - Found 1 error. Watching for file changes.
[2J[3J[H8:10:25 AM - File change detected. Starting incremental compilation...


8:10:25 AM - Found 0 errors. Watching for file changes.
[2J[3J[H8:10:36 AM - File change detected. Starting incremental compilation...


8:10:37 AM - Found 0 errors. Watching for file changes.
[2J[3J[H8:10:39 AM - File change detected. Starting incremental compilation...


8:10:39 AM - Found 0 errors. Watching for file changes.
[2J[3J[H8:10:43 AM - File change detected. Starting incremental compilation...

src/scripts/settings.ts(256,34): error TS1005: ',' expected.

8:10:43 AM - Found 1 error. Watching for file changes.
[2J[3J[H8:10:46 AM - File change detected. Starting incremental compilation...

src/scripts/settings.ts(254,68): error TS2304: Cannot find name 'HTMLB'.

8:10:46 AM - Found 1 error. Watching for file changes.
[2J[3J[H8:10:49 AM - File change detected. Starting incremental compilation...


8:10:49 AM - Found 0 errors. Watching for file changes.
[2J[3J[H8:10:58 AM - File change detected. Starting incremental compilation...


8:10:58 AM - Found 0 errors. Watching for file changes.
[2J[3J[H8:11:10 AM - File change detected. Starting incremental compilation...


8:11:10 AM - Found 0 errors. Watching for file changes.
[2J[3J[H8:11:11 AM - File change detected. Starting incremental compilation...


8:11:11 AM - Found 0 errors. Watching for file changes.
[2J[3J[H8:11:12 AM - File change detected. Starting incremental compilation...


8:11:13 AM - Found 0 errors. Watching for file changes.
[2J[3J[H8:11:14 AM - File change detected. Starting incremental compilation...


8:11:14 AM - Found 0 errors. Watching for file changes.
[2J[3J[H8:11:46 AM - File change detected. Starting incremental compilation...

src/scripts/settings.ts(257,16): error TS1109: Expression expected.

8:11:46 AM - Found 1 error. Watching for file changes.
[2J[3J[H8:11:51 AM - File change detected. Starting incremental compilation...


8:11:51 AM - Found 0 errors. Watching for file changes.
[2J[3J[H8:11:58 AM - File change detected. Starting incremental compilation...

src/scripts/settings.ts(257,24): error TS2339: Property 'cl' does not exist on type 'HTMLButtonElement'.

8:11:58 AM - Found 1 error. Watching for file changes.
[2J[3J[H8:11:59 AM - File change detected. Starting incremental compilation...

src/scripts/settings.ts(257,16): error TS2774: This condition will always return true since this function is always defined. Did you mean to call it instead?

8:11:59 AM - Found 1 error. Watching for file changes.
[2J[3J[H8:12:01 AM - File change detected. Starting incremental compilation...

src/scripts/settings.ts(257,16): error TS2774: This condition will always return true since this function is always defined. Did you mean to call it instead?

8:12:01 AM - Found 1 error. Watching for file changes.
[2J[3J[H8:12:05 AM - File change detected. Starting incremental compilation...

src/scripts/settings.ts(257,16): error TS1345: An expression of type 'void' cannot be tested for truthiness.

8:12:05 AM - Found 1 error. Watching for file changes.
[2J[3J[H8:13:16 AM - File change detected. Starting incremental compilation...

src/scripts/settings.ts(257,16): error TS1345: An expression of type 'void' cannot be tested for truthiness.

8:13:16 AM - Found 1 error. Watching for file changes.
[2J[3J[H8:13:29 AM - File change detected. Starting incremental compilation...

src/scripts/settings.ts(257,16): error TS2774: This condition will always return true since this function is always defined. Did you mean to call it instead?

8:13:29 AM - Found 1 error. Watching for file changes.
[2J[3J[H8:13:37 AM - File change detected. Starting incremental compilation...


8:13:37 AM - Found 0 errors. Watching for file changes.
[2J[3J[H8:13:39 AM - File change detected. Starting incremental compilation...


8:13:39 AM - Found 0 errors. Watching for file changes.
[2J[3J[H8:13:41 AM - File change detected. Starting incremental compilation...


8:13:41 AM - Found 0 errors. Watching for file changes.
[2J[3J[H8:14:07 AM - File change detected. Starting incremental compilation...

src/scripts/settings.ts(256,20): error TS1005: ',' expected.

8:14:07 AM - Found 1 error. Watching for file changes.
[2J[3J[H8:14:11 AM - File change detected. Starting incremental compilation...


8:14:11 AM - Found 0 errors. Watching for file changes.
[2J[3J[H8:14:25 AM - File change detected. Starting incremental compilation...


8:14:25 AM - Found 0 errors. Watching for file changes.
[2J[3J[H8:14:27 AM - File change detected. Starting incremental compilation...


8:14:27 AM - Found 0 errors. Watching for file changes.
[2J[3J[H8:14:31 AM - File change detected. Starting incremental compilation...


8:14:31 AM - Found 0 errors. Watching for file changes.
[2J[3J[H8:14:35 AM - File change detected. Starting incremental compilation...

src/scripts/settings.ts(261,9): error TS1005: ',' expected.

8:14:35 AM - Found 1 error. Watching for file changes.
[2J[3J[H8:14:39 AM - File change detected. Starting incremental compilation...


8:14:39 AM - Found 0 errors. Watching for file changes.
[2J[3J[H8:14:41 AM - File change detected. Starting incremental compilation...

src/scripts/settings.ts(260,14): error TS1128: Declaration or statement expected.
src/scripts/settings.ts(260,16): error TS1005: ',' expected.
src/scripts/settings.ts(261,9): error TS1005: ',' expected.
src/scripts/settings.ts(261,10): error TS1128: Declaration or statement expected.
src/scripts/settings.ts(430,1): error TS1128: Declaration or statement expected.

8:14:41 AM - Found 5 errors. Watching for file changes.
[2J[3J[H8:14:44 AM - File change detected. Starting incremental compilation...


8:14:45 AM - Found 0 errors. Watching for file changes.
[2J[3J[H8:14:47 AM - File change detected. Starting incremental compilation...


8:14:47 AM - Found 0 errors. Watching for file changes.
[2J[3J[H8:14:50 AM - File change detected. Starting incremental compilation...

src/scripts/settings.ts(262,9): error TS2304: Cannot find name 'co'.

8:14:50 AM - Found 1 error. Watching for file changes.
[2J[3J[H8:14:54 AM - File change detected. Starting incremental compilation...


8:14:54 AM - Found 0 errors. Watching for file changes.
[2J[3J[H8:14:56 AM - File change detected. Starting incremental compilation...


8:14:56 AM - Found 0 errors. Watching for file changes.
[2J[3J[H8:14:58 AM - File change detected. Starting incremental compilation...


8:14:58 AM - Found 0 errors. Watching for file changes.
[2J[3J[H8:15:18 AM - File change detected. Starting incremental compilation...


8:15:18 AM - Found 0 errors. Watching for file changes.
[2J[3J[H8:15:19 AM - File change detected. Starting incremental compilation...


8:15:19 AM - Found 0 errors. Watching for file changes.
[2J[3J[H8:15:20 AM - File change detected. Starting incremental compilation...

src/scripts/settings.ts(263,9): error TS2339: Property 'console' does not exist on type 'HTMLButtonElement'.

8:15:20 AM - Found 1 error. Watching for file changes.
[2J[3J[H8:15:24 AM - File change detected. Starting incremental compilation...

src/scripts/settings.ts(262,17): error TS2339: Property 'a' does not exist on type 'HTMLButtonElement'.

8:15:24 AM - Found 1 error. Watching for file changes.
[2J[3J[H8:15:28 AM - File change detected. Starting incremental compilation...

src/scripts/settings.ts(262,17): error TS2554: Expected 2-3 arguments, but got 1.

8:15:28 AM - Found 1 error. Watching for file changes.
[2J[3J[H8:15:29 AM - File change detected. Starting incremental compilation...

src/scripts/settings.ts(262,17): error TS2554: Expected 2-3 arguments, but got 1.

8:15:29 AM - Found 1 error. Watching for file changes.
[2J[3J[H8:15:54 AM - File change detected. Starting incremental compilation...

src/scripts/settings.ts(262,44): error TS1109: Expression expected.

8:15:54 AM - Found 1 error. Watching for file changes.
[2J[3J[H8:15:57 AM - File change detected. Starting incremental compilation...


8:15:57 AM - Found 0 errors. Watching for file changes.
[2J[3J[H8:15:59 AM - File change detected. Starting incremental compilation...


8:15:59 AM - Found 0 errors. Watching for file changes.
[2J[3J[H8:16:00 AM - File change detected. Starting incremental compilation...


8:16:00 AM - Found 0 errors. Watching for file changes.
[2J[3J[H8:16:04 AM - File change detected. Starting incremental compilation...


8:16:04 AM - Found 0 errors. Watching for file changes.
[2J[3J[H8:16:06 AM - File change detected. Starting incremental compilation...


8:16:06 AM - Found 0 errors. Watching for file changes.
[2J[3J[H8:16:10 AM - File change detected. Starting incremental compilation...


8:16:10 AM - Found 0 errors. Watching for file changes.
[2J[3J[H8:16:12 AM - File change detected. Starting incremental compilation...


8:16:12 AM - Found 0 errors. Watching for file changes.
[2J[3J[H8:16:15 AM - File change detected. Starting incremental compilation...


8:16:15 AM - Found 0 errors. Watching for file changes.
[2J[3J[H8:16:17 AM - File change detected. Starting incremental compilation...


8:16:17 AM - Found 0 errors. Watching for file changes.
[2J[3J[H8:17:07 AM - File change detected. Starting incremental compilation...

src/scripts/settings.ts(262,12): error TS1109: Expression expected.

8:17:07 AM - Found 1 error. Watching for file changes.
[2J[3J[H8:17:09 AM - File change detected. Starting incremental compilation...

src/scripts/settings.ts(262,12): error TS1109: Expression expected.

8:17:09 AM - Found 1 error. Watching for file changes.
[2J[3J[H8:17:14 AM - File change detected. Starting incremental compilation...

src/scripts/settings.ts(262,12): error TS1109: Expression expected.

8:17:14 AM - Found 1 error. Watching for file changes.
[2J[3J[H8:17:17 AM - File change detected. Starting incremental compilation...

src/scripts/settings.ts(262,12): error TS1109: Expression expected.

8:17:17 AM - Found 1 error. Watching for file changes.
[2J[3J[H8:17:24 AM - File change detected. Starting incremental compilation...


8:17:24 AM - Found 0 errors. Watching for file changes.
[2J[3J[H8:17:28 AM - File change detected. Starting incremental compilation...

src/scripts/settings.ts(262,24): error TS1109: Expression expected.

8:17:28 AM - Found 1 error. Watching for file changes.
[2J[3J[H8:17:30 AM - File change detected. Starting incremental compilation...


8:17:30 AM - Found 0 errors. Watching for file changes.
[2J[3J[H8:17:31 AM - File change detected. Starting incremental compilation...

src/scripts/settings.ts(262,21): error TS1003: Identifier expected.

8:17:32 AM - Found 1 error. Watching for file changes.
[2J[3J[H8:17:33 AM - File change detected. Starting incremental compilation...

src/scripts/settings.ts(262,21): error TS2339: Property 'di' does not exist on type 'HTMLInputElement'.

8:17:33 AM - Found 1 error. Watching for file changes.
[2J[3J[H8:17:35 AM - File change detected. Starting incremental compilation...


8:17:35 AM - Found 0 errors. Watching for file changes.
[2J[3J[H8:17:39 AM - File change detected. Starting incremental compilation...

src/scripts/settings.ts(262,34): error TS2304: Cannot find name 'f'.

8:17:39 AM - Found 1 error. Watching for file changes.
[2J[3J[H8:17:41 AM - File change detected. Starting incremental compilation...


8:17:41 AM - Found 0 errors. Watching for file changes.
[2J[3J[H8:18:07 AM - File change detected. Starting incremental compilation...

src/scripts/settings.ts(262,34): error TS2304: Cannot find name 't'.

8:18:07 AM - Found 1 error. Watching for file changes.
[2J[3J[H8:18:09 AM - File change detected. Starting incremental compilation...


8:18:09 AM - Found 0 errors. Watching for file changes.
[2J[3J[H10:13:03 AM - Starting compilation in watch mode...

src/scripts/app.ts(154,3): error TS2304: Cannot find name 'hideNav'.

10:13:07 AM - Found 1 error. Watching for file changes.
[2J[3J[H10:22:48 AM - File change detected. Starting incremental compilation...

src/scripts/app.ts(155,3): error TS2304: Cannot find name 'hideNav'.

10:22:49 AM - Found 1 error. Watching for file changes.
[2J[3J[H10:22:50 AM - File change detected. Starting incremental compilation...

src/scripts/app.ts(95,4): error TS2304: Cannot find name 'co'.
src/scripts/app.ts(155,3): error TS2304: Cannot find name 'hideNav'.

10:22:50 AM - Found 2 errors. Watching for file changes.
[2J[3J[H10:22:51 AM - File change detected. Starting incremental compilation...

src/scripts/app.ts(95,4): error TS2304: Cannot find name 'con'.
src/scripts/app.ts(155,3): error TS2304: Cannot find name 'hideNav'.

10:22:51 AM - Found 2 errors. Watching for file changes.
[2J[3J[H10:22:57 AM - File change detected. Starting incremental compilation...

src/scripts/app.ts(155,3): error TS2304: Cannot find name 'hideNav'.

10:22:57 AM - Found 1 error. Watching for file changes.
[2J[3J[H10:24:22 AM - Starting compilation in watch mode...

src/scripts/app.ts(155,3): error TS2304: Cannot find name 'hideNav'.

10:24:24 AM - Found 1 error. Watching for file changes.
[2J[3J[H10:25:15 AM - File change detected. Starting incremental compilation...

src/scripts/app.ts(155,3): error TS2304: Cannot find name 'hideNav'.

10:25:16 AM - Found 1 error. Watching for file changes.
[2J[3J[H10:25:20 AM - File change detected. Starting incremental compilation...

src/scripts/app.ts(155,3): error TS2304: Cannot find name 'hideNav'.

10:25:20 AM - Found 1 error. Watching for file changes.
[2J[3J[H10:25:24 AM - File change detected. Starting incremental compilation...

src/scripts/app.ts(95,27): error TS1135: Argument expression expected.

10:25:24 AM - Found 1 error. Watching for file changes.
[2J[3J[H10:25:26 AM - File change detected. Starting incremental compilation...

src/scripts/app.ts(155,3): error TS2304: Cannot find name 'hideNav'.

10:25:26 AM - Found 1 error. Watching for file changes.
[2J[3J[H10:25:29 AM - File change detected. Starting incremental compilation...

src/scripts/app.ts(155,3): error TS2304: Cannot find name 'hideNav'.

10:25:29 AM - Found 1 error. Watching for file changes.
[2J[3J[H10:26:27 AM - File change detected. Starting incremental compilation...

src/scripts/app.ts(155,3): error TS2304: Cannot find name 'hideNav'.

10:26:27 AM - Found 1 error. Watching for file changes.
[2J[3J[H10:27:18 AM - File change detected. Starting incremental compilation...

src/scripts/app.ts(144,3): error TS2304: Cannot find name 'hideNav'.

10:27:18 AM - Found 1 error. Watching for file changes.
[2J[3J[H10:27:20 AM - File change detected. Starting incremental compilation...

src/scripts/app.ts(154,3): error TS2304: Cannot find name 'hideNav'.

10:27:20 AM - Found 1 error. Watching for file changes.
[2J[3J[H10:27:27 AM - File change detected. Starting incremental compilation...

src/scripts/app.ts(154,3): error TS2304: Cannot find name 'hideNav'.

10:27:27 AM - Found 1 error. Watching for file changes.
[2J[3J[H10:28:10 AM - Starting compilation in watch mode...

src/scripts/app.ts(154,3): error TS2304: Cannot find name 'hideNav'.

10:28:12 AM - Found 1 error. Watching for file changes.
[2J[3J[H10:29:54 AM - File change detected. Starting incremental compilation...

src/scripts/app.ts(155,3): error TS2304: Cannot find name 'hideNav'.

10:29:54 AM - Found 1 error. Watching for file changes.
[2J[3J[H10:30:00 AM - File change detected. Starting incremental compilation...

src/scripts/app.ts(155,3): error TS2304: Cannot find name 'hideNav'.

10:30:00 AM - Found 1 error. Watching for file changes.
[2J[3J[H10:30:34 AM - File change detected. Starting incremental compilation...


10:30:34 AM - Found 0 errors. Watching for file changes.
[2J[3J[H10:33:32 AM - File change detected. Starting incremental compilation...


10:33:32 AM - Found 0 errors. Watching for file changes.
[2J[3J[H10:35:04 AM - File change detected. Starting incremental compilation...


10:35:05 AM - Found 0 errors. Watching for file changes.
[2J[3J[H10:37:12 AM - File change detected. Starting incremental compilation...


10:37:12 AM - Found 0 errors. Watching for file changes.
[2J[3J[H10:37:13 AM - File change detected. Starting incremental compilation...


10:37:13 AM - Found 0 errors. Watching for file changes.
[2J[3J[H10:37:22 AM - Starting compilation in watch mode...


10:37:24 AM - Found 0 errors. Watching for file changes.
[2J[3J[H10:42:46 AM - File change detected. Starting incremental compilation...

src/scripts/home2.ts(596,29): error TS2304: Cannot find name 'extractedPart'.

10:42:46 AM - Found 1 error. Watching for file changes.
[2J[3J[H10:42:51 AM - File change detected. Starting incremental compilation...


10:42:51 AM - Found 0 errors. Watching for file changes.
[2J[3J[H10:44:03 AM - File change detected. Starting incremental compilation...


10:44:03 AM - Found 0 errors. Watching for file changes.
[2J[3J[H10:44:12 AM - File change detected. Starting incremental compilation...

src/scripts/home2.ts(570,38): error TS2304: Cannot find name 'getFirstPathSegment'.

10:44:12 AM - Found 1 error. Watching for file changes.
[2J[3J[H10:44:14 AM - File change detected. Starting incremental compilation...

src/scripts/home2.ts(571,29): error TS2304: Cannot find name 'firstSegment'.
src/scripts/home2.ts(572,29): error TS2304: Cannot find name 'firstSegment'.

10:44:14 AM - Found 2 errors. Watching for file changes.
[2J[3J[H10:44:21 AM - File change detected. Starting incremental compilation...


10:44:21 AM - Found 0 errors. Watching for file changes.
[2J[3J[H10:44:25 AM - File change detected. Starting incremental compilation...

src/scripts/home2.ts(569,38): error TS1003: Identifier expected.

10:44:25 AM - Found 1 error. Watching for file changes.
[2J[3J[H10:44:27 AM - File change detected. Starting incremental compilation...


10:44:27 AM - Found 0 errors. Watching for file changes.
[2J[3J[H10:44:30 AM - File change detected. Starting incremental compilation...

src/scripts/home2.ts(569,29): error TS2304: Cannot find name 'wi'.

10:44:31 AM - Found 1 error. Watching for file changes.
[2J[3J[H10:44:32 AM - File change detected. Starting incremental compilation...

src/scripts/home2.ts(569,36): error TS2339: Property 'href' does not exist on type 'Window & typeof globalThis'.

10:44:32 AM - Found 1 error. Watching for file changes.
[2J[3J[H10:44:37 AM - File change detected. Starting incremental compilation...

src/scripts/home2.ts(569,45): error TS1003: Identifier expected.

10:44:37 AM - Found 1 error. Watching for file changes.
[2J[3J[H10:44:39 AM - File change detected. Starting incremental compilation...


10:44:40 AM - Found 0 errors. Watching for file changes.
[2J[3J[H10:45:25 AM - File change detected. Starting incremental compilation...


10:45:25 AM - Found 0 errors. Watching for file changes.
[2J[3J[H10:45:26 AM - File change detected. Starting incremental compilation...


10:45:26 AM - Found 0 errors. Watching for file changes.
[2J[3J[H10:45:28 AM - File change detected. Starting incremental compilation...


10:45:28 AM - Found 0 errors. Watching for file changes.
[2J[3J[H10:45:32 AM - File change detected. Starting incremental compilation...

src/scripts/home2.ts(570,33): error TS1002: Unterminated string literal.
src/scripts/home2.ts(571,21): error TS1005: ',' expected.
src/scripts/home2.ts(571,27): error TS1005: ',' expected.
src/scripts/home2.ts(572,28): error TS1005: ',' expected.
src/scripts/home2.ts(575,25): error TS1005: ',' expected.
src/scripts/home2.ts(576,33): error TS1005: ',' expected.
src/scripts/home2.ts(577,17): error TS1005: ',' expected.
src/scripts/home2.ts(577,18): error TS1128: Declaration or statement expected.
src/scripts/home2.ts(599,10): error TS1005: ',' expected.
src/scripts/home2.ts(617,5): error TS1128: Declaration or statement expected.
src/scripts/home2.ts(745,1): error TS1128: Declaration or statement expected.

10:45:32 AM - Found 11 errors. Watching for file changes.
[2J[3J[H10:45:35 AM - File change detected. Starting incremental compilation...

src/scripts/home2.ts(570,34): error TS1002: Unterminated string literal.
src/scripts/home2.ts(571,21): error TS1005: ',' expected.
src/scripts/home2.ts(571,27): error TS1005: ',' expected.
src/scripts/home2.ts(572,28): error TS1005: ',' expected.
src/scripts/home2.ts(575,25): error TS1005: ',' expected.
src/scripts/home2.ts(576,33): error TS1005: ',' expected.
src/scripts/home2.ts(577,17): error TS1005: ',' expected.
src/scripts/home2.ts(577,18): error TS1128: Declaration or statement expected.
src/scripts/home2.ts(599,10): error TS1005: ',' expected.
src/scripts/home2.ts(617,5): error TS1128: Declaration or statement expected.
src/scripts/home2.ts(745,1): error TS1128: Declaration or statement expected.

10:45:35 AM - Found 11 errors. Watching for file changes.
[2J[3J[H10:45:37 AM - File change detected. Starting incremental compilation...


10:45:37 AM - Found 0 errors. Watching for file changes.
[2J[3J[H10:45:40 AM - File change detected. Starting incremental compilation...


10:45:40 AM - Found 0 errors. Watching for file changes.
[2J[3J[H10:45:42 AM - File change detected. Starting incremental compilation...


10:45:42 AM - Found 0 errors. Watching for file changes.
[2J[3J[H10:45:46 AM - File change detected. Starting incremental compilation...


10:45:46 AM - Found 0 errors. Watching for file changes.
[2J[3J[H10:45:47 AM - File change detected. Starting incremental compilation...


10:45:47 AM - Found 0 errors. Watching for file changes.
[2J[3J[H10:45:53 AM - File change detected. Starting incremental compilation...


10:45:53 AM - Found 0 errors. Watching for file changes.
[2J[3J[H11:40:03 PM - Starting compilation in watch mode...


11:40:06 PM - Found 0 errors. Watching for file changes.
